t[s](1)           t[s/mm2](2)       r[mm](3)          r/rd[-](4)        T[K](5)           Tfib[K](6)        v[m/s](7)         dummy(8)          NC7H16_w(9)       
0.000000000e+00   0.000000000e+00   0.000000000e+00   0.000000000e+00   3.000000000e+02   3.000000000e+02   0.000000000e+00   0.000000000e+00   1.000000000e+00   
0.000000000e+00   0.000000000e+00   2.298061150e-02   6.565889000e-02   3.000000000e+02   3.000000000e+02   0.000000000e+00   0.000000000e+00   1.000000000e+00   
0.000000000e+00   0.000000000e+00   4.466042000e-02   1.276012000e-01   3.000000000e+02   3.000000000e+02   0.000000000e+00   0.000000000e+00   1.000000000e+00   
0.000000000e+00   0.000000000e+00   6.511309000e-02   1.860374000e-01   3.000000000e+02   3.000000000e+02   0.000000000e+00   0.000000000e+00   1.000000000e+00   
0.000000000e+00   0.000000000e+00   8.440806500e-02   2.411659000e-01   3.000000000e+02   3.000000000e+02   0.000000000e+00   0.000000000e+00   1.000000000e+00   
0.000000000e+00   0.000000000e+00   1.026108650e-01   2.931739000e-01   3.000000000e+02   3.000000000e+02   0.000000000e+00   0.000000000e+00   1.000000000e+00   
0.000000000e+00   0.000000000e+00   1.197833000e-01   3.422380000e-01   3.000000000e+02   3.000000000e+02   0.000000000e+00   0.000000000e+00   1.000000000e+00   
0.000000000e+00   0.000000000e+00   1.359837500e-01   3.885250000e-01   3.000000000e+02   3.000000000e+02   0.000000000e+00   0.000000000e+00   1.000000000e+00   
0.000000000e+00   0.000000000e+00   1.512671650e-01   4.321919000e-01   3.000000000e+02   3.000000000e+02   0.000000000e+00   0.000000000e+00   1.000000000e+00   
0.000000000e+00   0.000000000e+00   1.656854850e-01   4.733871000e-01   3.000000000e+02   3.000000000e+02   0.000000000e+00   0.000000000e+00   1.000000000e+00   
0.000000000e+00   0.000000000e+00   1.792876750e-01   5.122505000e-01   3.000000000e+02   3.000000000e+02   0.000000000e+00   0.000000000e+00   1.000000000e+00   
0.000000000e+00   0.000000000e+00   1.921199350e-01   5.489141000e-01   3.000000000e+02   3.000000000e+02   0.000000000e+00   0.000000000e+00   1.000000000e+00   
0.000000000e+00   0.000000000e+00   2.042258050e-01   5.835023000e-01   3.000000000e+02   3.000000000e+02   0.000000000e+00   0.000000000e+00   1.000000000e+00   
0.000000000e+00   0.000000000e+00   2.156464800e-01   6.161328000e-01   3.000000000e+02   3.000000000e+02   0.000000000e+00   0.000000000e+00   1.000000000e+00   
0.000000000e+00   0.000000000e+00   2.264206700e-01   6.469162000e-01   3.000000000e+02   3.000000000e+02   0.000000000e+00   0.000000000e+00   1.000000000e+00   
0.000000000e+00   0.000000000e+00   2.365850200e-01   6.759572000e-01   3.000000000e+02   3.000000000e+02   0.000000000e+00   0.000000000e+00   1.000000000e+00   
0.000000000e+00   0.000000000e+00   2.461740400e-01   7.033544000e-01   3.000000000e+02   3.000000000e+02   0.000000000e+00   0.000000000e+00   1.000000000e+00   
0.000000000e+00   0.000000000e+00   2.552202800e-01   7.292008000e-01   3.000000000e+02   3.000000000e+02   0.000000000e+00   0.000000000e+00   1.000000000e+00   
0.000000000e+00   0.000000000e+00   2.637544700e-01   7.535842000e-01   3.000000000e+02   3.000000000e+02   0.000000000e+00   0.000000000e+00   1.000000000e+00   
0.000000000e+00   0.000000000e+00   2.718055550e-01   7.765873000e-01   3.000000000e+02   3.000000000e+02   0.000000000e+00   0.000000000e+00   1.000000000e+00   
0.000000000e+00   0.000000000e+00   2.794009750e-01   7.982885000e-01   3.000000000e+02   3.000000000e+02   0.000000000e+00   0.000000000e+00   1.000000000e+00   
0.000000000e+00   0.000000000e+00   2.865664200e-01   8.187612000e-01   3.000000000e+02   3.000000000e+02   0.000000000e+00   0.000000000e+00   1.000000000e+00   
0.000000000e+00   0.000000000e+00   2.933262850e-01   8.380751000e-01   3.000000000e+02   3.000000000e+02   0.000000000e+00   0.000000000e+00   1.000000000e+00   
0.000000000e+00   0.000000000e+00   2.997035300e-01   8.562958000e-01   3.000000000e+02   3.000000000e+02   0.000000000e+00   0.000000000e+00   1.000000000e+00   
0.000000000e+00   0.000000000e+00   3.057197850e-01   8.734851000e-01   3.000000000e+02   3.000000000e+02   0.000000000e+00   0.000000000e+00   1.000000000e+00   
0.000000000e+00   0.000000000e+00   3.113955250e-01   8.897015000e-01   3.000000000e+02   3.000000000e+02   0.000000000e+00   0.000000000e+00   1.000000000e+00   
0.000000000e+00   0.000000000e+00   3.167499650e-01   9.049999000e-01   3.000000000e+02   3.000000000e+02   0.000000000e+00   0.000000000e+00   1.000000000e+00   
0.000000000e+00   0.000000000e+00   3.218013400e-01   9.194324000e-01   3.000000000e+02   3.000000000e+02   0.000000000e+00   0.000000000e+00   1.000000000e+00   
0.000000000e+00   0.000000000e+00   3.265667650e-01   9.330479000e-01   3.000000000e+02   3.000000000e+02   0.000000000e+00   0.000000000e+00   1.000000000e+00   
0.000000000e+00   0.000000000e+00   3.310624800e-01   9.458928000e-01   3.000000000e+02   3.000000000e+02   0.000000000e+00   0.000000000e+00   1.000000000e+00   
0.000000000e+00   0.000000000e+00   3.353037100e-01   9.580106000e-01   3.000000000e+02   3.000000000e+02   0.000000000e+00   0.000000000e+00   1.000000000e+00   
0.000000000e+00   0.000000000e+00   3.393048750e-01   9.694425000e-01   3.000000000e+02   3.000000000e+02   0.000000000e+00   0.000000000e+00   1.000000000e+00   
0.000000000e+00   0.000000000e+00   3.430795200e-01   9.802272000e-01   3.000000000e+02   3.000000000e+02   0.000000000e+00   0.000000000e+00   1.000000000e+00   
0.000000000e+00   0.000000000e+00   3.466405600e-01   9.904016000e-01   3.000000000e+02   3.000000000e+02   0.000000000e+00   0.000000000e+00   1.000000000e+00   
0.000000000e+00   0.000000000e+00   3.500000000e-01   1.000000000e+00   2.997000000e+02   2.997000000e+02   0.000000000e+00   0.000000000e+00   1.000000000e+00   

7.023317438e-07   1.433330089e-06   1.000000000e-13   2.857146411e-13   3.000000000e+02   3.000000000e+02   1.900356533e-21   0.000000000e+00   1.000000000e+00   
7.023317438e-07   1.433330089e-06   2.298058291e-02   6.565889000e-02   3.000000000e+02   3.000000000e+02   6.334521776e-22   0.000000000e+00   1.000000000e+00   
7.023317438e-07   1.433330089e-06   4.466036445e-02   1.276012000e-01   3.000000000e+02   3.000000000e+02   3.214068213e-22   0.000000000e+00   1.000000000e+00   
7.023317438e-07   1.433330089e-06   6.511300900e-02   1.860374000e-01   3.000000000e+02   3.000000000e+02   1.973976721e-22   0.000000000e+00   1.000000000e+00   
7.023317438e-07   1.433330089e-06   8.440796000e-02   2.411659000e-01   3.000000000e+02   3.000000000e+02   1.354652393e-22   0.000000000e+00   1.000000000e+00   
7.023317438e-07   1.433330089e-06   1.026107374e-01   2.931739000e-01   3.000000000e+02   3.000000000e+02   9.998963348e-23   0.000000000e+00   1.000000000e+00   
7.023317438e-07   1.433330089e-06   1.197831510e-01   3.422380000e-01   3.000000000e+02   3.000000000e+02   7.770862565e-23   0.000000000e+00   1.000000000e+00   
7.023317438e-07   1.433330089e-06   1.359835808e-01   3.885250000e-01   3.000000000e+02   3.000000000e+02   6.275578162e-23   0.000000000e+00   1.000000000e+00   
7.023317438e-07   1.433330089e-06   1.512669768e-01   4.321919000e-01   3.000000000e+02   3.000000000e+02   5.220634993e-23   0.000000000e+00   1.000000000e+00   
7.023317438e-07   1.433330089e-06   1.656852789e-01   4.733871000e-01   3.000000000e+02   3.000000000e+02   4.446709807e-23   0.000000000e+00   1.000000000e+00   
7.023317438e-07   1.433330089e-06   1.792874520e-01   5.122505000e-01   3.000000000e+02   3.000000000e+02   3.860876210e-23   0.000000000e+00   1.000000000e+00   
7.023317438e-07   1.433330089e-06   1.921196960e-01   5.489141000e-01   3.000000000e+02   3.000000000e+02   3.405896378e-23   0.000000000e+00   1.000000000e+00   
7.023317438e-07   1.433330089e-06   2.042255510e-01   5.835023000e-01   3.000000000e+02   3.000000000e+02   3.044910720e-23   0.000000000e+00   1.000000000e+00   
7.023317438e-07   1.433330089e-06   2.156462117e-01   6.161328000e-01   3.000000000e+02   3.000000000e+02   2.753282122e-23   0.000000000e+00   1.000000000e+00   
7.023317438e-07   1.433330089e-06   2.264203883e-01   6.469162000e-01   3.000000000e+02   3.000000000e+02   2.514023354e-23   0.000000000e+00   1.000000000e+00   
7.023317438e-07   1.433330089e-06   2.365847257e-01   6.759572000e-01   3.000000000e+02   3.000000000e+02   2.315097323e-23   0.000000000e+00   1.000000000e+00   
7.023317438e-07   1.433330089e-06   2.461737338e-01   7.033544000e-01   3.000000000e+02   3.000000000e+02   2.147776121e-23   0.000000000e+00   1.000000000e+00   
7.023317438e-07   1.433330089e-06   2.552199625e-01   7.292008000e-01   3.000000000e+02   3.000000000e+02   2.005599822e-23   0.000000000e+00   1.000000000e+00   
7.023317438e-07   1.433330089e-06   2.637541419e-01   7.535842000e-01   3.000000000e+02   3.000000000e+02   1.883699700e-23   0.000000000e+00   1.000000000e+00   
7.023317438e-07   1.433330089e-06   2.718052169e-01   7.765873000e-01   3.000000000e+02   3.000000000e+02   1.778347706e-23   0.000000000e+00   1.000000000e+00   
7.023317438e-07   1.433330089e-06   2.794006274e-01   7.982885000e-01   3.000000000e+02   3.000000000e+02   1.686645920e-23   0.000000000e+00   1.000000000e+00   
7.023317438e-07   1.433330089e-06   2.865660635e-01   8.187612000e-01   3.000000000e+02   3.000000000e+02   1.606315733e-23   0.000000000e+00   1.000000000e+00   
7.023317438e-07   1.433330089e-06   2.933259201e-01   8.380751000e-01   3.000000000e+02   3.000000000e+02   1.535540967e-23   0.000000000e+00   1.000000000e+00   
7.023317438e-07   1.433330089e-06   2.997031572e-01   8.562958000e-01   3.000000000e+02   3.000000000e+02   1.472860413e-23   0.000000000e+00   1.000000000e+00   
7.023317438e-07   1.433330089e-06   3.057194047e-01   8.734851000e-01   3.000000000e+02   3.000000000e+02   1.417086755e-23   0.000000000e+00   1.000000000e+00   
7.023317438e-07   1.433330089e-06   3.113951376e-01   8.897015000e-01   3.000000000e+02   3.000000000e+02   1.367245510e-23   0.000000000e+00   1.000000000e+00   
7.023317438e-07   1.433330089e-06   3.167495710e-01   9.049999000e-01   3.000000000e+02   3.000000000e+02   1.326906496e-23   0.000000000e+00   1.000000000e+00   
7.023317438e-07   1.433330089e-06   3.218009397e-01   9.194324000e-01   3.000000000e+02   3.000000000e+02   2.958688366e-22   0.000000000e+00   1.000000000e+00   
7.023317438e-07   1.433330089e-06   3.265663588e-01   9.330479000e-01   3.000000000e+02   3.000000000e+02   7.727083331e-18   0.000000000e+00   1.000000000e+00   
7.023317438e-07   1.433330089e-06   3.310620682e-01   9.458928000e-01   3.000000000e+02   3.000000000e+02   1.608050311e-14   0.000000000e+00   1.000000000e+00   
7.023317438e-07   1.433330089e-06   3.353032929e-01   9.580106000e-01   3.000000000e+02   3.000000000e+02   1.883845996e-11   0.000000000e+00   1.000000000e+00   
7.023317438e-07   1.433330089e-06   3.393044529e-01   9.694425000e-01   3.000000009e+02   3.000000000e+02   1.467513336e-08   0.000000000e+00   1.000000000e+00   
7.023317438e-07   1.433330089e-06   3.430790932e-01   9.802272000e-01   3.000006513e+02   3.000000000e+02   6.649203685e-06   0.000000000e+00   1.000000000e+00   
7.023317438e-07   1.433330089e-06   3.466401288e-01   9.904016000e-01   3.002785672e+02   3.000000000e+02   1.250125986e-03   0.000000000e+00   1.000000000e+00   
7.023317438e-07   1.433330089e-06   3.499995646e-01   1.000000000e+00   3.528997226e+02   7.490000000e+02   1.324642193e-03   0.000000000e+00   1.000000000e+00   

1.161638568e-05   2.370690954e-05   1.000000000e-13   2.858081960e-13   3.000000000e+02   3.000000000e+02   -2.153344749e-19  0.000000000e+00   1.000000000e+00   
1.161638568e-05   2.370690954e-05   2.297306057e-02   6.565889000e-02   3.000000000e+02   3.000000000e+02   -7.177815829e-20  0.000000000e+00   1.000000000e+00   
1.161638568e-05   2.370690954e-05   4.464574556e-02   1.276012000e-01   3.000000000e+02   3.000000000e+02   -3.641946545e-20  0.000000000e+00   1.000000000e+00   
1.161638568e-05   2.370690954e-05   6.509169526e-02   1.860374000e-01   3.000000000e+02   3.000000000e+02   -2.236765751e-20  0.000000000e+00   1.000000000e+00   
1.161638568e-05   2.370690954e-05   8.438033036e-02   2.411659000e-01   3.000000000e+02   3.000000000e+02   -1.534992812e-20  0.000000000e+00   1.000000000e+00   
1.161638568e-05   2.370690954e-05   1.025771493e-01   2.931739000e-01   3.000000000e+02   3.000000000e+02   -1.133009246e-20  0.000000000e+00   1.000000000e+00   
1.161638568e-05   2.370690954e-05   1.197439418e-01   3.422380000e-01   3.000000000e+02   3.000000000e+02   -8.805371944e-21  0.000000000e+00   1.000000000e+00   
1.161638568e-05   2.370690954e-05   1.359390687e-01   3.885250000e-01   3.000000000e+02   3.000000000e+02   -7.111025245e-21  0.000000000e+00   1.000000000e+00   
1.161638568e-05   2.370690954e-05   1.512174619e-01   4.321919000e-01   3.000000000e+02   3.000000000e+02   -5.915640962e-21  0.000000000e+00   1.000000000e+00   
1.161638568e-05   2.370690954e-05   1.656310444e-01   4.733871000e-01   3.000000000e+02   3.000000000e+02   -5.038685661e-21  0.000000000e+00   1.000000000e+00   
1.161638568e-05   2.370690954e-05   1.792287650e-01   5.122505000e-01   3.000000000e+02   3.000000000e+02   -4.374861963e-21  0.000000000e+00   1.000000000e+00   
1.161638568e-05   2.370690954e-05   1.920568086e-01   5.489141000e-01   3.000000000e+02   3.000000000e+02   -3.859312163e-21  0.000000000e+00   1.000000000e+00   
1.161638568e-05   2.370690954e-05   2.041587009e-01   5.835023000e-01   3.000000000e+02   3.000000000e+02   -3.450269671e-21  0.000000000e+00   1.000000000e+00   
1.161638568e-05   2.370690954e-05   2.155756233e-01   6.161328000e-01   3.000000000e+02   3.000000000e+02   -3.119817517e-21  0.000000000e+00   1.000000000e+00   
1.161638568e-05   2.370690954e-05   2.263462731e-01   6.469162000e-01   3.000000000e+02   3.000000000e+02   -2.848707016e-21  0.000000000e+00   1.000000000e+00   
1.161638568e-05   2.370690954e-05   2.365072833e-01   6.759572000e-01   3.000000000e+02   3.000000000e+02   -2.623298617e-21  0.000000000e+00   1.000000000e+00   
1.161638568e-05   2.370690954e-05   2.460931526e-01   7.033544000e-01   3.000000000e+02   3.000000000e+02   -2.433702493e-21  0.000000000e+00   1.000000000e+00   
1.161638568e-05   2.370690954e-05   2.551364202e-01   7.292008000e-01   3.000000000e+02   3.000000000e+02   -2.272598731e-21  0.000000000e+00   1.000000000e+00   
1.161638568e-05   2.370690954e-05   2.636678061e-01   7.535842000e-01   3.000000000e+02   3.000000000e+02   -2.134470446e-21  0.000000000e+00   1.000000000e+00   
1.161638568e-05   2.370690954e-05   2.717162456e-01   7.765873000e-01   3.000000000e+02   3.000000000e+02   -2.015093288e-21  0.000000000e+00   1.000000000e+00   
1.161638568e-05   2.370690954e-05   2.793091700e-01   7.982885000e-01   3.000000000e+02   3.000000000e+02   -1.911183545e-21  0.000000000e+00   1.000000000e+00   
1.161638568e-05   2.370690954e-05   2.864722605e-01   8.187612000e-01   3.000000000e+02   3.000000000e+02   -1.820159289e-21  0.000000000e+00   1.000000000e+00   
1.161638568e-05   2.370690954e-05   2.932299044e-01   8.380751000e-01   3.000000000e+02   3.000000000e+02   -1.739975212e-21  0.000000000e+00   1.000000000e+00   
1.161638568e-05   2.370690954e-05   2.996050540e-01   8.562958000e-01   3.000000000e+02   3.000000000e+02   -1.673418504e-21  0.000000000e+00   1.000000000e+00   
1.161638568e-05   2.370690954e-05   3.056193322e-01   8.734851000e-01   3.000000000e+02   3.000000000e+02   -2.024863722e-21  0.000000000e+00   1.000000000e+00   
1.161638568e-05   2.370690954e-05   3.112932072e-01   8.897015000e-01   3.000000000e+02   3.000000000e+02   8.987335993e-19   0.000000000e+00   1.000000000e+00   
1.161638568e-05   2.370690954e-05   3.166458879e-01   9.049999000e-01   3.000000000e+02   3.000000000e+02   3.967547250e-16   0.000000000e+00   1.000000000e+00   
1.161638568e-05   2.370690954e-05   3.216956031e-01   9.194324000e-01   3.000000000e+02   3.000000000e+02   6.377235347e-14   0.000000000e+00   1.000000000e+00   
1.161638568e-05   2.370690954e-05   3.264594623e-01   9.330479000e-01   3.000000000e+02   3.000000000e+02   7.978058404e-12   0.000000000e+00   1.000000000e+00   
1.161638568e-05   2.370690954e-05   3.309537001e-01   9.458928000e-01   3.000000004e+02   3.000000000e+02   7.497443532e-10   0.000000000e+00   1.000000000e+00   
1.161638568e-05   2.370690954e-05   3.351935365e-01   9.580106000e-01   3.000000378e+02   3.000000000e+02   5.038515658e-08   0.000000000e+00   1.000000000e+00   
1.161638568e-05   2.370690954e-05   3.391933868e-01   9.694425000e-01   3.000024064e+02   3.000000000e+02   2.237657999e-06   0.000000000e+00   1.000000000e+00   
1.161638568e-05   2.370690954e-05   3.429667916e-01   9.802272000e-01   3.001015695e+02   3.000000000e+02   5.662114334e-05   0.000000000e+00   1.000000000e+00   
1.161638568e-05   2.370690954e-05   3.465266615e-01   9.904016000e-01   3.024730080e+02   3.000000000e+02   5.535343578e-04   0.000000000e+00   1.000000000e+00   
1.161638568e-05   2.370690954e-05   3.498849977e-01   1.000000000e+00   3.247665310e+02   7.490000000e+02   -2.127239375e-03  0.000000000e+00   1.000000000e+00   

1.306795660e-04   2.666929918e-04   1.000000000e-13   2.858151408e-13   3.000000000e+02   3.000000000e+02   9.979061932e-22   0.000000000e+00   1.000000000e+00   
1.306795660e-04   2.666929918e-04   2.297250237e-02   6.565889000e-02   3.000000000e+02   3.000000000e+02   3.326353977e-22   0.000000000e+00   1.000000000e+00   
1.306795660e-04   2.666929918e-04   4.464466075e-02   1.276012000e-01   3.000000000e+02   3.000000000e+02   1.687756228e-22   0.000000000e+00   1.000000000e+00   
1.306795660e-04   2.666929918e-04   6.509011365e-02   1.860374000e-01   3.000000000e+02   3.000000000e+02   1.036565276e-22   0.000000000e+00   1.000000000e+00   
1.306795660e-04   2.666929918e-04   8.437828006e-02   2.411659000e-01   3.000000000e+02   3.000000000e+02   7.113486281e-23   0.000000000e+00   1.000000000e+00   
1.306795660e-04   2.666929918e-04   1.025746569e-01   2.931739000e-01   3.000000000e+02   3.000000000e+02   5.250608124e-23   0.000000000e+00   1.000000000e+00   
1.306795660e-04   2.666929918e-04   1.197410323e-01   3.422380000e-01   3.000000000e+02   3.000000000e+02   4.080598427e-23   0.000000000e+00   1.000000000e+00   
1.306795660e-04   2.666929918e-04   1.359357656e-01   3.885250000e-01   3.000000000e+02   3.000000000e+02   3.295401786e-23   0.000000000e+00   1.000000000e+00   
1.306795660e-04   2.666929918e-04   1.512137876e-01   4.321919000e-01   3.000000000e+02   3.000000000e+02   2.741435042e-23   0.000000000e+00   1.000000000e+00   
1.306795660e-04   2.666929918e-04   1.656270198e-01   4.733871000e-01   3.000000000e+02   3.000000000e+02   2.335035126e-23   0.000000000e+00   1.000000000e+00   
1.306795660e-04   2.666929918e-04   1.792244100e-01   5.122505000e-01   3.000000000e+02   3.000000000e+02   2.027404971e-23   0.000000000e+00   1.000000000e+00   
1.306795660e-04   2.666929918e-04   1.920521419e-01   5.489141000e-01   3.000000000e+02   3.000000000e+02   1.788488123e-23   0.000000000e+00   1.000000000e+00   
1.306795660e-04   2.666929918e-04   2.041537402e-01   5.835023000e-01   3.000000000e+02   3.000000000e+02   1.598929050e-23   0.000000000e+00   1.000000000e+00   
1.306795660e-04   2.666929918e-04   2.155703852e-01   6.161328000e-01   3.000000000e+02   3.000000000e+02   1.445790429e-23   0.000000000e+00   1.000000000e+00   
1.306795660e-04   2.666929918e-04   2.263407733e-01   6.469162000e-01   3.000000000e+02   3.000000000e+02   1.320152062e-23   0.000000000e+00   1.000000000e+00   
1.306795660e-04   2.666929918e-04   2.365015366e-01   6.759572000e-01   3.000000000e+02   3.000000000e+02   1.215676176e-23   0.000000000e+00   1.000000000e+00   
1.306795660e-04   2.666929918e-04   2.460871730e-01   7.033544000e-01   3.000000000e+02   3.000000000e+02   1.124990580e-23   0.000000000e+00   1.000000000e+00   
1.306795660e-04   2.666929918e-04   2.551302208e-01   7.292008000e-01   3.000000000e+02   3.000000000e+02   8.005988146e-24   0.000000000e+00   1.000000000e+00   
1.306795660e-04   2.666929918e-04   2.636613994e-01   7.535842000e-01   3.000000000e+02   3.000000000e+02   -1.278690167e-22  0.000000000e+00   1.000000000e+00   
1.306795660e-04   2.666929918e-04   2.717096434e-01   7.765873000e-01   3.000000000e+02   3.000000000e+02   1.340120338e-21   0.000000000e+00   1.000000000e+00   
1.306795660e-04   2.666929918e-04   2.793023832e-01   7.982885000e-01   3.000000000e+02   3.000000000e+02   2.662718507e-18   0.000000000e+00   1.000000000e+00   
1.306795660e-04   2.666929918e-04   2.864652998e-01   8.187612000e-01   3.000000000e+02   3.000000000e+02   1.208964393e-16   0.000000000e+00   1.000000000e+00   
1.306795660e-04   2.666929918e-04   2.932227794e-01   8.380751000e-01   3.000000000e+02   3.000000000e+02   4.725384628e-15   0.000000000e+00   1.000000000e+00   
1.306795660e-04   2.666929918e-04   2.995977741e-01   8.562958000e-01   3.000000000e+02   3.000000000e+02   1.529817307e-13   0.000000000e+00   1.000000000e+00   
1.306795660e-04   2.666929918e-04   3.056119061e-01   8.734851000e-01   3.000000000e+02   3.000000000e+02   4.103091385e-12   0.000000000e+00   1.000000000e+00   
1.306795660e-04   2.666929918e-04   3.112856434e-01   8.897015000e-01   3.000000003e+02   3.000000000e+02   9.009971275e-11   0.000000000e+00   1.000000000e+00   
1.306795660e-04   2.666929918e-04   3.166381939e-01   9.049999000e-01   3.000000060e+02   3.000000000e+02   1.596704377e-09   0.000000000e+00   1.000000000e+00   
1.306795660e-04   2.666929918e-04   3.216877865e-01   9.194324000e-01   3.000001012e+02   3.000000000e+02   2.243225673e-08   0.000000000e+00   1.000000000e+00   
1.306795660e-04   2.666929918e-04   3.264515299e-01   9.330479000e-01   3.000013611e+02   3.000000000e+02   2.442523215e-07   0.000000000e+00   1.000000000e+00   
1.306795660e-04   2.666929918e-04   3.309456585e-01   9.458928000e-01   3.000142893e+02   3.000000000e+02   2.001811464e-06   0.000000000e+00   1.000000000e+00   
1.306795660e-04   2.666929918e-04   3.351853919e-01   9.580106000e-01   3.001141573e+02   3.000000000e+02   1.188263958e-05   0.000000000e+00   1.000000000e+00   
1.306795660e-04   2.666929918e-04   3.391851450e-01   9.694425000e-01   3.006731351e+02   3.000000000e+02   4.858581769e-05   0.000000000e+00   1.000000000e+00   
1.306795660e-04   2.666929918e-04   3.429584581e-01   9.802272000e-01   3.028299853e+02   3.000000000e+02   1.283893823e-04   0.000000000e+00   1.000000000e+00   
1.306795660e-04   2.666929918e-04   3.465182415e-01   9.904016000e-01   3.082137707e+02   3.000000000e+02   2.028100228e-04   0.000000000e+00   1.000000000e+00   
1.306795660e-04   2.666929918e-04   3.498764961e-01   1.000000000e+00   3.162710376e+02   7.490000000e+02   1.811768184e-04   0.000000000e+00   1.000000000e+00   

1.387862792e-03   2.832373045e-03   1.000000000e-13   2.857194411e-13   3.000000000e+02   3.000000000e+02   -4.588266334e-21  0.000000000e+00   1.000000000e+00   
1.387862792e-03   2.832373045e-03   2.298019685e-02   6.565889000e-02   3.000000000e+02   3.000000000e+02   -1.529422111e-21  0.000000000e+00   1.000000000e+00   
1.387862792e-03   2.832373045e-03   4.465961417e-02   1.276012000e-01   3.000000000e+02   3.000000000e+02   -7.760123281e-22  0.000000000e+00   1.000000000e+00   
1.387862792e-03   2.832373045e-03   6.511191514e-02   1.860374000e-01   3.000000000e+02   3.000000000e+02   -4.766016591e-22  0.000000000e+00   1.000000000e+00   
1.387862792e-03   2.832373045e-03   8.440654199e-02   2.411659000e-01   3.000000000e+02   3.000000000e+02   -3.270702261e-22  0.000000000e+00   1.000000000e+00   
1.387862792e-03   2.832373045e-03   1.026090135e-01   2.931739000e-01   3.000000000e+02   3.000000000e+02   -2.414085521e-22  0.000000000e+00   1.000000000e+00   
1.387862792e-03   2.832373045e-03   1.197811387e-01   3.422380000e-01   3.000000000e+02   3.000000000e+02   -1.873487313e-22  0.000000000e+00   1.000000000e+00   
1.387862792e-03   2.832373045e-03   1.359812964e-01   3.885250000e-01   3.000000000e+02   3.000000000e+02   -1.418220165e-22  0.000000000e+00   1.000000000e+00   
1.387862792e-03   2.832373045e-03   1.512644356e-01   4.321919000e-01   3.000000000e+02   3.000000000e+02   2.402076040e-22   0.000000000e+00   1.000000000e+00   
1.387862792e-03   2.832373045e-03   1.656824955e-01   4.733871000e-01   3.000000000e+02   3.000000000e+02   1.303214812e-20   0.000000000e+00   1.000000000e+00   
1.387862792e-03   2.832373045e-03   1.792844400e-01   5.122505000e-01   3.000000000e+02   3.000000000e+02   5.002566566e-19   0.000000000e+00   1.000000000e+00   
1.387862792e-03   2.832373045e-03   1.921164685e-01   5.489141000e-01   3.000000000e+02   3.000000000e+02   1.480893876e-17   0.000000000e+00   1.000000000e+00   
1.387862792e-03   2.832373045e-03   2.042221201e-01   5.835023000e-01   3.000000000e+02   3.000000000e+02   2.666681554e-16   0.000000000e+00   1.000000000e+00   
1.387862792e-03   2.832373045e-03   2.156425890e-01   6.161328000e-01   3.000000000e+02   3.000000000e+02   4.185132954e-15   0.000000000e+00   1.000000000e+00   
1.387862792e-03   2.832373045e-03   2.264165846e-01   6.469162000e-01   3.000000000e+02   3.000000000e+02   5.680646037e-14   0.000000000e+00   1.000000000e+00   
1.387862792e-03   2.832373045e-03   2.365807512e-01   6.759572000e-01   3.000000000e+02   3.000000000e+02   6.643833703e-13   0.000000000e+00   1.000000000e+00   
1.387862792e-03   2.832373045e-03   2.461695982e-01   7.033544000e-01   3.000000001e+02   3.000000000e+02   6.672668968e-12   0.000000000e+00   1.000000000e+00   
1.387862792e-03   2.832373045e-03   2.552156749e-01   7.292008000e-01   3.000000008e+02   3.000000000e+02   5.735483347e-11   0.000000000e+00   1.000000000e+00   
1.387862792e-03   2.832373045e-03   2.637497110e-01   7.535842000e-01   3.000000067e+02   3.000000000e+02   4.205499579e-10   0.000000000e+00   1.000000000e+00   
1.387862792e-03   2.832373045e-03   2.718006507e-01   7.765873000e-01   3.000000473e+02   3.000000000e+02   2.622668907e-09   0.000000000e+00   1.000000000e+00   
1.387862792e-03   2.832373045e-03   2.793959336e-01   7.982885000e-01   3.000002854e+02   3.000000000e+02   1.387674450e-08   0.000000000e+00   1.000000000e+00   
1.387862792e-03   2.832373045e-03   2.865612494e-01   8.187612000e-01   3.000014714e+02   3.000000000e+02   6.219388261e-08   0.000000000e+00   1.000000000e+00   
1.387862792e-03   2.832373045e-03   2.933209924e-01   8.380751000e-01   3.000064758e+02   3.000000000e+02   2.360647696e-07   0.000000000e+00   1.000000000e+00   
1.387862792e-03   2.832373045e-03   2.996981223e-01   8.562958000e-01   3.000243639e+02   3.000000000e+02   7.601382978e-07   0.000000000e+00   1.000000000e+00   
1.387862792e-03   2.832373045e-03   3.057142688e-01   8.734851000e-01   3.000786179e+02   3.000000000e+02   2.085559891e-06   0.000000000e+00   1.000000000e+00   
1.387862792e-03   2.832373045e-03   3.113899064e-01   8.897015000e-01   3.002188536e+02   3.000000000e+02   4.912190698e-06   0.000000000e+00   1.000000000e+00   
1.387862792e-03   2.832373045e-03   3.167442497e-01   9.049999000e-01   3.005300859e+02   3.000000000e+02   1.003868620e-05   0.000000000e+00   1.000000000e+00   
1.387862792e-03   2.832373045e-03   3.217955336e-01   9.194324000e-01   3.011295246e+02   3.000000000e+02   1.803747610e-05   0.000000000e+00   1.000000000e+00   
1.387862792e-03   2.832373045e-03   3.265608726e-01   9.330479000e-01   3.021447874e+02   3.000000000e+02   2.891423614e-05   0.000000000e+00   1.000000000e+00   
1.387862792e-03   2.832373045e-03   3.310565065e-01   9.458928000e-01   3.036792318e+02   3.000000000e+02   4.196397244e-05   0.000000000e+00   1.000000000e+00   
1.387862792e-03   2.832373045e-03   3.352976600e-01   9.580106000e-01   3.057795345e+02   3.000000000e+02   5.591376224e-05   0.000000000e+00   1.000000000e+00   
1.387862792e-03   2.832373045e-03   3.392987528e-01   9.694425000e-01   3.084200806e+02   3.000000000e+02   6.927574497e-05   0.000000000e+00   1.000000000e+00   
1.387862792e-03   2.832373045e-03   3.430733297e-01   9.802272000e-01   3.115090522e+02   3.000000000e+02   8.073677502e-05   0.000000000e+00   1.000000000e+00   
1.387862792e-03   2.832373045e-03   3.466343054e-01   9.904016000e-01   3.149113914e+02   3.000000000e+02   8.943819103e-05   0.000000000e+00   1.000000000e+00   
1.387862792e-03   2.832373045e-03   3.499936848e-01   1.000000000e+00   3.184775581e+02   7.490000000e+02   9.489176543e-05   0.000000000e+00   1.000000000e+00   

1.287028290e-02   2.626588347e-02   1.000000000e-13   2.852824042e-13   3.000000001e+02   3.000000000e+02   3.041463079e-23   0.000000000e+00   1.000000000e+00   
1.287028290e-02   2.626588347e-02   2.301540125e-02   6.565889000e-02   3.000000001e+02   3.000000000e+02   4.812562546e-13   0.000000000e+00   1.000000000e+00   
1.287028290e-02   2.626588347e-02   4.472803024e-02   1.276012000e-01   3.000000002e+02   3.000000000e+02   2.561660772e-12   0.000000000e+00   1.000000000e+00   
1.287028290e-02   2.626588347e-02   6.521166300e-02   1.860374000e-01   3.000000010e+02   3.000000000e+02   1.297559381e-11   0.000000000e+00   1.000000000e+00   
1.287028290e-02   2.626588347e-02   8.453584816e-02   2.411659000e-01   3.000000045e+02   3.000000000e+02   6.136554519e-11   0.000000000e+00   1.000000000e+00   
1.287028290e-02   2.626588347e-02   1.027662049e-01   2.931739000e-01   3.000000196e+02   3.000000000e+02   2.651791632e-10   0.000000000e+00   1.000000000e+00   
1.287028290e-02   2.626588347e-02   1.199646368e-01   3.422380000e-01   3.000000801e+02   3.000000000e+02   1.036205662e-09   0.000000000e+00   1.000000000e+00   
1.287028290e-02   2.626588347e-02   1.361896122e-01   3.885250000e-01   3.000002990e+02   3.000000000e+02   3.644047358e-09   0.000000000e+00   1.000000000e+00   
1.287028290e-02   2.626588347e-02   1.514961644e-01   4.321919000e-01   3.000010146e+02   3.000000000e+02   1.151579102e-08   0.000000000e+00   1.000000000e+00   
1.287028290e-02   2.626588347e-02   1.659363119e-01   4.733871000e-01   3.000031228e+02   3.000000000e+02   3.272659891e-08   0.000000000e+00   1.000000000e+00   
1.287028290e-02   2.626588347e-02   1.795590939e-01   5.122505000e-01   3.000087199e+02   3.000000000e+02   8.385407659e-08   0.000000000e+00   1.000000000e+00   
1.287028290e-02   2.626588347e-02   1.924107803e-01   5.489141000e-01   3.000221391e+02   3.000000000e+02   1.945233231e-07   0.000000000e+00   1.000000000e+00   
1.287028290e-02   2.626588347e-02   2.045349771e-01   5.835023000e-01   3.000513055e+02   3.000000000e+02   4.108118990e-07   0.000000000e+00   1.000000000e+00   
1.287028290e-02   2.626588347e-02   2.159729416e-01   6.161328000e-01   3.001090781e+02   3.000000000e+02   7.950912946e-07   0.000000000e+00   1.000000000e+00   
1.287028290e-02   2.626588347e-02   2.267634423e-01   6.469162000e-01   3.002140390e+02   3.000000000e+02   1.420677068e-06   0.000000000e+00   1.000000000e+00   
1.287028290e-02   2.626588347e-02   2.369431799e-01   6.759572000e-01   3.003902139e+02   3.000000000e+02   2.361815607e-06   0.000000000e+00   1.000000000e+00   
1.287028290e-02   2.626588347e-02   2.465467164e-01   7.033544000e-01   3.006654983e+02   3.000000000e+02   3.681590841e-06   0.000000000e+00   1.000000000e+00   
1.287028290e-02   2.626588347e-02   2.556066513e-01   7.292008000e-01   3.010690177e+02   3.000000000e+02   5.421227133e-06   0.000000000e+00   1.000000000e+00   
1.287028290e-02   2.626588347e-02   2.641537610e-01   7.535842000e-01   3.016279945e+02   3.000000000e+02   7.593472219e-06   0.000000000e+00   1.000000000e+00   
1.287028290e-02   2.626588347e-02   2.722170343e-01   7.765873000e-01   3.023647923e+02   3.000000000e+02   1.018108759e-05   0.000000000e+00   1.000000000e+00   
1.287028290e-02   2.626588347e-02   2.798239528e-01   7.982885000e-01   3.032947137e+02   3.000000000e+02   1.314005639e-05   0.000000000e+00   1.000000000e+00   
1.287028290e-02   2.626588347e-02   2.870002454e-01   8.187612000e-01   3.044247653e+02   3.000000000e+02   1.640576166e-05   0.000000000e+00   1.000000000e+00   
1.287028290e-02   2.626588347e-02   2.937703440e-01   8.380751000e-01   3.057535397e+02   3.000000000e+02   1.990088337e-05   0.000000000e+00   1.000000000e+00   
1.287028290e-02   2.626588347e-02   3.001572433e-01   8.562958000e-01   3.072719014e+02   3.000000000e+02   2.354299547e-05   0.000000000e+00   1.000000000e+00   
1.287028290e-02   2.626588347e-02   3.061826062e-01   8.734851000e-01   3.089642901e+02   3.000000000e+02   2.725117296e-05   0.000000000e+00   1.000000000e+00   
1.287028290e-02   2.626588347e-02   3.118669385e-01   8.897015000e-01   3.108103653e+02   3.000000000e+02   3.095105774e-05   0.000000000e+00   1.000000000e+00   
1.287028290e-02   2.626588347e-02   3.172294845e-01   9.049999000e-01   3.127866333e+02   3.000000000e+02   3.457802532e-05   0.000000000e+00   1.000000000e+00   
1.287028290e-02   2.626588347e-02   3.222885066e-01   9.194324000e-01   3.148680796e+02   3.000000000e+02   3.807906890e-05   0.000000000e+00   1.000000000e+00   
1.287028290e-02   2.626588347e-02   3.270611459e-01   9.330479000e-01   3.170294305e+02   3.000000000e+02   4.141307813e-05   0.000000000e+00   1.000000000e+00   
1.287028290e-02   2.626588347e-02   3.315636668e-01   9.458928000e-01   3.192462859e+02   3.000000000e+02   4.455052574e-05   0.000000000e+00   1.000000000e+00   
1.287028290e-02   2.626588347e-02   3.358113175e-01   9.580106000e-01   3.214958005e+02   3.000000000e+02   4.747221403e-05   0.000000000e+00   1.000000000e+00   
1.287028290e-02   2.626588347e-02   3.398185398e-01   9.694425000e-01   3.237572666e+02   3.000000000e+02   5.016798065e-05   0.000000000e+00   1.000000000e+00   
1.287028290e-02   2.626588347e-02   3.435988991e-01   9.802272000e-01   3.260123367e+02   3.000000000e+02   5.263499966e-05   0.000000000e+00   1.000000000e+00   
1.287028290e-02   2.626588347e-02   3.471653301e-01   9.904016000e-01   3.282452498e+02   3.000000000e+02   5.487643069e-05   0.000000000e+00   1.000000000e+00   
1.287028290e-02   2.626588347e-02   3.505298558e-01   1.000000000e+00   3.304426084e+02   7.490000000e+02   5.686113657e-05   0.000000000e+00   1.000000000e+00   

1.411711591e-01   2.881044064e-01   1.000000000e-13   2.852631061e-13   3.096488165e+02   3.000000000e+02   -9.776444258e-22  0.000000000e+00   1.000000000e+00   
1.411711591e-01   2.881044064e-01   2.301695824e-02   6.565889000e-02   3.096488165e+02   3.000000000e+02   1.487175870e-06   0.000000000e+00   1.000000000e+00   
1.411711591e-01   2.881044064e-01   4.473105610e-02   1.276012000e-01   3.101073684e+02   3.000000000e+02   2.927259676e-06   0.000000000e+00   1.000000000e+00   
1.411711591e-01   2.881044064e-01   6.521607458e-02   1.860374000e-01   3.109167066e+02   3.000000000e+02   4.351135382e-06   0.000000000e+00   1.000000000e+00   
1.411711591e-01   2.881044064e-01   8.454156702e-02   2.411659000e-01   3.120123809e+02   3.000000000e+02   5.775395442e-06   0.000000000e+00   1.000000000e+00   
1.411711591e-01   2.881044064e-01   1.027731570e-01   2.931739000e-01   3.133522604e+02   3.000000000e+02   7.206399971e-06   0.000000000e+00   1.000000000e+00   
1.411711591e-01   2.881044064e-01   1.199727524e-01   3.422380000e-01   3.149030598e+02   3.000000000e+02   8.646190340e-06   0.000000000e+00   1.000000000e+00   
1.411711591e-01   2.881044064e-01   1.361988255e-01   3.885250000e-01   3.166357605e+02   3.000000000e+02   1.008997358e-05   0.000000000e+00   1.000000000e+00   
1.411711591e-01   2.881044064e-01   1.515064131e-01   4.321919000e-01   3.185237105e+02   3.000000000e+02   1.153118359e-05   0.000000000e+00   1.000000000e+00   
1.411711591e-01   2.881044064e-01   1.659475375e-01   4.733871000e-01   3.205418589e+02   3.000000000e+02   1.296186850e-05   0.000000000e+00   1.000000000e+00   
1.411711591e-01   2.881044064e-01   1.795712411e-01   5.122505000e-01   3.226664655e+02   3.000000000e+02   1.437361355e-05   0.000000000e+00   1.000000000e+00   
1.411711591e-01   2.881044064e-01   1.924237970e-01   5.489141000e-01   3.248750786e+02   3.000000000e+02   1.575810190e-05   0.000000000e+00   1.000000000e+00   
1.411711591e-01   2.881044064e-01   2.045488139e-01   5.835023000e-01   3.271466073e+02   3.000000000e+02   1.710770638e-05   0.000000000e+00   1.000000000e+00   
1.411711591e-01   2.881044064e-01   2.159875522e-01   6.161328000e-01   3.294614678e+02   3.000000000e+02   1.841569438e-05   0.000000000e+00   1.000000000e+00   
1.411711591e-01   2.881044064e-01   2.267787829e-01   6.469162000e-01   3.318016348e+02   3.000000000e+02   1.967635360e-05   0.000000000e+00   1.000000000e+00   
1.411711591e-01   2.881044064e-01   2.369592091e-01   6.759572000e-01   3.341507733e+02   3.000000000e+02   2.088504800e-05   0.000000000e+00   1.000000000e+00   
1.411711591e-01   2.881044064e-01   2.465633953e-01   7.033544000e-01   3.364942360e+02   3.000000000e+02   2.203820796e-05   0.000000000e+00   1.000000000e+00   
1.411711591e-01   2.881044064e-01   2.556239431e-01   7.292008000e-01   3.388190730e+02   3.000000000e+02   2.313337393e-05   0.000000000e+00   1.000000000e+00   
1.411711591e-01   2.881044064e-01   2.641716310e-01   7.535842000e-01   3.411140032e+02   3.000000000e+02   2.416938700e-05   0.000000000e+00   1.000000000e+00   
1.411711591e-01   2.881044064e-01   2.722354498e-01   7.765873000e-01   3.433693320e+02   3.000000000e+02   2.514443457e-05   0.000000000e+00   1.000000000e+00   
1.411711591e-01   2.881044064e-01   2.798428829e-01   7.982885000e-01   3.455769151e+02   3.000000000e+02   2.605925175e-05   0.000000000e+00   1.000000000e+00   
1.411711591e-01   2.881044064e-01   2.870196610e-01   8.187612000e-01   3.477299599e+02   3.000000000e+02   2.691431318e-05   0.000000000e+00   1.000000000e+00   
1.411711591e-01   2.881044064e-01   2.937902176e-01   8.380751000e-01   3.498230181e+02   3.000000000e+02   2.771092593e-05   0.000000000e+00   1.000000000e+00   
1.411711591e-01   2.881044064e-01   3.001775490e-01   8.562958000e-01   3.518518030e+02   3.000000000e+02   2.845072359e-05   0.000000000e+00   1.000000000e+00   
1.411711591e-01   2.881044064e-01   3.062033195e-01   8.734851000e-01   3.538130760e+02   3.000000000e+02   2.913572091e-05   0.000000000e+00   1.000000000e+00   
1.411711591e-01   2.881044064e-01   3.118880364e-01   8.897015000e-01   3.557045624e+02   3.000000000e+02   2.976818095e-05   0.000000000e+00   1.000000000e+00   
1.411711591e-01   2.881044064e-01   3.172509451e-01   9.049999000e-01   3.575247798e+02   3.000000000e+02   3.035057822e-05   0.000000000e+00   1.000000000e+00   
1.411711591e-01   2.881044064e-01   3.223103095e-01   9.194324000e-01   3.592730025e+02   3.000000000e+02   3.088552670e-05   0.000000000e+00   1.000000000e+00   
1.411711591e-01   2.881044064e-01   3.270832716e-01   9.330479000e-01   3.609490928e+02   3.000000000e+02   3.137571310e-05   0.000000000e+00   1.000000000e+00   
1.411711591e-01   2.881044064e-01   3.315860971e-01   9.458928000e-01   3.625534734e+02   3.000000000e+02   3.182386622e-05   0.000000000e+00   1.000000000e+00   
1.411711591e-01   2.881044064e-01   3.358340352e-01   9.580106000e-01   3.640869744e+02   3.000000000e+02   3.223269158e-05   0.000000000e+00   1.000000000e+00   
1.411711591e-01   2.881044064e-01   3.398415285e-01   9.694425000e-01   3.655508135e+02   3.000000000e+02   3.260486971e-05   0.000000000e+00   1.000000000e+00   
1.411711591e-01   2.881044064e-01   3.436221436e-01   9.802272000e-01   3.669464855e+02   3.000000000e+02   3.294300170e-05   0.000000000e+00   1.000000000e+00   
1.411711591e-01   2.881044064e-01   3.471888158e-01   9.904016000e-01   3.682757756e+02   3.000000000e+02   3.324962335e-05   0.000000000e+00   1.000000000e+00   
1.411711591e-01   2.881044064e-01   3.505535692e-01   1.000000000e+00   3.695405869e+02   7.490000000e+02   3.359794072e-05   0.000000000e+00   1.000000000e+00   

3.836711591e-01   7.830023656e-01   1.000000000e-13   2.989824870e-13   3.555624464e+02   3.000000000e+02   4.175981546e-24   0.000000000e+00   1.000000000e+00   
3.836711591e-01   7.830023656e-01   2.196078127e-02   6.565889000e-02   3.555624464e+02   3.000000000e+02   1.642638596e-06   0.000000000e+00   1.000000000e+00   
3.836711591e-01   7.830023656e-01   4.267848638e-02   1.276012000e-01   3.559813342e+02   3.000000000e+02   3.184901665e-06   0.000000000e+00   1.000000000e+00   
3.836711591e-01   7.830023656e-01   6.222351077e-02   1.860374000e-01   3.567088911e+02   3.000000000e+02   4.626158306e-06   0.000000000e+00   1.000000000e+00   
3.836711591e-01   7.830023656e-01   8.066221618e-02   2.411659000e-01   3.576705170e+02   3.000000000e+02   5.967489682e-06   0.000000000e+00   1.000000000e+00   
3.836711591e-01   7.830023656e-01   9.805721497e-02   2.931739000e-01   3.588125609e+02   3.000000000e+02   7.210960084e-06   0.000000000e+00   1.000000000e+00   
3.836711591e-01   7.830023656e-01   1.144675741e-01   3.422380000e-01   3.600919143e+02   3.000000000e+02   8.359275175e-06   0.000000000e+00   1.000000000e+00   
3.836711591e-01   7.830023656e-01   1.299490829e-01   3.885250000e-01   3.614726824e+02   3.000000000e+02   9.415609519e-06   0.000000000e+00   1.000000000e+00   
3.836711591e-01   7.830023656e-01   1.445542528e-01   4.321919000e-01   3.629246557e+02   3.000000000e+02   1.038348636e-05   0.000000000e+00   1.000000000e+00   
3.836711591e-01   7.830023656e-01   1.583327187e-01   4.733871000e-01   3.644224146e+02   3.000000000e+02   1.126671774e-05   0.000000000e+00   1.000000000e+00   
3.836711591e-01   7.830023656e-01   1.713312727e-01   5.122505000e-01   3.659446518e+02   3.000000000e+02   1.206933547e-05   0.000000000e+00   1.000000000e+00   
3.836711591e-01   7.830023656e-01   1.835940645e-01   5.489141000e-01   3.674736353e+02   3.000000000e+02   1.279554100e-05   0.000000000e+00   1.000000000e+00   
3.836711591e-01   7.830023656e-01   1.951627020e-01   5.835023000e-01   3.689947403e+02   3.000000000e+02   1.344965293e-05   0.000000000e+00   1.000000000e+00   
3.836711591e-01   7.830023656e-01   2.060765519e-01   6.161328000e-01   3.704960639e+02   3.000000000e+02   1.403606799e-05   0.000000000e+00   1.000000000e+00   
3.836711591e-01   7.830023656e-01   2.163726065e-01   6.469162000e-01   3.719680289e+02   3.000000000e+02   1.455920067e-05   0.000000000e+00   1.000000000e+00   
3.836711591e-01   7.830023656e-01   2.260858844e-01   6.759572000e-01   3.734030996e+02   3.000000000e+02   1.502345432e-05   0.000000000e+00   1.000000000e+00   
3.836711591e-01   7.830023656e-01   2.352493643e-01   7.033544000e-01   3.747954686e+02   3.000000000e+02   1.543317141e-05   0.000000000e+00   1.000000000e+00   
3.836711591e-01   7.830023656e-01   2.438941516e-01   7.292008000e-01   3.761408088e+02   3.000000000e+02   1.579260025e-05   0.000000000e+00   1.000000000e+00   
3.836711591e-01   7.830023656e-01   2.520496125e-01   7.535842000e-01   3.774360510e+02   3.000000000e+02   1.610586443e-05   0.000000000e+00   1.000000000e+00   
3.836711591e-01   7.830023656e-01   2.597434076e-01   7.765873000e-01   3.786791732e+02   3.000000000e+02   1.637693336e-05   0.000000000e+00   1.000000000e+00   
3.836711591e-01   7.830023656e-01   2.670017592e-01   7.982885000e-01   3.798690529e+02   3.000000000e+02   1.660960612e-05   0.000000000e+00   1.000000000e+00   
3.836711591e-01   7.830023656e-01   2.738492171e-01   8.187612000e-01   3.810052611e+02   3.000000000e+02   1.680748399e-05   0.000000000e+00   1.000000000e+00   
3.836711591e-01   7.830023656e-01   2.803090938e-01   8.380751000e-01   3.820879860e+02   3.000000000e+02   1.697396901e-05   0.000000000e+00   1.000000000e+00   
3.836711591e-01   7.830023656e-01   2.864033304e-01   8.562958000e-01   3.831178832e+02   3.000000000e+02   1.711224913e-05   0.000000000e+00   1.000000000e+00   
3.836711591e-01   7.830023656e-01   2.921525969e-01   8.734851000e-01   3.840959810e+02   3.000000000e+02   1.722529540e-05   0.000000000e+00   1.000000000e+00   
3.836711591e-01   7.830023656e-01   2.975764597e-01   8.897015000e-01   3.850236122e+02   3.000000000e+02   1.731586267e-05   0.000000000e+00   1.000000000e+00   
3.836711591e-01   7.830023656e-01   3.026932812e-01   9.049999000e-01   3.859023150e+02   3.000000000e+02   1.738648906e-05   0.000000000e+00   1.000000000e+00   
3.836711591e-01   7.830023656e-01   3.075204870e-01   9.194324000e-01   3.867338077e+02   3.000000000e+02   1.743950349e-05   0.000000000e+00   1.000000000e+00   
3.836711591e-01   7.830023656e-01   3.120744326e-01   9.330479000e-01   3.875199057e+02   3.000000000e+02   1.747702979e-05   0.000000000e+00   1.000000000e+00   
3.836711591e-01   7.830023656e-01   3.163706375e-01   9.458928000e-01   3.882625112e+02   3.000000000e+02   1.750099811e-05   0.000000000e+00   1.000000000e+00   
3.836711591e-01   7.830023656e-01   3.204236508e-01   9.580106000e-01   3.889635466e+02   3.000000000e+02   1.751315249e-05   0.000000000e+00   1.000000000e+00   
3.836711591e-01   7.830023656e-01   3.242472526e-01   9.694425000e-01   3.896249537e+02   3.000000000e+02   1.751506299e-05   0.000000000e+00   1.000000000e+00   
3.836711591e-01   7.830023656e-01   3.278543870e-01   9.802272000e-01   3.902486518e+02   3.000000000e+02   1.750813833e-05   0.000000000e+00   1.000000000e+00   
3.836711591e-01   7.830023656e-01   3.312573957e-01   9.904016000e-01   3.908365535e+02   3.000000000e+02   1.749363573e-05   0.000000000e+00   1.000000000e+00   
3.836711591e-01   7.830023656e-01   3.344677509e-01   1.000000000e+00   3.913904974e+02   7.490000000e+02   1.757937357e-05   0.000000000e+00   1.000000000e+00   

6.336711591e-01   1.293206447e+00   1.000000000e-13   3.300128030e-13   3.844631554e+02   3.000000000e+02   -3.546660178e-22  0.000000000e+00   1.000000000e+00   
6.336711591e-01   1.293206447e+00   1.989586143e-02   6.565889000e-02   3.844631554e+02   3.000000000e+02   9.342984834e-07   0.000000000e+00   1.000000000e+00   
6.336711591e-01   1.293206447e+00   3.866553020e-02   1.276012000e-01   3.846556527e+02   3.000000000e+02   1.805598035e-06   0.000000000e+00   1.000000000e+00   
6.336711591e-01   1.293206447e+00   5.637278260e-02   1.860374000e-01   3.849888848e+02   3.000000000e+02   2.609299012e-06   0.000000000e+00   1.000000000e+00   
6.336711591e-01   1.293206447e+00   7.307774056e-02   2.411659000e-01   3.854271189e+02   3.000000000e+02   3.343895765e-06   0.000000000e+00   1.000000000e+00   
6.336711591e-01   1.293206447e+00   8.883712915e-02   2.931739000e-01   3.859442969e+02   3.000000000e+02   4.009842349e-06   0.000000000e+00   1.000000000e+00   
6.336711591e-01   1.293206447e+00   1.037044614e-01   3.422380000e-01   3.865194289e+02   3.000000000e+02   4.608942901e-06   0.000000000e+00   1.000000000e+00   
6.336711591e-01   1.293206447e+00   1.177302809e-01   3.885250000e-01   3.871351464e+02   3.000000000e+02   5.143947690e-06   0.000000000e+00   1.000000000e+00   
6.336711591e-01   1.293206447e+00   1.309621615e-01   4.321919000e-01   3.877770232e+02   3.000000000e+02   5.618248944e-06   0.000000000e+00   1.000000000e+00   
6.336711591e-01   1.293206447e+00   1.434450711e-01   4.733871000e-01   3.884331491e+02   3.000000000e+02   6.035660108e-06   0.000000000e+00   1.000000000e+00   
6.336711591e-01   1.293206447e+00   1.552214021e-01   5.122505000e-01   3.890937816e+02   3.000000000e+02   6.400234666e-06   0.000000000e+00   1.000000000e+00   
6.336711591e-01   1.293206447e+00   1.663311529e-01   5.489141000e-01   3.897510518e+02   3.000000000e+02   6.716129953e-06   0.000000000e+00   1.000000000e+00   
6.336711591e-01   1.293206447e+00   1.768120190e-01   5.835023000e-01   3.903986983e+02   3.000000000e+02   6.987499603e-06   0.000000000e+00   1.000000000e+00   
6.336711591e-01   1.293206447e+00   1.866996657e-01   6.161328000e-01   3.910318395e+02   3.000000000e+02   7.218416398e-06   0.000000000e+00   1.000000000e+00   
6.336711591e-01   1.293206447e+00   1.960276068e-01   6.469162000e-01   3.916467486e+02   3.000000000e+02   7.412805924e-06   0.000000000e+00   1.000000000e+00   
6.336711591e-01   1.293206447e+00   2.048275685e-01   6.759572000e-01   3.922406821e+02   3.000000000e+02   7.574409120e-06   0.000000000e+00   1.000000000e+00   
6.336711591e-01   1.293206447e+00   2.131294282e-01   7.033544000e-01   3.928117049e+02   3.000000000e+02   7.706748972e-06   0.000000000e+00   1.000000000e+00   
6.336711591e-01   1.293206447e+00   2.209613668e-01   7.292008000e-01   3.933585510e+02   3.000000000e+02   7.813113409e-06   0.000000000e+00   1.000000000e+00   
6.336711591e-01   1.293206447e+00   2.283499892e-01   7.535842000e-01   3.938805013e+02   3.000000000e+02   7.896546258e-06   0.000000000e+00   1.000000000e+00   
6.336711591e-01   1.293206447e+00   2.353203551e-01   7.765873000e-01   3.943772738e+02   3.000000000e+02   7.959844349e-06   0.000000000e+00   1.000000000e+00   
6.336711591e-01   1.293206447e+00   2.418962212e-01   7.982885000e-01   3.948489450e+02   3.000000000e+02   8.005561979e-06   0.000000000e+00   1.000000000e+00   
6.336711591e-01   1.293206447e+00   2.480998290e-01   8.187612000e-01   3.952958528e+02   3.000000000e+02   8.036016389e-06   0.000000000e+00   1.000000000e+00   
6.336711591e-01   1.293206447e+00   2.539522989e-01   8.380751000e-01   3.957185564e+02   3.000000000e+02   8.053300391e-06   0.000000000e+00   1.000000000e+00   
6.336711591e-01   1.293206447e+00   2.594735090e-01   8.562958000e-01   3.961177689e+02   3.000000000e+02   8.059293898e-06   0.000000000e+00   1.000000000e+00   
6.336711591e-01   1.293206447e+00   2.646821857e-01   8.734851000e-01   3.964943165e+02   3.000000000e+02   8.055678271e-06   0.000000000e+00   1.000000000e+00   
6.336711591e-01   1.293206447e+00   2.695960556e-01   8.897015000e-01   3.968491085e+02   3.000000000e+02   8.043950831e-06   0.000000000e+00   1.000000000e+00   
6.336711591e-01   1.293206447e+00   2.742317546e-01   9.049999000e-01   3.971830984e+02   3.000000000e+02   8.025439758e-06   0.000000000e+00   1.000000000e+00   
6.336711591e-01   1.293206447e+00   2.786050698e-01   9.194324000e-01   3.974972734e+02   3.000000000e+02   8.001317556e-06   0.000000000e+00   1.000000000e+00   
6.336711591e-01   1.293206447e+00   2.827308188e-01   9.330479000e-01   3.977926244e+02   3.000000000e+02   7.972615135e-06   0.000000000e+00   1.000000000e+00   
6.336711591e-01   1.293206447e+00   2.866230617e-01   9.458928000e-01   3.980701425e+02   3.000000000e+02   7.940233070e-06   0.000000000e+00   1.000000000e+00   
6.336711591e-01   1.293206447e+00   2.902949799e-01   9.580106000e-01   3.983307960e+02   3.000000000e+02   7.904954131e-06   0.000000000e+00   1.000000000e+00   
6.336711591e-01   1.293206447e+00   2.937590576e-01   9.694425000e-01   3.985755319e+02   3.000000000e+02   7.867452308e-06   0.000000000e+00   1.000000000e+00   
6.336711591e-01   1.293206447e+00   2.970270217e-01   9.802272000e-01   3.988052621e+02   3.000000000e+02   7.828303110e-06   0.000000000e+00   1.000000000e+00   
6.336711591e-01   1.293206447e+00   3.001100536e-01   9.904016000e-01   3.990208713e+02   3.000000000e+02   7.787989944e-06   0.000000000e+00   1.000000000e+00   
6.336711591e-01   1.293206447e+00   3.030185468e-01   1.000000000e+00   3.992231942e+02   7.490000000e+02   7.808361880e-06   0.000000000e+00   1.000000000e+00   

9.336711591e-01   1.905451345e+00   1.000000000e-13   3.974706433e-13   3.990756995e+02   3.000000000e+02   1.540735833e-21   0.000000000e+00   1.000000000e+00   
9.336711591e-01   1.905451345e+00   1.651917974e-02   6.565889000e-02   3.990756995e+02   3.000000000e+02   2.596896900e-07   0.000000000e+00   1.000000000e+00   
9.336711591e-01   1.905451345e+00   3.210330175e-02   1.276012000e-01   3.991171010e+02   3.000000000e+02   5.002562837e-07   0.000000000e+00   1.000000000e+00   
9.336711591e-01   1.905451345e+00   4.680531836e-02   1.860374000e-01   3.991885434e+02   3.000000000e+02   7.192881518e-07   0.000000000e+00   1.000000000e+00   
9.336711591e-01   1.905451345e+00   6.067514773e-02   2.411659000e-01   3.992820455e+02   3.000000000e+02   9.158370249e-07   0.000000000e+00   1.000000000e+00   
9.336711591e-01   1.905451345e+00   7.375988766e-02   2.931739000e-01   3.993917202e+02   3.000000000e+02   1.089897643e-06   0.000000000e+00   1.000000000e+00   
9.336711591e-01   1.905451345e+00   8.610396913e-02   3.422380000e-01   3.995128198e+02   3.000000000e+02   1.242109653e-06   0.000000000e+00   1.000000000e+00   
9.336711591e-01   1.905451345e+00   9.774935748e-02   3.885250000e-01   3.996414406e+02   3.000000000e+02   1.373553447e-06   0.000000000e+00   1.000000000e+00   
9.336711591e-01   1.905451345e+00   1.087355525e-01   4.321919000e-01   3.997743804e+02   3.000000000e+02   1.485590551e-06   0.000000000e+00   1.000000000e+00   
9.336711591e-01   1.905451345e+00   1.190998903e-01   4.733871000e-01   3.999090419e+02   3.000000000e+02   1.579748694e-06   0.000000000e+00   1.000000000e+00   
9.336711591e-01   1.905451345e+00   1.288775683e-01   5.122505000e-01   4.000433488e+02   3.000000000e+02   1.657630599e-06   0.000000000e+00   1.000000000e+00   
9.336711591e-01   1.905451345e+00   1.381017968e-01   5.489141000e-01   4.001756718e+02   3.000000000e+02   1.720848957e-06   0.000000000e+00   1.000000000e+00   
9.336711591e-01   1.905451345e+00   1.468038734e-01   5.835023000e-01   4.003047605e+02   3.000000000e+02   1.770979157e-06   0.000000000e+00   1.000000000e+00   
9.336711591e-01   1.905451345e+00   1.550134105e-01   6.161328000e-01   4.004296841e+02   3.000000000e+02   1.809526443e-06   0.000000000e+00   1.000000000e+00   
9.336711591e-01   1.905451345e+00   1.627582341e-01   6.469162000e-01   4.005497746e+02   3.000000000e+02   1.837905907e-06   0.000000000e+00   1.000000000e+00   
9.336711591e-01   1.905451345e+00   1.700646856e-01   6.759572000e-01   4.006645818e+02   3.000000000e+02   1.857430588e-06   0.000000000e+00   1.000000000e+00   
9.336711591e-01   1.905451345e+00   1.769575720e-01   7.033544000e-01   4.007738310e+02   3.000000000e+02   1.869304291e-06   0.000000000e+00   1.000000000e+00   
9.336711591e-01   1.905451345e+00   1.834602913e-01   7.292008000e-01   4.008773877e+02   3.000000000e+02   1.874616070e-06   0.000000000e+00   1.000000000e+00   
9.336711591e-01   1.905451345e+00   1.895949330e-01   7.535842000e-01   4.009752272e+02   3.000000000e+02   1.874337684e-06   0.000000000e+00   1.000000000e+00   
9.336711591e-01   1.905451345e+00   1.953823038e-01   7.765873000e-01   4.010674076e+02   3.000000000e+02   1.869335775e-06   0.000000000e+00   1.000000000e+00   
9.336711591e-01   1.905451345e+00   2.008421285e-01   7.982885000e-01   4.011540527e+02   3.000000000e+02   1.860400410e-06   0.000000000e+00   1.000000000e+00   
9.336711591e-01   1.905451345e+00   2.059928736e-01   8.187612000e-01   4.012353353e+02   3.000000000e+02   1.848261555e-06   0.000000000e+00   1.000000000e+00   
9.336711591e-01   1.905451345e+00   2.108520753e-01   8.380751000e-01   4.013114703e+02   3.000000000e+02   1.833540043e-06   0.000000000e+00   1.000000000e+00   
9.336711591e-01   1.905451345e+00   2.154362377e-01   8.562958000e-01   4.013826946e+02   3.000000000e+02   1.816637087e-06   0.000000000e+00   1.000000000e+00   
9.336711591e-01   1.905451345e+00   2.197609093e-01   8.734851000e-01   4.014492406e+02   3.000000000e+02   1.797709827e-06   0.000000000e+00   1.000000000e+00   
9.336711591e-01   1.905451345e+00   2.238408081e-01   8.897015000e-01   4.015113184e+02   3.000000000e+02   1.776976343e-06   0.000000000e+00   1.000000000e+00   
9.336711591e-01   1.905451345e+00   2.276897465e-01   9.049999000e-01   4.015691346e+02   3.000000000e+02   1.755363857e-06   0.000000000e+00   1.000000000e+00   
9.336711591e-01   1.905451345e+00   2.313208322e-01   9.194324000e-01   4.016229670e+02   3.000000000e+02   1.734904674e-06   0.000000000e+00   1.000000000e+00   
9.336711591e-01   1.905451345e+00   2.347463682e-01   9.330479000e-01   4.016732338e+02   3.000000000e+02   1.717630225e-06   0.000000000e+00   1.000000000e+00   
9.336711591e-01   1.905451345e+00   2.379780283e-01   9.458928000e-01   4.017204417e+02   3.000000000e+02   1.702177210e-06   0.000000000e+00   1.000000000e+00   
9.336711591e-01   1.905451345e+00   2.410267566e-01   9.580106000e-01   4.017648890e+02   3.000000000e+02   1.680001433e-06   0.000000000e+00   1.000000000e+00   
9.336711591e-01   1.905451345e+00   2.439029187e-01   9.694425000e-01   4.018062276e+02   3.000000000e+02   1.638448736e-06   0.000000000e+00   1.000000000e+00   
9.336711591e-01   1.905451345e+00   2.466162512e-01   9.802272000e-01   4.018434043e+02   3.000000000e+02   1.584684370e-06   0.000000000e+00   1.000000000e+00   
9.336711591e-01   1.905451345e+00   2.491760377e-01   9.904016000e-01   4.018760814e+02   3.000000000e+02   1.609369764e-06   0.000000000e+00   1.000000000e+00   
9.336711591e-01   1.905451345e+00   2.515909079e-01   1.000000000e+00   4.019090640e+02   7.490000000e+02   1.593726087e-06   0.000000000e+00   1.000000000e+00   

1.188671159e+00   2.425859508e+00   1.000000000e-13   5.063833595e-13   4.016531042e+02   3.000000000e+02   -6.042808698e-22  0.000000000e+00   1.000000000e+00   
1.188671159e+00   2.425859508e+00   1.296624164e-02   6.565889000e-02   4.016531042e+02   3.000000000e+02   -4.877411466e-09  0.000000000e+00   1.000000000e+00   
1.188671159e+00   2.425859508e+00   2.519853735e-02   1.276012000e-01   4.016525028e+02   3.000000000e+02   -1.034717590e-08  0.000000000e+00   1.000000000e+00   
1.188671159e+00   2.425859508e+00   3.673845053e-02   1.860374000e-01   4.016513538e+02   3.000000000e+02   -1.705712640e-08  0.000000000e+00   1.000000000e+00   
1.188671159e+00   2.425859508e+00   4.762516293e-02   2.411659000e-01   4.016496229e+02   3.000000000e+02   -2.535207808e-08  0.000000000e+00   1.000000000e+00   
1.188671159e+00   2.425859508e+00   5.789564260e-02   2.931739000e-01   4.016472481e+02   3.000000000e+02   -3.537884485e-08  0.000000000e+00   1.000000000e+00   
1.188671159e+00   2.425859508e+00   6.758476431e-02   3.422380000e-01   4.016441713e+02   3.000000000e+02   -4.714663569e-08  0.000000000e+00   1.000000000e+00   
1.188671159e+00   2.425859508e+00   7.672546752e-02   3.885250000e-01   4.016403504e+02   3.000000000e+02   -6.057026557e-08  0.000000000e+00   1.000000000e+00   
1.188671159e+00   2.425859508e+00   8.534875641e-02   4.321919000e-01   4.016357648e+02   3.000000000e+02   -7.550254291e-08  0.000000000e+00   1.000000000e+00   
1.188671159e+00   2.425859508e+00   9.348393685e-02   4.733871000e-01   4.016304152e+02   3.000000000e+02   -9.175901693e-08  0.000000000e+00   1.000000000e+00   
1.188671159e+00   2.425859508e+00   1.011586361e-01   5.122505000e-01   4.016243225e+02   3.000000000e+02   -1.091362737e-07  0.000000000e+00   1.000000000e+00   
1.188671159e+00   2.425859508e+00   1.083989214e-01   5.489141000e-01   4.016175243e+02   3.000000000e+02   -1.274255030e-07  0.000000000e+00   1.000000000e+00   
1.188671159e+00   2.425859508e+00   1.152293592e-01   5.835023000e-01   4.016100718e+02   3.000000000e+02   -1.464218297e-07  0.000000000e+00   1.000000000e+00   
1.188671159e+00   2.425859508e+00   1.216731925e-01   6.161328000e-01   4.016020259e+02   3.000000000e+02   -1.659313871e-07  0.000000000e+00   1.000000000e+00   
1.188671159e+00   2.425859508e+00   1.277522628e-01   6.469162000e-01   4.015934545e+02   3.000000000e+02   -1.857747987e-07  0.000000000e+00   1.000000000e+00   
1.188671159e+00   2.425859508e+00   1.334872458e-01   6.759572000e-01   4.015844291e+02   3.000000000e+02   -2.057902014e-07  0.000000000e+00   1.000000000e+00   
1.188671159e+00   2.425859508e+00   1.388976132e-01   7.033544000e-01   4.015750226e+02   3.000000000e+02   -2.258333958e-07  0.000000000e+00   1.000000000e+00   
1.188671159e+00   2.425859508e+00   1.440017304e-01   7.292008000e-01   4.015653073e+02   3.000000000e+02   -2.457778283e-07  0.000000000e+00   1.000000000e+00   
1.188671159e+00   2.425859508e+00   1.488169360e-01   7.535842000e-01   4.015553533e+02   3.000000000e+02   -2.655135749e-07  0.000000000e+00   1.000000000e+00   
1.188671159e+00   2.425859508e+00   1.533595616e-01   7.765873000e-01   4.015452278e+02   3.000000000e+02   -2.849462781e-07  0.000000000e+00   1.000000000e+00   
1.188671159e+00   2.425859508e+00   1.576450894e-01   7.982885000e-01   4.015349935e+02   3.000000000e+02   -3.039969846e-07  0.000000000e+00   1.000000000e+00   
1.188671159e+00   2.425859508e+00   1.616880146e-01   8.187612000e-01   4.015247089e+02   3.000000000e+02   -3.226002775e-07  0.000000000e+00   1.000000000e+00   
1.188671159e+00   2.425859508e+00   1.655021012e-01   8.380751000e-01   4.015144270e+02   3.000000000e+02   -3.407057635e-07  0.000000000e+00   1.000000000e+00   
1.188671159e+00   2.425859508e+00   1.691003039e-01   8.562958000e-01   4.015041958e+02   3.000000000e+02   -3.582754720e-07  0.000000000e+00   1.000000000e+00   
1.188671159e+00   2.425859508e+00   1.724948270e-01   8.734851000e-01   4.014940578e+02   3.000000000e+02   -3.752845108e-07  0.000000000e+00   1.000000000e+00   
1.188671159e+00   2.425859508e+00   1.756972229e-01   8.897015000e-01   4.014840499e+02   3.000000000e+02   -3.917197905e-07  0.000000000e+00   1.000000000e+00   
1.188671159e+00   2.425859508e+00   1.787183333e-01   9.049999000e-01   4.014742040e+02   3.000000000e+02   -4.075771668e-07  0.000000000e+00   1.000000000e+00   
1.188671159e+00   2.425859508e+00   1.815684467e-01   9.194324000e-01   4.014645468e+02   3.000000000e+02   -4.228584420e-07  0.000000000e+00   1.000000000e+00   
1.188671159e+00   2.425859508e+00   1.842572199e-01   9.330479000e-01   4.014551005e+02   3.000000000e+02   -4.375635642e-07  0.000000000e+00   1.000000000e+00   
1.188671159e+00   2.425859508e+00   1.867938158e-01   9.458928000e-01   4.014458834e+02   3.000000000e+02   -4.516860314e-07  0.000000000e+00   1.000000000e+00   
1.188671159e+00   2.425859508e+00   1.891868250e-01   9.580106000e-01   4.014369111e+02   3.000000000e+02   -4.652109755e-07  0.000000000e+00   1.000000000e+00   
1.188671159e+00   2.425859508e+00   1.914443834e-01   9.694425000e-01   4.014281967e+02   3.000000000e+02   -4.781140334e-07  0.000000000e+00   1.000000000e+00   
1.188671159e+00   2.425859508e+00   1.935741334e-01   9.802272000e-01   4.014197516e+02   3.000000000e+02   -4.903412523e-07  0.000000000e+00   1.000000000e+00   
1.188671159e+00   2.425859508e+00   1.955833622e-01   9.904016000e-01   4.014115864e+02   3.000000000e+02   -5.017219234e-07  0.000000000e+00   1.000000000e+00   
1.188671159e+00   2.425859508e+00   1.974788431e-01   1.000000000e+00   4.014037151e+02   7.490000000e+02   -5.162161327e-07  0.000000000e+00   1.000000000e+00   

1.428827409e+00   2.915974304e+00   1.000000000e-13   7.500859691e-13   3.999667680e+02   3.000000000e+02   1.042530368e-23   0.000000000e+00   1.000000000e+00   
1.428827409e+00   2.915974304e+00   8.753515291e-03   6.565889000e-02   3.999667680e+02   3.000000000e+02   -7.590621787e-08  0.000000000e+00   1.000000000e+00   
1.428827409e+00   2.915974304e+00   1.701154338e-02   1.276012000e-01   3.999603857e+02   3.000000000e+02   -1.474760697e-07  0.000000000e+00   1.000000000e+00   
1.428827409e+00   2.915974304e+00   2.480214371e-02   1.860374000e-01   3.999492715e+02   3.000000000e+02   -2.149225843e-07  0.000000000e+00   1.000000000e+00   
1.428827409e+00   2.915974304e+00   3.215176792e-02   2.411659000e-01   3.999345192e+02   3.000000000e+02   -2.784553120e-07  0.000000000e+00   1.000000000e+00   
1.428827409e+00   2.915974304e+00   3.908537316e-02   2.931739000e-01   3.999169017e+02   3.000000000e+02   -3.382751165e-07  0.000000000e+00   1.000000000e+00   
1.428827409e+00   2.915974304e+00   4.562650338e-02   3.422380000e-01   3.998970344e+02   3.000000000e+02   -3.945757667e-07  0.000000000e+00   1.000000000e+00   
1.428827409e+00   2.915974304e+00   5.179739603e-02   3.885250000e-01   3.998754286e+02   3.000000000e+02   -4.475505054e-07  0.000000000e+00   1.000000000e+00   
1.428827409e+00   2.915974304e+00   5.761898207e-02   4.321919000e-01   3.998525153e+02   3.000000000e+02   -4.973888716e-07  0.000000000e+00   1.000000000e+00   
1.428827409e+00   2.915974304e+00   6.311104587e-02   4.733871000e-01   3.998286593e+02   3.000000000e+02   -5.442616674e-07  0.000000000e+00   1.000000000e+00   
1.428827409e+00   2.915974304e+00   6.829223864e-02   5.122505000e-01   3.998041703e+02   3.000000000e+02   -5.883059999e-07  0.000000000e+00   1.000000000e+00   
1.428827409e+00   2.915974304e+00   7.318015836e-02   5.489141000e-01   3.997793120e+02   3.000000000e+02   -6.296396747e-07  0.000000000e+00   1.000000000e+00   
1.428827409e+00   2.915974304e+00   7.779138979e-02   5.835023000e-01   3.997543084e+02   3.000000000e+02   -6.684569153e-07  0.000000000e+00   1.000000000e+00   
1.428827409e+00   2.915974304e+00   8.214162448e-02   6.161328000e-01   3.997293458e+02   3.000000000e+02   -7.050548763e-07  0.000000000e+00   1.000000000e+00   
1.428827409e+00   2.915974304e+00   8.624560739e-02   6.469162000e-01   3.997045743e+02   3.000000000e+02   -7.398054436e-07  0.000000000e+00   1.000000000e+00   
1.428827409e+00   2.915974304e+00   9.011729693e-02   6.759572000e-01   3.996801105e+02   3.000000000e+02   -7.729183949e-07  0.000000000e+00   1.000000000e+00   
1.428827409e+00   2.915974304e+00   9.376983826e-02   7.033544000e-01   3.996560473e+02   3.000000000e+02   -8.042796907e-07  0.000000000e+00   1.000000000e+00   
1.428827409e+00   2.915974304e+00   9.721562995e-02   7.292008000e-01   3.996324671e+02   3.000000000e+02   -8.334055743e-07  0.000000000e+00   1.000000000e+00   
1.428827409e+00   2.915974304e+00   1.004663773e-01   7.535842000e-01   3.996094520e+02   3.000000000e+02   -8.597441784e-07  0.000000000e+00   1.000000000e+00   
1.428827409e+00   2.915974304e+00   1.035331058e-01   7.765873000e-01   3.995870840e+02   3.000000000e+02   -8.831285829e-07  0.000000000e+00   1.000000000e+00   
1.428827409e+00   2.915974304e+00   1.064262675e-01   7.982885000e-01   3.995654338e+02   3.000000000e+02   -9.041413558e-07  0.000000000e+00   1.000000000e+00   
1.428827409e+00   2.915974304e+00   1.091556480e-01   8.187612000e-01   3.995445452e+02   3.000000000e+02   -9.242303582e-07  0.000000000e+00   1.000000000e+00   
1.428827409e+00   2.915974304e+00   1.117305395e-01   8.380751000e-01   3.995244201e+02   3.000000000e+02   -9.452287802e-07  0.000000000e+00   1.000000000e+00   
1.428827409e+00   2.915974304e+00   1.141596877e-01   8.562958000e-01   3.995050199e+02   3.000000000e+02   -9.689035094e-07  0.000000000e+00   1.000000000e+00   
1.428827409e+00   2.915974304e+00   1.164513317e-01   8.734851000e-01   3.994862757e+02   3.000000000e+02   -9.961110925e-07  0.000000000e+00   1.000000000e+00   
1.428827409e+00   2.915974304e+00   1.186132706e-01   8.897015000e-01   3.994681116e+02   3.000000000e+02   -1.026494600e-06  0.000000000e+00   1.000000000e+00   
1.428827409e+00   2.915974304e+00   1.206528235e-01   9.049999000e-01   3.994504684e+02   3.000000000e+02   -1.058832510e-06  0.000000000e+00   1.000000000e+00   
1.428827409e+00   2.915974304e+00   1.225769362e-01   9.194324000e-01   3.994333140e+02   3.000000000e+02   -1.092267841e-06  0.000000000e+00   1.000000000e+00   
1.428827409e+00   2.915974304e+00   1.243921282e-01   9.330479000e-01   3.994166333e+02   3.000000000e+02   -1.128504034e-06  0.000000000e+00   1.000000000e+00   
1.428827409e+00   2.915974304e+00   1.261045852e-01   9.458928000e-01   3.994003879e+02   3.000000000e+02   -1.174052433e-06  0.000000000e+00   1.000000000e+00   
1.428827409e+00   2.915974304e+00   1.277201067e-01   9.580106000e-01   3.993844582e+02   3.000000000e+02   -1.242063787e-06  0.000000000e+00   1.000000000e+00   
1.428827409e+00   2.915974304e+00   1.292441853e-01   9.694425000e-01   3.993685787e+02   3.000000000e+02   -1.353697318e-06  0.000000000e+00   1.000000000e+00   
1.428827409e+00   2.915974304e+00   1.306819805e-01   9.802272000e-01   3.993522793e+02   3.000000000e+02   -1.538566538e-06  0.000000000e+00   1.000000000e+00   
1.428827409e+00   2.915974304e+00   1.320384117e-01   9.904016000e-01   3.993348429e+02   3.000000000e+02   -1.813526498e-06  0.000000000e+00   1.000000000e+00   
1.428827409e+00   2.915974304e+00   1.333180517e-01   1.000000000e+00   3.993343181e+02   7.490000000e+02   -1.881121103e-06  0.000000000e+00   1.000000000e+00   

1.548358659e+00   3.159915631e+00   1.000000000e-13   1.109469292e-12   3.979128957e+02   3.000000000e+02   -2.253134178e-20  0.000000000e+00   1.000000000e+00   
1.548358659e+00   3.159915631e+00   5.918044824e-03   6.565889000e-02   3.979128957e+02   3.000000000e+02   -8.966303652e-08  0.000000000e+00   1.000000000e+00   
1.548358659e+00   3.159915631e+00   1.150110246e-02   1.276012000e-01   3.979077444e+02   3.000000000e+02   -1.741613990e-07  0.000000000e+00   1.000000000e+00   
1.548358659e+00   3.159915631e+00   1.676814323e-02   1.860374000e-01   3.978987762e+02   3.000000000e+02   -2.537147967e-07  0.000000000e+00   1.000000000e+00   
1.548358659e+00   3.159915631e+00   2.173705048e-02   2.411659000e-01   3.978868772e+02   3.000000000e+02   -3.285566188e-07  0.000000000e+00   1.000000000e+00   
1.548358659e+00   3.159915631e+00   2.642469712e-02   2.931739000e-01   3.978726742e+02   3.000000000e+02   -3.989232237e-07  0.000000000e+00   1.000000000e+00   
1.548358659e+00   3.159915631e+00   3.084700068e-02   3.422380000e-01   3.978566664e+02   3.000000000e+02   -4.650496554e-07  0.000000000e+00   1.000000000e+00   
1.548358659e+00   3.159915631e+00   3.501899537e-02   3.885250000e-01   3.978392679e+02   3.000000000e+02   -5.271669828e-07  0.000000000e+00   1.000000000e+00   
1.548358659e+00   3.159915631e+00   3.895483211e-02   4.321919000e-01   3.978208278e+02   3.000000000e+02   -5.854993754e-07  0.000000000e+00   1.000000000e+00   
1.548358659e+00   3.159915631e+00   4.266788666e-02   4.733871000e-01   3.978016414e+02   3.000000000e+02   -6.402638971e-07  0.000000000e+00   1.000000000e+00   
1.548358659e+00   3.159915631e+00   4.617076865e-02   5.122505000e-01   3.977819587e+02   3.000000000e+02   -6.916690233e-07  0.000000000e+00   1.000000000e+00   
1.548358659e+00   3.159915631e+00   4.947537566e-02   5.489141000e-01   3.977619909e+02   3.000000000e+02   -7.399144343e-07  0.000000000e+00   1.000000000e+00   
1.548358659e+00   3.159915631e+00   5.259292026e-02   5.835023000e-01   3.977419160e+02   3.000000000e+02   -7.851904514e-07  0.000000000e+00   1.000000000e+00   
1.548358659e+00   3.159915631e+00   5.553401113e-02   6.161328000e-01   3.977218826e+02   3.000000000e+02   -8.276785870e-07  0.000000000e+00   1.000000000e+00   
1.548358659e+00   3.159915631e+00   5.830861699e-02   6.469162000e-01   3.977020148e+02   3.000000000e+02   -8.675505791e-07  0.000000000e+00   1.000000000e+00   
1.548358659e+00   3.159915631e+00   6.092617479e-02   6.759572000e-01   3.976824145e+02   3.000000000e+02   -9.049694100e-07  0.000000000e+00   1.000000000e+00   
1.548358659e+00   3.159915631e+00   6.339557166e-02   7.033544000e-01   3.976631653e+02   3.000000000e+02   -9.400887214e-07  0.000000000e+00   1.000000000e+00   
1.548358659e+00   3.159915631e+00   6.572518999e-02   7.292008000e-01   3.976443343e+02   3.000000000e+02   -9.730536307e-07  0.000000000e+00   1.000000000e+00   
1.548358659e+00   3.159915631e+00   6.792294347e-02   7.535842000e-01   3.976259749e+02   3.000000000e+02   -1.004000781e-06  0.000000000e+00   1.000000000e+00   
1.548358659e+00   3.159915631e+00   6.999628612e-02   7.765873000e-01   3.976081286e+02   3.000000000e+02   -1.033058444e-06  0.000000000e+00   1.000000000e+00   
1.548358659e+00   3.159915631e+00   7.195228438e-02   7.982885000e-01   3.975908263e+02   3.000000000e+02   -1.060347601e-06  0.000000000e+00   1.000000000e+00   
1.548358659e+00   3.159915631e+00   7.379755402e-02   8.187612000e-01   3.975740906e+02   3.000000000e+02   -1.085980628e-06  0.000000000e+00   1.000000000e+00   
1.548358659e+00   3.159915631e+00   7.553837732e-02   8.380751000e-01   3.975579364e+02   3.000000000e+02   -1.110063410e-06  0.000000000e+00   1.000000000e+00   
1.548358659e+00   3.159915631e+00   7.718066703e-02   8.562958000e-01   3.975423723e+02   3.000000000e+02   -1.132693953e-06  0.000000000e+00   1.000000000e+00   
1.548358659e+00   3.159915631e+00   7.872999337e-02   8.734851000e-01   3.975274019e+02   3.000000000e+02   -1.153963327e-06  0.000000000e+00   1.000000000e+00   
1.548358659e+00   3.159915631e+00   8.019162914e-02   8.897015000e-01   3.975130239e+02   3.000000000e+02   -1.173955874e-06  0.000000000e+00   1.000000000e+00   
1.548358659e+00   3.159915631e+00   8.157052265e-02   9.049999000e-01   3.974992339e+02   3.000000000e+02   -1.192748773e-06  0.000000000e+00   1.000000000e+00   
1.548358659e+00   3.159915631e+00   8.287136983e-02   9.194324000e-01   3.974860242e+02   3.000000000e+02   -1.210414710e-06  0.000000000e+00   1.000000000e+00   
1.548358659e+00   3.159915631e+00   8.409857819e-02   9.330479000e-01   3.974733847e+02   3.000000000e+02   -1.227020746e-06  0.000000000e+00   1.000000000e+00   
1.548358659e+00   3.159915631e+00   8.525632993e-02   9.458928000e-01   3.974613031e+02   3.000000000e+02   -1.242629265e-06  0.000000000e+00   1.000000000e+00   
1.548358659e+00   3.159915631e+00   8.634854583e-02   9.580106000e-01   3.974497660e+02   3.000000000e+02   -1.257301834e-06  0.000000000e+00   1.000000000e+00   
1.548358659e+00   3.159915631e+00   8.737893938e-02   9.694425000e-01   3.974387584e+02   3.000000000e+02   -1.271125753e-06  0.000000000e+00   1.000000000e+00   
1.548358659e+00   3.159915631e+00   8.835099873e-02   9.802272000e-01   3.974282639e+02   3.000000000e+02   -1.284314096e-06  0.000000000e+00   1.000000000e+00   
1.548358659e+00   3.159915631e+00   8.926804980e-02   9.904016000e-01   3.974182628e+02   3.000000000e+02   -1.296536436e-06  0.000000000e+00   1.000000000e+00   
1.548358659e+00   3.159915631e+00   9.013318415e-02   1.000000000e+00   3.974087414e+02   7.490000000e+02   -1.316414538e-06  0.000000000e+00   1.000000000e+00   

