t[s](1)           t[s/mm2](2)       r[mm](3)          r/rd[-](4)        T[K](5)           Tfib[K](6)        v[m/s](7)         dummy(8)          NC7H16_w(9)       
0.000000000e+00   0.000000000e+00   0.000000000e+00   0.000000000e+00   3.000000000e+02   3.000000000e+02   0.000000000e+00   0.000000000e+00   1.000000000e+00   
0.000000000e+00   0.000000000e+00   2.298061150e-02   6.565889000e-02   3.000000000e+02   3.000000000e+02   0.000000000e+00   0.000000000e+00   1.000000000e+00   
0.000000000e+00   0.000000000e+00   4.466042000e-02   1.276012000e-01   3.000000000e+02   3.000000000e+02   0.000000000e+00   0.000000000e+00   1.000000000e+00   
0.000000000e+00   0.000000000e+00   6.511309000e-02   1.860374000e-01   3.000000000e+02   3.000000000e+02   0.000000000e+00   0.000000000e+00   1.000000000e+00   
0.000000000e+00   0.000000000e+00   8.440806500e-02   2.411659000e-01   3.000000000e+02   3.000000000e+02   0.000000000e+00   0.000000000e+00   1.000000000e+00   
0.000000000e+00   0.000000000e+00   1.026108650e-01   2.931739000e-01   3.000000000e+02   3.000000000e+02   0.000000000e+00   0.000000000e+00   1.000000000e+00   
0.000000000e+00   0.000000000e+00   1.197833000e-01   3.422380000e-01   3.000000000e+02   3.000000000e+02   0.000000000e+00   0.000000000e+00   1.000000000e+00   
0.000000000e+00   0.000000000e+00   1.359837500e-01   3.885250000e-01   3.000000000e+02   3.000000000e+02   0.000000000e+00   0.000000000e+00   1.000000000e+00   
0.000000000e+00   0.000000000e+00   1.512671650e-01   4.321919000e-01   3.000000000e+02   3.000000000e+02   0.000000000e+00   0.000000000e+00   1.000000000e+00   
0.000000000e+00   0.000000000e+00   1.656854850e-01   4.733871000e-01   3.000000000e+02   3.000000000e+02   0.000000000e+00   0.000000000e+00   1.000000000e+00   
0.000000000e+00   0.000000000e+00   1.792876750e-01   5.122505000e-01   3.000000000e+02   3.000000000e+02   0.000000000e+00   0.000000000e+00   1.000000000e+00   
0.000000000e+00   0.000000000e+00   1.921199350e-01   5.489141000e-01   3.000000000e+02   3.000000000e+02   0.000000000e+00   0.000000000e+00   1.000000000e+00   
0.000000000e+00   0.000000000e+00   2.042258050e-01   5.835023000e-01   3.000000000e+02   3.000000000e+02   0.000000000e+00   0.000000000e+00   1.000000000e+00   
0.000000000e+00   0.000000000e+00   2.156464800e-01   6.161328000e-01   3.000000000e+02   3.000000000e+02   0.000000000e+00   0.000000000e+00   1.000000000e+00   
0.000000000e+00   0.000000000e+00   2.264206700e-01   6.469162000e-01   3.000000000e+02   3.000000000e+02   0.000000000e+00   0.000000000e+00   1.000000000e+00   
0.000000000e+00   0.000000000e+00   2.365850200e-01   6.759572000e-01   3.000000000e+02   3.000000000e+02   0.000000000e+00   0.000000000e+00   1.000000000e+00   
0.000000000e+00   0.000000000e+00   2.461740400e-01   7.033544000e-01   3.000000000e+02   3.000000000e+02   0.000000000e+00   0.000000000e+00   1.000000000e+00   
0.000000000e+00   0.000000000e+00   2.552202800e-01   7.292008000e-01   3.000000000e+02   3.000000000e+02   0.000000000e+00   0.000000000e+00   1.000000000e+00   
0.000000000e+00   0.000000000e+00   2.637544700e-01   7.535842000e-01   3.000000000e+02   3.000000000e+02   0.000000000e+00   0.000000000e+00   1.000000000e+00   
0.000000000e+00   0.000000000e+00   2.718055550e-01   7.765873000e-01   3.000000000e+02   3.000000000e+02   0.000000000e+00   0.000000000e+00   1.000000000e+00   
0.000000000e+00   0.000000000e+00   2.794009750e-01   7.982885000e-01   3.000000000e+02   3.000000000e+02   0.000000000e+00   0.000000000e+00   1.000000000e+00   
0.000000000e+00   0.000000000e+00   2.865664200e-01   8.187612000e-01   3.000000000e+02   3.000000000e+02   0.000000000e+00   0.000000000e+00   1.000000000e+00   
0.000000000e+00   0.000000000e+00   2.933262850e-01   8.380751000e-01   3.000000000e+02   3.000000000e+02   0.000000000e+00   0.000000000e+00   1.000000000e+00   
0.000000000e+00   0.000000000e+00   2.997035300e-01   8.562958000e-01   3.000000000e+02   3.000000000e+02   0.000000000e+00   0.000000000e+00   1.000000000e+00   
0.000000000e+00   0.000000000e+00   3.057197850e-01   8.734851000e-01   3.000000000e+02   3.000000000e+02   0.000000000e+00   0.000000000e+00   1.000000000e+00   
0.000000000e+00   0.000000000e+00   3.113955250e-01   8.897015000e-01   3.000000000e+02   3.000000000e+02   0.000000000e+00   0.000000000e+00   1.000000000e+00   
0.000000000e+00   0.000000000e+00   3.167499650e-01   9.049999000e-01   3.000000000e+02   3.000000000e+02   0.000000000e+00   0.000000000e+00   1.000000000e+00   
0.000000000e+00   0.000000000e+00   3.218013400e-01   9.194324000e-01   3.000000000e+02   3.000000000e+02   0.000000000e+00   0.000000000e+00   1.000000000e+00   
0.000000000e+00   0.000000000e+00   3.265667650e-01   9.330479000e-01   3.000000000e+02   3.000000000e+02   0.000000000e+00   0.000000000e+00   1.000000000e+00   
0.000000000e+00   0.000000000e+00   3.310624800e-01   9.458928000e-01   3.000000000e+02   3.000000000e+02   0.000000000e+00   0.000000000e+00   1.000000000e+00   
0.000000000e+00   0.000000000e+00   3.353037100e-01   9.580106000e-01   3.000000000e+02   3.000000000e+02   0.000000000e+00   0.000000000e+00   1.000000000e+00   
0.000000000e+00   0.000000000e+00   3.393048750e-01   9.694425000e-01   3.000000000e+02   3.000000000e+02   0.000000000e+00   0.000000000e+00   1.000000000e+00   
0.000000000e+00   0.000000000e+00   3.430795200e-01   9.802272000e-01   3.000000000e+02   3.000000000e+02   0.000000000e+00   0.000000000e+00   1.000000000e+00   
0.000000000e+00   0.000000000e+00   3.466405600e-01   9.904016000e-01   3.000000000e+02   3.000000000e+02   0.000000000e+00   0.000000000e+00   1.000000000e+00   
0.000000000e+00   0.000000000e+00   3.500000000e-01   1.000000000e+00   2.997000000e+02   2.997000000e+02   0.000000000e+00   0.000000000e+00   1.000000000e+00   

2.744331397e-06   5.600676320e-06   1.000000000e-13   2.857678673e-13   3.000000000e+02   3.000000000e+02   -1.290208338e-21  0.000000000e+00   1.000000000e+00   
2.744331397e-06   5.600676320e-06   2.297630263e-02   6.565889000e-02   3.000000000e+02   3.000000000e+02   -4.300694460e-22  0.000000000e+00   1.000000000e+00   
2.744331397e-06   5.600676320e-06   4.465204616e-02   1.276012000e-01   3.000000000e+02   3.000000000e+02   -2.182126109e-22  0.000000000e+00   1.000000000e+00   
2.744331397e-06   5.600676320e-06   6.510088128e-02   1.860374000e-01   3.000000000e+02   3.000000000e+02   -1.340191264e-22  0.000000000e+00   1.000000000e+00   
2.744331397e-06   5.600676320e-06   8.439223847e-02   2.411659000e-01   3.000000000e+02   3.000000000e+02   -9.197136341e-23  0.000000000e+00   1.000000000e+00   
2.744331397e-06   5.600676320e-06   1.025916254e-01   2.931739000e-01   3.000000000e+02   3.000000000e+02   -6.788592383e-23  0.000000000e+00   1.000000000e+00   
2.744331397e-06   5.600676320e-06   1.197608406e-01   3.422380000e-01   3.000000000e+02   3.000000000e+02   -5.275868766e-23  0.000000000e+00   1.000000000e+00   
2.744331397e-06   5.600676320e-06   1.359582530e-01   3.885250000e-01   3.000000000e+02   3.000000000e+02   -4.260675894e-23  0.000000000e+00   1.000000000e+00   
2.744331397e-06   5.600676320e-06   1.512388024e-01   4.321919000e-01   3.000000000e+02   3.000000000e+02   -3.544443730e-23  0.000000000e+00   1.000000000e+00   
2.744331397e-06   5.600676320e-06   1.656544189e-01   4.733871000e-01   3.000000000e+02   3.000000000e+02   -3.019002998e-23  0.000000000e+00   1.000000000e+00   
2.744331397e-06   5.600676320e-06   1.792540585e-01   5.122505000e-01   3.000000000e+02   3.000000000e+02   -2.621263217e-23  0.000000000e+00   1.000000000e+00   
2.744331397e-06   5.600676320e-06   1.920839125e-01   5.489141000e-01   3.000000000e+02   3.000000000e+02   -2.312363932e-23  0.000000000e+00   1.000000000e+00   
2.744331397e-06   5.600676320e-06   2.041875126e-01   5.835023000e-01   3.000000000e+02   3.000000000e+02   -2.067280077e-23  0.000000000e+00   1.000000000e+00   
2.744331397e-06   5.600676320e-06   2.156060462e-01   6.161328000e-01   3.000000000e+02   3.000000000e+02   -1.869284784e-23  0.000000000e+00   1.000000000e+00   
2.744331397e-06   5.600676320e-06   2.263782161e-01   6.469162000e-01   3.000000000e+02   3.000000000e+02   -1.706844919e-23  0.000000000e+00   1.000000000e+00   
2.744331397e-06   5.600676320e-06   2.365406602e-01   6.759572000e-01   3.000000000e+02   3.000000000e+02   -1.571788145e-23  0.000000000e+00   1.000000000e+00   
2.744331397e-06   5.600676320e-06   2.461278823e-01   7.033544000e-01   3.000000000e+02   3.000000000e+02   -1.458188825e-23  0.000000000e+00   1.000000000e+00   
2.744331397e-06   5.600676320e-06   2.551724261e-01   7.292008000e-01   3.000000000e+02   3.000000000e+02   -1.361661125e-23  0.000000000e+00   1.000000000e+00   
2.744331397e-06   5.600676320e-06   2.637050160e-01   7.535842000e-01   3.000000000e+02   3.000000000e+02   -1.278899521e-23  0.000000000e+00   1.000000000e+00   
2.744331397e-06   5.600676320e-06   2.717545914e-01   7.765873000e-01   3.000000000e+02   3.000000000e+02   -1.207372932e-23  0.000000000e+00   1.000000000e+00   
2.744331397e-06   5.600676320e-06   2.793485872e-01   7.982885000e-01   3.000000000e+02   3.000000000e+02   -1.145113873e-23  0.000000000e+00   1.000000000e+00   
2.744331397e-06   5.600676320e-06   2.865126887e-01   8.187612000e-01   3.000000000e+02   3.000000000e+02   -1.090575330e-23  0.000000000e+00   1.000000000e+00   
2.744331397e-06   5.600676320e-06   2.932712862e-01   8.380751000e-01   3.000000000e+02   3.000000000e+02   -1.042524245e-23  0.000000000e+00   1.000000000e+00   
2.744331397e-06   5.600676320e-06   2.996473355e-01   8.562958000e-01   3.000000000e+02   3.000000000e+02   -9.999685676e-24  0.000000000e+00   1.000000000e+00   
2.744331397e-06   5.600676320e-06   3.056624625e-01   8.734851000e-01   3.000000000e+02   3.000000000e+02   -9.621203820e-24  0.000000000e+00   1.000000000e+00   
2.744331397e-06   5.600676320e-06   3.113371383e-01   8.897015000e-01   3.000000000e+02   3.000000000e+02   -9.543893441e-24  0.000000000e+00   1.000000000e+00   
2.744331397e-06   5.600676320e-06   3.166905743e-01   9.049999000e-01   3.000000000e+02   3.000000000e+02   -1.419607732e-22  0.000000000e+00   1.000000000e+00   
2.744331397e-06   5.600676320e-06   3.217410022e-01   9.194324000e-01   3.000000000e+02   3.000000000e+02   1.301384396e-17   0.000000000e+00   1.000000000e+00   
2.744331397e-06   5.600676320e-06   3.265055336e-01   9.330479000e-01   3.000000000e+02   3.000000000e+02   7.892595868e-15   0.000000000e+00   1.000000000e+00   
2.744331397e-06   5.600676320e-06   3.310004057e-01   9.458928000e-01   3.000000000e+02   3.000000000e+02   3.294108828e-12   0.000000000e+00   1.000000000e+00   
2.744331397e-06   5.600676320e-06   3.352408405e-01   9.580106000e-01   3.000000002e+02   3.000000000e+02   9.786286014e-10   0.000000000e+00   1.000000000e+00   
2.744331397e-06   5.600676320e-06   3.392412552e-01   9.694425000e-01   3.000000467e+02   3.000000000e+02   1.919673428e-07   0.000000000e+00   1.000000000e+00   
2.744331397e-06   5.600676320e-06   3.430151925e-01   9.802272000e-01   3.000086474e+02   3.000000000e+02   2.166231756e-05   0.000000000e+00   1.000000000e+00   
2.744331397e-06   5.600676320e-06   3.465755648e-01   9.904016000e-01   3.009245487e+02   3.000000000e+02   9.802408407e-04   0.000000000e+00   1.000000000e+00   
2.744331397e-06   5.600676320e-06   3.499343749e-01   1.000000000e+00   3.419396233e+02   6.690000000e+02   -1.719001815e-02  0.000000000e+00   1.000000000e+00   

4.227737968e-05   8.628036670e-05   1.000000000e-13   2.858301566e-13   3.000000000e+02   3.000000000e+02   2.299276089e-20   0.000000000e+00   1.000000000e+00   
4.227737968e-05   8.628036670e-05   2.297129553e-02   6.565889000e-02   3.000000000e+02   3.000000000e+02   7.664253630e-21   0.000000000e+00   1.000000000e+00   
4.227737968e-05   8.628036670e-05   4.464231539e-02   1.276012000e-01   3.000000000e+02   3.000000000e+02   3.888759852e-21   0.000000000e+00   1.000000000e+00   
4.227737968e-05   8.628036670e-05   6.508669421e-02   1.860374000e-01   3.000000000e+02   3.000000000e+02   2.388350500e-21   0.000000000e+00   1.000000000e+00   
4.227737968e-05   8.628036670e-05   8.437384734e-02   2.411659000e-01   3.000000000e+02   3.000000000e+02   1.639018680e-21   0.000000000e+00   1.000000000e+00   
4.227737968e-05   8.628036670e-05   1.025692682e-01   2.931739000e-01   3.000000000e+02   3.000000000e+02   1.209792844e-21   0.000000000e+00   1.000000000e+00   
4.227737968e-05   8.628036670e-05   1.197347418e-01   3.422380000e-01   3.000000000e+02   3.000000000e+02   9.402108592e-22   0.000000000e+00   1.000000000e+00   
4.227737968e-05   8.628036670e-05   1.359286244e-01   3.885250000e-01   3.000000000e+02   3.000000000e+02   7.592936674e-22   0.000000000e+00   1.000000000e+00   
4.227737968e-05   8.628036670e-05   1.512058437e-01   4.321919000e-01   3.000000000e+02   3.000000000e+02   6.316541660e-22   0.000000000e+00   1.000000000e+00   
4.227737968e-05   8.628036670e-05   1.656183188e-01   4.733871000e-01   3.000000000e+02   3.000000000e+02   5.380155437e-22   0.000000000e+00   1.000000000e+00   
4.227737968e-05   8.628036670e-05   1.792149947e-01   5.122505000e-01   3.000000000e+02   3.000000000e+02   4.671344665e-22   0.000000000e+00   1.000000000e+00   
4.227737968e-05   8.628036670e-05   1.920420527e-01   5.489141000e-01   3.000000000e+02   3.000000000e+02   4.120856254e-22   0.000000000e+00   1.000000000e+00   
4.227737968e-05   8.628036670e-05   2.041430152e-01   5.835023000e-01   3.000000000e+02   3.000000000e+02   3.684093111e-22   0.000000000e+00   1.000000000e+00   
4.227737968e-05   8.628036670e-05   2.155590604e-01   6.161328000e-01   3.000000000e+02   3.000000000e+02   3.331246342e-22   0.000000000e+00   1.000000000e+00   
4.227737968e-05   8.628036670e-05   2.263288827e-01   6.469162000e-01   3.000000000e+02   3.000000000e+02   3.041762787e-22   0.000000000e+00   1.000000000e+00   
4.227737968e-05   8.628036670e-05   2.364891123e-01   6.759572000e-01   3.000000000e+02   3.000000000e+02   2.801078548e-22   0.000000000e+00   1.000000000e+00   
4.227737968e-05   8.628036670e-05   2.460742450e-01   7.033544000e-01   3.000000000e+02   3.000000000e+02   2.598633569e-22   0.000000000e+00   1.000000000e+00   
4.227737968e-05   8.628036670e-05   2.551168178e-01   7.292008000e-01   3.000000000e+02   3.000000000e+02   2.426611868e-22   0.000000000e+00   1.000000000e+00   
4.227737968e-05   8.628036670e-05   2.636475482e-01   7.535842000e-01   3.000000000e+02   3.000000000e+02   2.279122678e-22   0.000000000e+00   1.000000000e+00   
4.227737968e-05   8.628036670e-05   2.716953694e-01   7.765873000e-01   3.000000000e+02   3.000000000e+02   2.151655381e-22   0.000000000e+00   1.000000000e+00   
4.227737968e-05   8.628036670e-05   2.792877104e-01   7.982885000e-01   3.000000000e+02   3.000000000e+02   2.041063425e-22   0.000000000e+00   1.000000000e+00   
4.227737968e-05   8.628036670e-05   2.864502506e-01   8.187612000e-01   3.000000000e+02   3.000000000e+02   2.115218966e-22   0.000000000e+00   1.000000000e+00   
4.227737968e-05   8.628036670e-05   2.932073753e-01   8.380751000e-01   3.000000000e+02   3.000000000e+02   6.388751181e-21   0.000000000e+00   1.000000000e+00   
4.227737968e-05   8.628036670e-05   2.995820350e-01   8.562958000e-01   3.000000000e+02   3.000000000e+02   4.370956240e-18   0.000000000e+00   1.000000000e+00   
4.227737968e-05   8.628036670e-05   3.055958512e-01   8.734851000e-01   3.000000000e+02   3.000000000e+02   4.677360489e-16   0.000000000e+00   1.000000000e+00   
4.227737968e-05   8.628036670e-05   3.112692903e-01   8.897015000e-01   3.000000000e+02   3.000000000e+02   3.327018266e-14   0.000000000e+00   1.000000000e+00   
4.227737968e-05   8.628036670e-05   3.166215597e-01   9.049999000e-01   3.000000000e+02   3.000000000e+02   1.894269761e-12   0.000000000e+00   1.000000000e+00   
4.227737968e-05   8.628036670e-05   3.216708870e-01   9.194324000e-01   3.000000001e+02   3.000000000e+02   8.489224053e-11   0.000000000e+00   1.000000000e+00   
4.227737968e-05   8.628036670e-05   3.264343801e-01   9.330479000e-01   3.000000049e+02   3.000000000e+02   2.924105990e-09   0.000000000e+00   1.000000000e+00   
4.227737968e-05   8.628036670e-05   3.309282726e-01   9.458928000e-01   3.000001614e+02   3.000000000e+02   7.496705861e-08   0.000000000e+00   1.000000000e+00   
4.227737968e-05   8.628036670e-05   3.351677833e-01   9.580106000e-01   3.000039415e+02   3.000000000e+02   1.365962359e-06   0.000000000e+00   1.000000000e+00   
4.227737968e-05   8.628036670e-05   3.391673263e-01   9.694425000e-01   3.000688639e+02   3.000000000e+02   1.646178000e-05   0.000000000e+00   1.000000000e+00   
4.227737968e-05   8.628036670e-05   3.429404411e-01   9.802272000e-01   3.008068650e+02   3.000000000e+02   1.157681957e-04   0.000000000e+00   1.000000000e+00   
4.227737968e-05   8.628036670e-05   3.465000375e-01   9.904016000e-01   3.057179188e+02   3.000000000e+02   3.591188453e-04   0.000000000e+00   1.000000000e+00   
4.227737968e-05   8.628036670e-05   3.498581157e-01   1.000000000e+00   3.201792450e+02   6.690000000e+02   4.947622299e-05   0.000000000e+00   1.000000000e+00   

7.542666307e-04   1.539319654e-03   1.000000000e-13   2.857604188e-13   3.000000000e+02   3.000000000e+02   6.483392816e-23   0.000000000e+00   1.000000000e+00   
7.542666307e-04   1.539319654e-03   2.297690152e-02   6.565889000e-02   3.000000000e+02   3.000000000e+02   2.161130939e-23   0.000000000e+00   1.000000000e+00   
7.542666307e-04   1.539319654e-03   4.465321004e-02   1.276012000e-01   3.000000000e+02   3.000000000e+02   1.096534592e-23   0.000000000e+00   1.000000000e+00   
7.542666307e-04   1.539319654e-03   6.510257817e-02   1.860374000e-01   3.000000000e+02   3.000000000e+02   6.734560737e-24   0.000000000e+00   1.000000000e+00   
7.542666307e-04   1.539319654e-03   8.439443819e-02   2.411659000e-01   3.000000000e+02   3.000000000e+02   4.621629383e-24   0.000000000e+00   1.000000000e+00   
7.542666307e-04   1.539319654e-03   1.025942995e-01   2.931739000e-01   3.000000000e+02   3.000000000e+02   3.411317975e-24   0.000000000e+00   1.000000000e+00   
7.542666307e-04   1.539319654e-03   1.197639622e-01   3.422380000e-01   3.000000000e+02   3.000000000e+02   2.651151075e-24   0.000000000e+00   1.000000000e+00   
7.542666307e-04   1.539319654e-03   1.359617968e-01   3.885250000e-01   3.000000000e+02   3.000000000e+02   2.140328628e-24   0.000000000e+00   1.000000000e+00   
7.542666307e-04   1.539319654e-03   1.512427445e-01   4.321919000e-01   3.000000000e+02   3.000000000e+02   1.750082300e-24   0.000000000e+00   1.000000000e+00   
7.542666307e-04   1.539319654e-03   1.656587368e-01   4.733871000e-01   3.000000000e+02   3.000000000e+02   4.006367037e-25   0.000000000e+00   1.000000000e+00   
7.542666307e-04   1.539319654e-03   1.792587309e-01   5.122505000e-01   3.000000000e+02   3.000000000e+02   -3.087210781e-23  0.000000000e+00   1.000000000e+00   
7.542666307e-04   1.539319654e-03   1.920889192e-01   5.489141000e-01   3.000000000e+02   3.000000000e+02   -6.320291262e-22  0.000000000e+00   1.000000000e+00   
7.542666307e-04   1.539319654e-03   2.041928349e-01   5.835023000e-01   3.000000000e+02   3.000000000e+02   7.619033939e-21   0.000000000e+00   1.000000000e+00   
7.542666307e-04   1.539319654e-03   2.156116661e-01   6.161328000e-01   3.000000000e+02   3.000000000e+02   2.120814683e-18   0.000000000e+00   1.000000000e+00   
7.542666307e-04   1.539319654e-03   2.263841167e-01   6.469162000e-01   3.000000000e+02   3.000000000e+02   3.871647812e-17   0.000000000e+00   1.000000000e+00   
7.542666307e-04   1.539319654e-03   2.365468258e-01   6.759572000e-01   3.000000000e+02   3.000000000e+02   7.303753823e-16   0.000000000e+00   1.000000000e+00   
7.542666307e-04   1.539319654e-03   2.461342977e-01   7.033544000e-01   3.000000000e+02   3.000000000e+02   1.188747375e-14   0.000000000e+00   1.000000000e+00   
7.542666307e-04   1.539319654e-03   2.551790773e-01   7.292008000e-01   3.000000000e+02   3.000000000e+02   1.677894190e-13   0.000000000e+00   1.000000000e+00   
7.542666307e-04   1.539319654e-03   2.637118896e-01   7.535842000e-01   3.000000000e+02   3.000000000e+02   2.046397963e-12   0.000000000e+00   1.000000000e+00   
7.542666307e-04   1.539319654e-03   2.717616748e-01   7.765873000e-01   3.000000002e+02   3.000000000e+02   2.148206004e-11   0.000000000e+00   1.000000000e+00   
7.542666307e-04   1.539319654e-03   2.793558686e-01   7.982885000e-01   3.000000022e+02   3.000000000e+02   1.932886653e-10   0.000000000e+00   1.000000000e+00   
7.542666307e-04   1.539319654e-03   2.865201568e-01   8.187612000e-01   3.000000189e+02   3.000000000e+02   1.483804219e-09   0.000000000e+00   1.000000000e+00   
7.542666307e-04   1.539319654e-03   2.932789305e-01   8.380751000e-01   3.000001395e+02   3.000000000e+02   9.670574136e-09   0.000000000e+00   1.000000000e+00   
7.542666307e-04   1.539319654e-03   2.996551460e-01   8.562958000e-01   3.000008800e+02   3.000000000e+02   5.323265486e-08   0.000000000e+00   1.000000000e+00   
7.542666307e-04   1.539319654e-03   3.056704297e-01   8.734851000e-01   3.000047190e+02   3.000000000e+02   2.461946863e-07   0.000000000e+00   1.000000000e+00   
7.542666307e-04   1.539319654e-03   3.113452534e-01   8.897015000e-01   3.000214440e+02   3.000000000e+02   9.520481596e-07   0.000000000e+00   1.000000000e+00   
7.542666307e-04   1.539319654e-03   3.166988290e-01   9.049999000e-01   3.000823790e+02   3.000000000e+02   3.067101100e-06   0.000000000e+00   1.000000000e+00   
7.542666307e-04   1.539319654e-03   3.217493885e-01   9.194324000e-01   3.002673667e+02   3.000000000e+02   8.222125418e-06   0.000000000e+00   1.000000000e+00   
7.542666307e-04   1.539319654e-03   3.265140442e-01   9.330479000e-01   3.007347697e+02   3.000000000e+02   1.839573644e-05   0.000000000e+00   1.000000000e+00   
7.542666307e-04   1.539319654e-03   3.310090334e-01   9.458928000e-01   3.017206501e+02   3.000000000e+02   3.464738637e-05   0.000000000e+00   1.000000000e+00   
7.542666307e-04   1.539319654e-03   3.352495787e-01   9.580106000e-01   3.034716808e+02   3.000000000e+02   5.573433961e-05   0.000000000e+00   1.000000000e+00   
7.542666307e-04   1.539319654e-03   3.392500977e-01   9.694425000e-01   3.061290975e+02   3.000000000e+02   7.801522204e-05   0.000000000e+00   1.000000000e+00   
7.542666307e-04   1.539319654e-03   3.430241334e-01   9.802272000e-01   3.096413649e+02   3.000000000e+02   9.694761743e-05   0.000000000e+00   1.000000000e+00   
7.542666307e-04   1.539319654e-03   3.465845985e-01   9.904016000e-01   3.137687054e+02   3.000000000e+02   1.090272921e-04   0.000000000e+00   1.000000000e+00   
7.542666307e-04   1.539319654e-03   3.499434961e-01   1.000000000e+00   3.181680700e+02   6.690000000e+02   1.112003123e-04   0.000000000e+00   1.000000000e+00   

9.389055265e-03   1.916133728e-02   1.000000000e-13   2.853738377e-13   3.000000000e+02   3.000000000e+02   4.550109120e-27   0.000000000e+00   1.000000000e+00   
9.389055265e-03   1.916133728e-02   2.300802713e-02   6.565889000e-02   3.000000000e+02   3.000000000e+02   6.080365918e-15   0.000000000e+00   1.000000000e+00   
9.389055265e-03   1.916133728e-02   4.471369942e-02   1.276012000e-01   3.000000000e+02   3.000000000e+02   4.088027436e-14   0.000000000e+00   1.000000000e+00   
9.389055265e-03   1.916133728e-02   6.519076925e-02   1.860374000e-01   3.000000000e+02   3.000000000e+02   2.695598070e-13   0.000000000e+00   1.000000000e+00   
9.389055265e-03   1.916133728e-02   8.450876296e-02   2.411659000e-01   3.000000001e+02   3.000000000e+02   1.673033295e-12   0.000000000e+00   1.000000000e+00   
9.389055265e-03   1.916133728e-02   1.027332787e-01   2.931739000e-01   3.000000005e+02   3.000000000e+02   9.522993378e-12   0.000000000e+00   1.000000000e+00   
9.389055265e-03   1.916133728e-02   1.199262002e-01   3.422380000e-01   3.000000027e+02   3.000000000e+02   4.909172564e-11   0.000000000e+00   1.000000000e+00   
9.389055265e-03   1.916133728e-02   1.361459772e-01   3.885250000e-01   3.000000132e+02   3.000000000e+02   2.276435848e-10   0.000000000e+00   1.000000000e+00   
9.389055265e-03   1.916133728e-02   1.514476252e-01   4.321919000e-01   3.000000584e+02   3.000000000e+02   9.458705445e-10   0.000000000e+00   1.000000000e+00   
9.389055265e-03   1.916133728e-02   1.658831461e-01   4.733871000e-01   3.000002334e+02   3.000000000e+02   3.514600728e-09   0.000000000e+00   1.000000000e+00   
9.389055265e-03   1.916133728e-02   1.795015634e-01   5.122505000e-01   3.000008408e+02   3.000000000e+02   1.167267416e-08   0.000000000e+00   1.000000000e+00   
9.389055265e-03   1.916133728e-02   1.923491321e-01   5.489141000e-01   3.000027282e+02   3.000000000e+02   3.468125313e-08   0.000000000e+00   1.000000000e+00   
9.389055265e-03   1.916133728e-02   2.044694443e-01   5.835023000e-01   3.000079814e+02   3.000000000e+02   9.239179494e-08   0.000000000e+00   1.000000000e+00   
9.389055265e-03   1.916133728e-02   2.159037440e-01   6.161328000e-01   3.000211056e+02   3.000000000e+02   2.215160712e-07   0.000000000e+00   1.000000000e+00   
9.389055265e-03   1.916133728e-02   2.266907875e-01   6.469162000e-01   3.000506397e+02   3.000000000e+02   4.804604994e-07   0.000000000e+00   1.000000000e+00   
9.389055265e-03   1.916133728e-02   2.368672635e-01   6.759572000e-01   3.001108086e+02   3.000000000e+02   9.489297078e-07   0.000000000e+00   1.000000000e+00   
9.389055265e-03   1.916133728e-02   2.464677231e-01   7.033544000e-01   3.002224952e+02   3.000000000e+02   1.719693426e-06   0.000000000e+00   1.000000000e+00   
9.389055265e-03   1.916133728e-02   2.555247552e-01   7.292008000e-01   3.004128172e+02   3.000000000e+02   2.883507791e-06   0.000000000e+00   1.000000000e+00   
9.389055265e-03   1.916133728e-02   2.640691264e-01   7.535842000e-01   3.007130201e+02   3.000000000e+02   4.511693750e-06   0.000000000e+00   1.000000000e+00   
9.389055265e-03   1.916133728e-02   2.721298162e-01   7.765873000e-01   3.011550419e+02   3.000000000e+02   6.641798662e-06   0.000000000e+00   1.000000000e+00   
9.389055265e-03   1.916133728e-02   2.797342975e-01   7.982885000e-01   3.017675923e+02   3.000000000e+02   9.270150681e-06   0.000000000e+00   1.000000000e+00   
9.389055265e-03   1.916133728e-02   2.869082908e-01   8.187612000e-01   3.025726133e+02   3.000000000e+02   1.235204731e-05   0.000000000e+00   1.000000000e+00   
9.389055265e-03   1.916133728e-02   2.936762203e-01   8.380751000e-01   3.035828783e+02   3.000000000e+02   1.580873952e-05   0.000000000e+00   1.000000000e+00   
9.389055265e-03   1.916133728e-02   3.000610732e-01   8.562958000e-01   3.048009432e+02   3.000000000e+02   1.953823372e-05   0.000000000e+00   1.000000000e+00   
9.389055265e-03   1.916133728e-02   3.060845056e-01   8.734851000e-01   3.062194464e+02   3.000000000e+02   2.342748110e-05   0.000000000e+00   1.000000000e+00   
9.389055265e-03   1.916133728e-02   3.117670167e-01   8.897015000e-01   3.078224783e+02   3.000000000e+02   2.736373048e-05   0.000000000e+00   1.000000000e+00   
9.389055265e-03   1.916133728e-02   3.171278445e-01   9.049999000e-01   3.095875222e+02   3.000000000e+02   3.124339600e-05   0.000000000e+00   1.000000000e+00   
9.389055265e-03   1.916133728e-02   3.221852457e-01   9.194324000e-01   3.114877482e+02   3.000000000e+02   3.497831851e-05   0.000000000e+00   1.000000000e+00   
9.389055265e-03   1.916133728e-02   3.269563558e-01   9.330479000e-01   3.134941117e+02   3.000000000e+02   3.849888312e-05   0.000000000e+00   1.000000000e+00   
9.389055265e-03   1.916133728e-02   3.314574341e-01   9.458928000e-01   3.155773050e+02   3.000000000e+02   4.175499764e-05   0.000000000e+00   1.000000000e+00   
9.389055265e-03   1.916133728e-02   3.357037239e-01   9.580106000e-01   3.177091630e+02   3.000000000e+02   4.471497535e-05   0.000000000e+00   1.000000000e+00   
9.389055265e-03   1.916133728e-02   3.397096622e-01   9.694425000e-01   3.198637965e+02   3.000000000e+02   4.736348920e-05   0.000000000e+00   1.000000000e+00   
9.389055265e-03   1.916133728e-02   3.434888103e-01   9.802272000e-01   3.220182022e+02   3.000000000e+02   4.969870355e-05   0.000000000e+00   1.000000000e+00   
9.389055265e-03   1.916133728e-02   3.470540986e-01   9.904016000e-01   3.241527079e+02   3.000000000e+02   5.172941701e-05   0.000000000e+00   1.000000000e+00   
9.389055265e-03   1.916133728e-02   3.504175464e-01   1.000000000e+00   3.262508532e+02   6.690000000e+02   5.342239879e-05   0.000000000e+00   1.000000000e+00   

7.707280335e-02   1.572914354e-01   1.000000000e-13   2.839226054e-13   3.010905299e+02   3.000000000e+02   5.999023119e-23   0.000000000e+00   1.000000000e+00   
7.707280335e-02   1.572914354e-01   2.312562957e-02   6.565889000e-02   3.010905299e+02   3.000000000e+02   4.958226976e-07   0.000000000e+00   1.000000000e+00   
7.707280335e-02   1.572914354e-01   4.494224749e-02   1.276012000e-01   3.012494653e+02   3.000000000e+02   1.024520273e-06   0.000000000e+00   1.000000000e+00   
7.707280335e-02   1.572914354e-01   6.552398311e-02   1.860374000e-01   3.015447938e+02   3.000000000e+02   1.633788281e-06   0.000000000e+00   1.000000000e+00   
7.707280335e-02   1.572914354e-01   8.494071815e-02   2.411659000e-01   3.019747225e+02   3.000000000e+02   2.351724632e-06   0.000000000e+00   1.000000000e+00   
7.707280335e-02   1.572914354e-01   1.032583861e-01   2.931739000e-01   3.025456957e+02   3.000000000e+02   3.192951576e-06   0.000000000e+00   1.000000000e+00   
7.707280335e-02   1.572914354e-01   1.205391869e-01   3.422380000e-01   3.032652668e+02   3.000000000e+02   4.161633379e-06   0.000000000e+00   1.000000000e+00   
7.707280335e-02   1.572914354e-01   1.368418691e-01   3.885250000e-01   3.041390238e+02   3.000000000e+02   5.253693190e-06   0.000000000e+00   1.000000000e+00   
7.707280335e-02   1.572914354e-01   1.522217294e-01   4.321919000e-01   3.051691260e+02   3.000000000e+02   6.458771773e-06   0.000000000e+00   1.000000000e+00   
7.707280335e-02   1.572914354e-01   1.667310355e-01   4.733871000e-01   3.063537733e+02   3.000000000e+02   7.762081996e-06   0.000000000e+00   1.000000000e+00   
7.707280335e-02   1.572914354e-01   1.804190615e-01   5.122505000e-01   3.076872434e+02   3.000000000e+02   9.146069553e-06   0.000000000e+00   1.000000000e+00   
7.707280335e-02   1.572914354e-01   1.933322989e-01   5.489141000e-01   3.091603126e+02   3.000000000e+02   1.059186100e-05   0.000000000e+00   1.000000000e+00   
7.707280335e-02   1.572914354e-01   2.055145624e-01   5.835023000e-01   3.107608813e+02   3.000000000e+02   1.208043566e-05   0.000000000e+00   1.000000000e+00   
7.707280335e-02   1.572914354e-01   2.170073070e-01   6.161328000e-01   3.124747242e+02   3.000000000e+02   1.359354782e-05   0.000000000e+00   1.000000000e+00   
7.707280335e-02   1.572914354e-01   2.278494870e-01   6.469162000e-01   3.142861855e+02   3.000000000e+02   1.511432717e-05   0.000000000e+00   1.000000000e+00   
7.707280335e-02   1.572914354e-01   2.380779787e-01   6.759572000e-01   3.161789011e+02   3.000000000e+02   1.662772211e-05   0.000000000e+00   1.000000000e+00   
7.707280335e-02   1.572914354e-01   2.477275098e-01   7.033544000e-01   3.181363619e+02   3.000000000e+02   1.812068614e-05   0.000000000e+00   1.000000000e+00   
7.707280335e-02   1.572914354e-01   2.568308356e-01   7.292008000e-01   3.201424085e+02   3.000000000e+02   1.958224821e-05   0.000000000e+00   1.000000000e+00   
7.707280335e-02   1.572914354e-01   2.654188802e-01   7.535842000e-01   3.221816175e+02   3.000000000e+02   2.100347088e-05   0.000000000e+00   1.000000000e+00   
7.707280335e-02   1.572914354e-01   2.735207712e-01   7.765873000e-01   3.242395618e+02   3.000000000e+02   2.237731666e-05   0.000000000e+00   1.000000000e+00   
7.707280335e-02   1.572914354e-01   2.811641218e-01   7.982885000e-01   3.263030444e+02   3.000000000e+02   2.369850963e-05   0.000000000e+00   1.000000000e+00   
7.707280335e-02   1.572914354e-01   2.883747840e-01   8.187612000e-01   3.283601176e+02   3.000000000e+02   2.496328185e-05   0.000000000e+00   1.000000000e+00   
7.707280335e-02   1.572914354e-01   2.951773068e-01   8.380751000e-01   3.304002267e+02   3.000000000e+02   2.616923370e-05   0.000000000e+00   1.000000000e+00   
7.707280335e-02   1.572914354e-01   3.015947951e-01   8.562958000e-01   3.324141471e+02   3.000000000e+02   2.731509506e-05   0.000000000e+00   1.000000000e+00   
7.707280335e-02   1.572914354e-01   3.076490154e-01   8.734851000e-01   3.343939477e+02   3.000000000e+02   2.840053898e-05   0.000000000e+00   1.000000000e+00   
7.707280335e-02   1.572914354e-01   3.133605719e-01   8.897015000e-01   3.363329579e+02   3.000000000e+02   2.942602701e-05   0.000000000e+00   1.000000000e+00   
7.707280335e-02   1.572914354e-01   3.187488008e-01   9.049999000e-01   3.382256243e+02   3.000000000e+02   3.039262147e-05   0.000000000e+00   1.000000000e+00   
7.707280335e-02   1.572914354e-01   3.238320523e-01   9.194324000e-01   3.400674891e+02   3.000000000e+02   3.130188722e-05   0.000000000e+00   1.000000000e+00   
7.707280335e-02   1.572914354e-01   3.286275493e-01   9.330479000e-01   3.418550196e+02   3.000000000e+02   3.215573737e-05   0.000000000e+00   1.000000000e+00   
7.707280335e-02   1.572914354e-01   3.331516343e-01   9.458928000e-01   3.435855759e+02   3.000000000e+02   3.295636634e-05   0.000000000e+00   1.000000000e+00   
7.707280335e-02   1.572914354e-01   3.374196284e-01   9.580106000e-01   3.452572391e+02   3.000000000e+02   3.370613092e-05   0.000000000e+00   1.000000000e+00   
7.707280335e-02   1.572914354e-01   3.414460425e-01   9.694425000e-01   3.468687780e+02   3.000000000e+02   3.440750930e-05   0.000000000e+00   1.000000000e+00   
7.707280335e-02   1.572914354e-01   3.452445073e-01   9.802272000e-01   3.484195141e+02   3.000000000e+02   3.506302341e-05   0.000000000e+00   1.000000000e+00   
7.707280335e-02   1.572914354e-01   3.488280190e-01   9.904016000e-01   3.499093227e+02   3.000000000e+02   3.567522808e-05   0.000000000e+00   1.000000000e+00   
7.707280335e-02   1.572914354e-01   3.522086586e-01   1.000000000e+00   3.513384244e+02   6.690000000e+02   3.623553506e-05   0.000000000e+00   1.000000000e+00   

3.239203055e-01   6.610618479e-01   1.000000000e-13   2.852589582e-13   3.422524135e+02   3.000000000e+02   2.818667643e-22   0.000000000e+00   1.000000000e+00   
3.239203055e-01   6.610618479e-01   2.301729292e-02   6.565889000e-02   3.422524135e+02   3.000000000e+02   1.724487016e-06   0.000000000e+00   1.000000000e+00   
3.239203055e-01   6.610618479e-01   4.473170652e-02   1.276012000e-01   3.427420934e+02   3.000000000e+02   3.353413000e-06   0.000000000e+00   1.000000000e+00   
3.239203055e-01   6.610618479e-01   6.521702287e-02   1.860374000e-01   3.435952966e+02   3.000000000e+02   4.893543636e-06   0.000000000e+00   1.000000000e+00   
3.239203055e-01   6.610618479e-01   8.454279631e-02   2.411659000e-01   3.447284748e+02   3.000000000e+02   6.350374929e-06   0.000000000e+00   1.000000000e+00   
3.239203055e-01   6.610618479e-01   1.027746514e-01   2.931739000e-01   3.460826062e+02   3.000000000e+02   7.728467194e-06   0.000000000e+00   1.000000000e+00   
3.239203055e-01   6.610618479e-01   1.199744969e-01   3.422380000e-01   3.476106197e+02   3.000000000e+02   9.031651513e-06   0.000000000e+00   1.000000000e+00   
3.239203055e-01   6.610618479e-01   1.362008059e-01   3.885250000e-01   3.492732893e+02   3.000000000e+02   1.026321674e-05   0.000000000e+00   1.000000000e+00   
3.239203055e-01   6.610618479e-01   1.515086161e-01   4.321919000e-01   3.510373532e+02   3.000000000e+02   1.142604861e-05   0.000000000e+00   1.000000000e+00   
3.239203055e-01   6.610618479e-01   1.659499505e-01   4.733871000e-01   3.528744529e+02   3.000000000e+02   1.252277287e-05   0.000000000e+00   1.000000000e+00   
3.239203055e-01   6.610618479e-01   1.795738522e-01   5.122505000e-01   3.547603746e+02   3.000000000e+02   1.355584037e-05   0.000000000e+00   1.000000000e+00   
3.239203055e-01   6.610618479e-01   1.924265949e-01   5.489141000e-01   3.566744856e+02   3.000000000e+02   1.452760279e-05   0.000000000e+00   1.000000000e+00   
3.239203055e-01   6.610618479e-01   2.045517882e-01   5.835023000e-01   3.585992664e+02   3.000000000e+02   1.544035969e-05   0.000000000e+00   1.000000000e+00   
3.239203055e-01   6.610618479e-01   2.159906928e-01   6.161328000e-01   3.605199489e+02   3.000000000e+02   1.629640444e-05   0.000000000e+00   1.000000000e+00   
3.239203055e-01   6.610618479e-01   2.267820804e-01   6.469162000e-01   3.624241361e+02   3.000000000e+02   1.709802333e-05   0.000000000e+00   1.000000000e+00   
3.239203055e-01   6.610618479e-01   2.369626547e-01   6.759572000e-01   3.643015561e+02   3.000000000e+02   1.784752651e-05   0.000000000e+00   1.000000000e+00   
3.239203055e-01   6.610618479e-01   2.465669805e-01   7.033544000e-01   3.661437693e+02   3.000000000e+02   1.854723486e-05   0.000000000e+00   1.000000000e+00   
3.239203055e-01   6.610618479e-01   2.556276601e-01   7.292008000e-01   3.679439458e+02   3.000000000e+02   1.919948041e-05   0.000000000e+00   1.000000000e+00   
3.239203055e-01   6.610618479e-01   2.641754723e-01   7.535842000e-01   3.696966651e+02   3.000000000e+02   1.980660051e-05   0.000000000e+00   1.000000000e+00   
3.239203055e-01   6.610618479e-01   2.722394083e-01   7.765873000e-01   3.713977172e+02   3.000000000e+02   2.037092295e-05   0.000000000e+00   1.000000000e+00   
3.239203055e-01   6.610618479e-01   2.798469521e-01   7.982885000e-01   3.730439764e+02   3.000000000e+02   2.089476696e-05   0.000000000e+00   1.000000000e+00   
3.239203055e-01   6.610618479e-01   2.870238345e-01   8.187612000e-01   3.746331818e+02   3.000000000e+02   2.138040847e-05   0.000000000e+00   1.000000000e+00   
3.239203055e-01   6.610618479e-01   2.937944895e-01   8.380751000e-01   3.761638855e+02   3.000000000e+02   2.183009320e-05   0.000000000e+00   1.000000000e+00   
3.239203055e-01   6.610618479e-01   3.001819138e-01   8.562958000e-01   3.776352885e+02   3.000000000e+02   2.224601092e-05   0.000000000e+00   1.000000000e+00   
3.239203055e-01   6.610618479e-01   3.062077719e-01   8.734851000e-01   3.790471430e+02   3.000000000e+02   2.263028735e-05   0.000000000e+00   1.000000000e+00   
3.239203055e-01   6.610618479e-01   3.118925714e-01   8.897015000e-01   3.803996852e+02   3.000000000e+02   2.298498188e-05   0.000000000e+00   1.000000000e+00   
3.239203055e-01   6.610618479e-01   3.172555581e-01   9.049999000e-01   3.816935148e+02   3.000000000e+02   2.331206937e-05   0.000000000e+00   1.000000000e+00   
3.239203055e-01   6.610618479e-01   3.223149961e-01   9.194324000e-01   3.829295764e+02   3.000000000e+02   2.361344784e-05   0.000000000e+00   1.000000000e+00   
3.239203055e-01   6.610618479e-01   3.270880276e-01   9.330479000e-01   3.841090500e+02   3.000000000e+02   2.389092202e-05   0.000000000e+00   1.000000000e+00   
3.239203055e-01   6.610618479e-01   3.315909186e-01   9.458928000e-01   3.852333442e+02   3.000000000e+02   2.414621176e-05   0.000000000e+00   1.000000000e+00   
3.239203055e-01   6.610618479e-01   3.358389184e-01   9.580106000e-01   3.863040026e+02   3.000000000e+02   2.438093969e-05   0.000000000e+00   1.000000000e+00   
3.239203055e-01   6.610618479e-01   3.398464701e-01   9.694425000e-01   3.873227036e+02   3.000000000e+02   2.459664044e-05   0.000000000e+00   1.000000000e+00   
3.239203055e-01   6.610618479e-01   3.436271401e-01   9.802272000e-01   3.882911977e+02   3.000000000e+02   2.479475533e-05   0.000000000e+00   1.000000000e+00   
3.239203055e-01   6.610618479e-01   3.471938642e-01   9.904016000e-01   3.892113297e+02   3.000000000e+02   2.497664437e-05   0.000000000e+00   1.000000000e+00   
3.239203055e-01   6.610618479e-01   3.505586665e-01   1.000000000e+00   3.900849317e+02   6.690000000e+02   2.519670658e-05   0.000000000e+00   1.000000000e+00   

5.739203055e-01   1.171265930e+00   1.000000000e-13   2.962646101e-13   3.781191589e+02   3.000000000e+02   -3.771720849e-23  0.000000000e+00   1.000000000e+00   
5.739203055e-01   1.171265930e+00   2.216224542e-02   6.565889000e-02   3.781191589e+02   3.000000000e+02   1.403336767e-06   0.000000000e+00   1.000000000e+00   
5.739203055e-01   1.171265930e+00   4.307001094e-02   1.276012000e-01   3.784576108e+02   3.000000000e+02   2.722078428e-06   0.000000000e+00   1.000000000e+00   
5.739203055e-01   1.171265930e+00   6.279433777e-02   1.860374000e-01   3.790457283e+02   3.000000000e+02   3.956667391e-06   0.000000000e+00   1.000000000e+00   
5.739203055e-01   1.171265930e+00   8.140219646e-02   2.411659000e-01   3.798236400e+02   3.000000000e+02   5.108777884e-06   0.000000000e+00   1.000000000e+00   
5.739203055e-01   1.171265930e+00   9.895677376e-02   2.931739000e-01   3.807484410e+02   3.000000000e+02   6.180792356e-06   0.000000000e+00   1.000000000e+00   
5.739203055e-01   1.171265930e+00   1.155176785e-01   3.422380000e-01   3.817857463e+02   3.000000000e+02   7.175536610e-06   0.000000000e+00   1.000000000e+00   
5.739203055e-01   1.171265930e+00   1.311412118e-01   3.885250000e-01   3.829069756e+02   3.000000000e+02   8.096134820e-06   0.000000000e+00   1.000000000e+00   
5.739203055e-01   1.171265930e+00   1.458803668e-01   4.321919000e-01   3.840880990e+02   3.000000000e+02   8.945901886e-06   0.000000000e+00   1.000000000e+00   
5.739203055e-01   1.171265930e+00   1.597852338e-01   4.733871000e-01   3.853089007e+02   3.000000000e+02   9.728288441e-06   0.000000000e+00   1.000000000e+00   
5.739203055e-01   1.171265930e+00   1.729030341e-01   5.122505000e-01   3.865524207e+02   3.000000000e+02   1.044682057e-05   0.000000000e+00   1.000000000e+00   
5.739203055e-01   1.171265930e+00   1.852783226e-01   5.489141000e-01   3.878045163e+02   3.000000000e+02   1.110506097e-05   0.000000000e+00   1.000000000e+00   
5.739203055e-01   1.171265930e+00   1.969530886e-01   5.835023000e-01   3.890534815e+02   3.000000000e+02   1.170657113e-05   0.000000000e+00   1.000000000e+00   
5.739203055e-01   1.171265930e+00   2.079670602e-01   6.161328000e-01   3.902897378e+02   3.000000000e+02   1.225488953e-05   0.000000000e+00   1.000000000e+00   
5.739203055e-01   1.171265930e+00   2.183575688e-01   6.469162000e-01   3.915055182e+02   3.000000000e+02   1.275349199e-05   0.000000000e+00   1.000000000e+00   
5.739203055e-01   1.171265930e+00   2.281599546e-01   6.759572000e-01   3.926946435e+02   3.000000000e+02   1.320578289e-05   0.000000000e+00   1.000000000e+00   
5.739203055e-01   1.171265930e+00   2.374074985e-01   7.033544000e-01   3.938522771e+02   3.000000000e+02   1.361506657e-05   0.000000000e+00   1.000000000e+00   
5.739203055e-01   1.171265930e+00   2.461315915e-01   7.292008000e-01   3.949747336e+02   3.000000000e+02   1.398453387e-05   0.000000000e+00   1.000000000e+00   
5.739203055e-01   1.171265930e+00   2.543618691e-01   7.535842000e-01   3.960593072e+02   3.000000000e+02   1.431724929e-05   0.000000000e+00   1.000000000e+00   
5.739203055e-01   1.171265930e+00   2.621262457e-01   7.765873000e-01   3.971041111e+02   3.000000000e+02   1.461613792e-05   0.000000000e+00   1.000000000e+00   
5.739203055e-01   1.171265930e+00   2.694511841e-01   7.982885000e-01   3.981079667e+02   3.000000000e+02   1.488398302e-05   0.000000000e+00   1.000000000e+00   
5.739203055e-01   1.171265930e+00   2.763614593e-01   8.187612000e-01   3.990702435e+02   3.000000000e+02   1.512340923e-05   0.000000000e+00   1.000000000e+00   
5.739203055e-01   1.171265930e+00   2.828805977e-01   8.380751000e-01   3.999908060e+02   3.000000000e+02   1.533705372e-05   0.000000000e+00   1.000000000e+00   
5.739203055e-01   1.171265930e+00   2.890307417e-01   8.562958000e-01   4.008698978e+02   3.000000000e+02   1.552690472e-05   0.000000000e+00   1.000000000e+00   
5.739203055e-01   1.171265930e+00   2.948327509e-01   8.734851000e-01   4.017080700e+02   3.000000000e+02   1.569528540e-05   0.000000000e+00   1.000000000e+00   
5.739203055e-01   1.171265930e+00   3.003063712e-01   8.897015000e-01   4.025061311e+02   3.000000000e+02   1.584422936e-05   0.000000000e+00   1.000000000e+00   
5.739203055e-01   1.171265930e+00   3.054701335e-01   9.049999000e-01   4.032650688e+02   3.000000000e+02   1.597559161e-05   0.000000000e+00   1.000000000e+00   
5.739203055e-01   1.171265930e+00   3.103416232e-01   9.194324000e-01   4.039860339e+02   3.000000000e+02   1.609109891e-05   0.000000000e+00   1.000000000e+00   
5.739203055e-01   1.171265930e+00   3.149373459e-01   9.330479000e-01   4.046702732e+02   3.000000000e+02   1.619233959e-05   0.000000000e+00   9.999999974e-01   
5.739203055e-01   1.171265930e+00   3.192729633e-01   9.458928000e-01   4.053191240e+02   3.000000000e+02   1.628077407e-05   0.000000000e+00   1.000000055e+00   
5.739203055e-01   1.171265930e+00   3.233631582e-01   9.580106000e-01   4.059339589e+02   3.000000000e+02   1.635773625e-05   0.000000000e+00   9.999990715e-01   
5.739203055e-01   1.171265930e+00   3.272218371e-01   9.694425000e-01   4.065161866e+02   3.000000000e+02   1.642444327e-05   0.000000000e+00   1.000011531e+00   
5.739203055e-01   1.171265930e+00   3.308620626e-01   9.802272000e-01   4.070672163e+02   3.000000000e+02   1.648200027e-05   0.000000000e+00   9.999063688e-01   
5.739203055e-01   1.171265930e+00   3.342962899e-01   9.904016000e-01   4.075884723e+02   3.000000000e+02   1.653141077e-05   0.000000000e+00   1.000365236e+00   
5.739203055e-01   1.171265930e+00   3.375360964e-01   1.000000000e+00   4.080813347e+02   6.690000000e+02   1.664990122e-05   0.000000000e+00   1.000000181e+00   

8.739203055e-01   1.783510827e+00   1.000000000e-13   3.233610346e-13   4.044136605e+02   3.000000000e+02   3.266418148e-22   0.000000000e+00   1.000000000e+00   
8.739203055e-01   1.783510827e+00   2.030513357e-02   6.565889000e-02   4.044136605e+02   3.000000000e+02   8.794974266e-07   0.000000000e+00   1.000000000e+00   
8.739203055e-01   1.783510827e+00   3.946090788e-02   1.276012000e-01   4.045862946e+02   3.000000000e+02   1.702365613e-06   0.000000000e+00   1.000000000e+00   
8.739203055e-01   1.783510827e+00   5.753241117e-02   1.860374000e-01   4.048855988e+02   3.000000000e+02   2.465947392e-06   0.000000000e+00   1.000000000e+00   
8.739203055e-01   1.783510827e+00   7.458100209e-02   2.411659000e-01   4.052801497e+02   3.000000000e+02   3.169879293e-06   0.000000000e+00   1.000000000e+00   
8.739203055e-01   1.783510827e+00   9.066457260e-02   2.931739000e-01   4.057471963e+02   3.000000000e+02   3.815081795e-06   0.000000000e+00   1.000000000e+00   
8.739203055e-01   1.783510827e+00   1.058377366e-01   3.422380000e-01   4.062684573e+02   3.000000000e+02   4.403354327e-06   0.000000000e+00   1.000000000e+00   
8.739203055e-01   1.783510827e+00   1.201520772e-01   3.885250000e-01   4.068287874e+02   3.000000000e+02   4.937107208e-06   0.000000000e+00   1.000000000e+00   
8.739203055e-01   1.783510827e+00   1.336561471e-01   4.321919000e-01   4.074155538e+02   3.000000000e+02   5.419156643e-06   0.000000000e+00   1.000000000e+00   
8.739203055e-01   1.783510827e+00   1.463958391e-01   4.733871000e-01   4.080182553e+02   3.000000000e+02   5.852581288e-06   0.000000000e+00   1.000000000e+00   
8.739203055e-01   1.783510827e+00   1.584144177e-01   5.122505000e-01   4.086282191e+02   3.000000000e+02   6.240606087e-06   0.000000000e+00   1.000000000e+00   
8.739203055e-01   1.783510827e+00   1.697527040e-01   5.489141000e-01   4.092383515e+02   3.000000000e+02   6.586507937e-06   0.000000000e+00   1.000000000e+00   
8.739203055e-01   1.783510827e+00   1.804491690e-01   5.835023000e-01   4.098429161e+02   3.000000000e+02   6.893548713e-06   0.000000000e+00   1.000000000e+00   
8.739203055e-01   1.783510827e+00   1.905402117e-01   6.161328000e-01   4.104373476e+02   3.000000000e+02   7.164925602e-06   0.000000000e+00   1.000000000e+00   
8.739203055e-01   1.783510827e+00   2.000600353e-01   6.469162000e-01   4.110180654e+02   3.000000000e+02   7.403724759e-06   0.000000000e+00   1.000000000e+00   
8.739203055e-01   1.783510827e+00   2.090410184e-01   6.759572000e-01   4.115823363e+02   3.000000000e+02   7.612898548e-06   0.000000000e+00   1.000000000e+00   
8.739203055e-01   1.783510827e+00   2.175136534e-01   7.033544000e-01   4.121281302e+02   3.000000000e+02   7.795242762e-06   0.000000000e+00   1.000000000e+00   
8.739203055e-01   1.783510827e+00   2.255067005e-01   7.292008000e-01   4.126540067e+02   3.000000000e+02   7.953382857e-06   0.000000000e+00   1.000000000e+00   
8.739203055e-01   1.783510827e+00   2.330473122e-01   7.535842000e-01   4.131590152e+02   3.000000000e+02   8.089771359e-06   0.000000000e+00   1.000000000e+00   
8.739203055e-01   1.783510827e+00   2.401610636e-01   7.765873000e-01   4.136426032e+02   3.000000000e+02   8.206678543e-06   0.000000000e+00   1.000000000e+00   
8.739203055e-01   1.783510827e+00   2.468722000e-01   7.982885000e-01   4.141045528e+02   3.000000000e+02   8.306204109e-06   0.000000000e+00   1.000000000e+00   
8.739203055e-01   1.783510827e+00   2.532034204e-01   8.187612000e-01   4.145448962e+02   3.000000000e+02   8.390270899e-06   0.000000000e+00   1.000000000e+00   
8.739203055e-01   1.783510827e+00   2.591762798e-01   8.380751000e-01   4.149638835e+02   3.000000000e+02   8.460627966e-06   0.000000000e+00   1.000000000e+00   
8.739203055e-01   1.783510827e+00   2.648110651e-01   8.562958000e-01   4.153619245e+02   3.000000000e+02   8.518884135e-06   0.000000000e+00   1.000000000e+00   
8.739203055e-01   1.783510827e+00   2.701268880e-01   8.734851000e-01   4.157395513e+02   3.000000000e+02   8.566586240e-06   0.000000000e+00   1.000000000e+00   
8.739203055e-01   1.783510827e+00   2.751418398e-01   8.897015000e-01   4.160973932e+02   3.000000000e+02   8.604792912e-06   0.000000000e+00   1.000000000e+00   
8.739203055e-01   1.783510827e+00   2.798728984e-01   9.049999000e-01   4.164361397e+02   3.000000000e+02   8.634793389e-06   0.000000000e+00   9.999999939e-01   
8.739203055e-01   1.783510827e+00   2.843361758e-01   9.194324000e-01   4.167565321e+02   3.000000000e+02   8.657620861e-06   0.000000000e+00   1.000000072e+00   
8.739203055e-01   1.783510827e+00   2.885467945e-01   9.330479000e-01   4.170593330e+02   3.000000000e+02   8.674191061e-06   0.000000000e+00   9.999993146e-01   
8.739203055e-01   1.783510827e+00   2.925191036e-01   9.458928000e-01   4.173453246e+02   3.000000000e+02   8.685305823e-06   0.000000000e+00   1.000005115e+00   
8.739203055e-01   1.783510827e+00   2.962665558e-01   9.580106000e-01   4.176152842e+02   3.000000000e+02   8.691664136e-06   0.000000000e+00   9.999713455e-01   
8.739203055e-01   1.783510827e+00   2.998018921e-01   9.694425000e-01   4.178699855e+02   3.000000000e+02   8.693867315e-06   0.000000000e+00   1.000112360e+00   
8.739203055e-01   1.783510827e+00   3.031370805e-01   9.802272000e-01   4.181101840e+02   3.000000000e+02   8.692426490e-06   0.000000000e+00   9.997282513e-01   
8.739203055e-01   1.783510827e+00   3.062835326e-01   9.904016000e-01   4.183366246e+02   3.000000000e+02   8.687770489e-06   0.000000000e+00   1.000329353e+00   
8.739203055e-01   1.783510827e+00   3.092518556e-01   1.000000000e+00   4.185500167e+02   6.690000000e+02   8.737183487e-06   0.000000000e+00   1.000426971e+00   

1.173920305e+00   2.395755725e+00   1.000000000e-13   3.703472211e-13   4.181072393e+02   3.000000000e+02   5.262029613e-22   0.000000000e+00   1.000000000e+00   
1.173920305e+00   2.395755725e+00   1.772900842e-02   6.565889000e-02   4.181072393e+02   3.000000000e+02   4.060367672e-07   0.000000000e+00   1.000000000e+00   
1.173920305e+00   2.395755725e+00   3.445447751e-02   1.276012000e-01   4.181717036e+02   3.000000000e+02   7.844209448e-07   0.000000000e+00   1.000000000e+00   
1.173920305e+00   2.395755725e+00   5.023323773e-02   1.860374000e-01   4.182832720e+02   3.000000000e+02   1.132997896e-06   0.000000000e+00   1.000000000e+00   
1.173920305e+00   2.395755725e+00   6.511886312e-02   2.411659000e-01   4.184299559e+02   3.000000000e+02   1.451098798e-06   0.000000000e+00   1.000000000e+00   
1.173920305e+00   2.395755725e+00   7.916190085e-02   2.931739000e-01   4.186030154e+02   3.000000000e+02   1.738999595e-06   0.000000000e+00   1.000000000e+00   
1.173920305e+00   2.395755725e+00   9.241003590e-02   3.422380000e-01   4.187954199e+02   3.000000000e+02   1.997621457e-06   0.000000000e+00   1.000000000e+00   
1.173920305e+00   2.395755725e+00   1.049083071e-01   3.885250000e-01   4.190013647e+02   3.000000000e+02   2.228325912e-06   0.000000000e+00   1.000000000e+00   
1.173920305e+00   2.395755725e+00   1.166991070e-01   4.321919000e-01   4.192160413e+02   3.000000000e+02   2.432759468e-06   0.000000000e+00   1.000000000e+00   
1.173920305e+00   2.395755725e+00   1.278225063e-01   4.733871000e-01   4.194354913e+02   3.000000000e+02   2.612741180e-06   0.000000000e+00   1.000000000e+00   
1.173920305e+00   2.395755725e+00   1.383162802e-01   5.122505000e-01   4.196564869e+02   3.000000000e+02   2.770171599e-06   0.000000000e+00   1.000000000e+00   
1.173920305e+00   2.395755725e+00   1.482160709e-01   5.489141000e-01   4.198764285e+02   3.000000000e+02   2.906969790e-06   0.000000000e+00   1.000000000e+00   
1.173920305e+00   2.395755725e+00   1.575554687e-01   5.835023000e-01   4.200932533e+02   3.000000000e+02   3.025024890e-06   0.000000000e+00   1.000000000e+00   
1.173920305e+00   2.395755725e+00   1.663662544e-01   6.161328000e-01   4.203053577e+02   3.000000000e+02   3.126166340e-06   0.000000000e+00   1.000000000e+00   
1.173920305e+00   2.395755725e+00   1.746782919e-01   6.469162000e-01   4.205115207e+02   3.000000000e+02   3.212142038e-06   0.000000000e+00   1.000000000e+00   
1.173920305e+00   2.395755725e+00   1.825198520e-01   6.759572000e-01   4.207108469e+02   3.000000000e+02   3.284610417e-06   0.000000000e+00   1.000000000e+00   
1.173920305e+00   2.395755725e+00   1.899175584e-01   7.033544000e-01   4.209027079e+02   3.000000000e+02   3.345131684e-06   0.000000000e+00   1.000000000e+00   
1.173920305e+00   2.395755725e+00   1.968965226e-01   7.292008000e-01   4.210866954e+02   3.000000000e+02   3.395163307e-06   0.000000000e+00   1.000000000e+00   
1.173920305e+00   2.395755725e+00   2.034804521e-01   7.535842000e-01   4.212625793e+02   3.000000000e+02   3.436046342e-06   0.000000000e+00   1.000000000e+00   
1.173920305e+00   2.395755725e+00   2.096916773e-01   7.765873000e-01   4.214302689e+02   3.000000000e+02   3.468998741e-06   0.000000000e+00   1.000000000e+00   
1.173920305e+00   2.395755725e+00   2.155513676e-01   7.982885000e-01   4.215897845e+02   3.000000000e+02   3.495085795e-06   0.000000000e+00   1.000000000e+00   
1.173920305e+00   2.395755725e+00   2.210793421e-01   8.187612000e-01   4.217412232e+02   3.000000000e+02   3.515217220e-06   0.000000000e+00   1.000000000e+00   
1.173920305e+00   2.395755725e+00   2.262944211e-01   8.380751000e-01   4.218847454e+02   3.000000000e+02   3.530189615e-06   0.000000000e+00   1.000000000e+00   
1.173920305e+00   2.395755725e+00   2.312143176e-01   8.562958000e-01   4.220205551e+02   3.000000000e+02   3.540578398e-06   0.000000000e+00   1.000000000e+00   
1.173920305e+00   2.395755725e+00   2.358557187e-01   8.734851000e-01   4.221488911e+02   3.000000000e+02   3.546498096e-06   0.000000000e+00   9.999999996e-01   
1.173920305e+00   2.395755725e+00   2.402344204e-01   8.897015000e-01   4.222700237e+02   3.000000000e+02   3.549431625e-06   0.000000000e+00   1.000000005e+00   
1.173920305e+00   2.395755725e+00   2.443652465e-01   9.049999000e-01   4.223842467e+02   3.000000000e+02   3.549305757e-06   0.000000000e+00   9.999999466e-01   
1.173920305e+00   2.395755725e+00   2.482622651e-01   9.194324000e-01   4.224918767e+02   3.000000000e+02   3.546558805e-06   0.000000000e+00   1.000000459e+00   
1.173920305e+00   2.395755725e+00   2.519386799e-01   9.330479000e-01   4.225932401e+02   3.000000000e+02   3.541589920e-06   0.000000000e+00   9.999968285e-01   
1.173920305e+00   2.395755725e+00   2.554070197e-01   9.458928000e-01   4.226886663e+02   3.000000000e+02   3.534725855e-06   0.000000000e+00   1.000017090e+00   
1.173920305e+00   2.395755725e+00   2.586790302e-01   9.580106000e-01   4.227784718e+02   3.000000000e+02   3.526209532e-06   0.000000000e+00   9.999316093e-01   
1.173920305e+00   2.395755725e+00   2.617658361e-01   9.694425000e-01   4.228629551e+02   3.000000000e+02   3.516202575e-06   0.000000000e+00   1.000184248e+00   
1.173920305e+00   2.395755725e+00   2.646778871e-01   9.802272000e-01   4.229423922e+02   3.000000000e+02   3.504844651e-06   0.000000000e+00   9.997806977e-01   
1.173920305e+00   2.395755725e+00   2.674251469e-01   9.904016000e-01   4.230170458e+02   3.000000000e+02   3.492358626e-06   0.000000000e+00   9.989868622e-01   
1.173920305e+00   2.395755725e+00   2.700168768e-01   1.000000000e+00   4.230871725e+02   6.690000000e+02   3.494679403e-06   0.000000000e+00   1.001000000e+00   

1.428920305e+00   2.916163889e+00   1.000000000e-13   4.364540900e-13   4.231195860e+02   3.000000000e+02   -3.615064431e-22  0.000000000e+00   1.000000000e+00   
1.428920305e+00   2.916163889e+00   1.504371055e-02   6.565889000e-02   4.231195860e+02   3.000000000e+02   1.310995056e-07   0.000000000e+00   1.000000000e+00   
1.428920305e+00   2.916163889e+00   2.923588137e-02   1.276012000e-01   4.231367024e+02   3.000000000e+02   2.527216514e-07   0.000000000e+00   1.000000000e+00   
1.428920305e+00   2.916163889e+00   4.262473517e-02   1.860374000e-01   4.231662614e+02   3.000000000e+02   3.637770211e-07   0.000000000e+00   1.000000000e+00   
1.428920305e+00   2.916163889e+00   5.525573148e-02   2.411659000e-01   4.232049945e+02   3.000000000e+02   4.638523142e-07   0.000000000e+00   1.000000000e+00   
1.428920305e+00   2.916163889e+00   6.717176141e-02   2.931739000e-01   4.232504979e+02   3.000000000e+02   5.529678899e-07   0.000000000e+00   1.000000000e+00   
1.428920305e+00   2.916163889e+00   7.841328741e-02   3.422380000e-01   4.233008343e+02   3.000000000e+02   6.314409928e-07   0.000000000e+00   1.000000000e+00   
1.428920305e+00   2.916163889e+00   8.901852656e-02   3.885250000e-01   4.233544088e+02   3.000000000e+02   6.997904163e-07   0.000000000e+00   1.000000000e+00   
1.428920305e+00   2.916163889e+00   9.902345056e-02   4.321919000e-01   4.234099096e+02   3.000000000e+02   7.586641411e-07   0.000000000e+00   1.000000000e+00   
1.428920305e+00   2.916163889e+00   1.084620607e-01   4.733871000e-01   4.234662682e+02   3.000000000e+02   8.087860944e-07   0.000000000e+00   1.000000000e+00   
1.428920305e+00   2.916163889e+00   1.173664108e-01   5.122505000e-01   4.235226258e+02   3.000000000e+02   8.509148791e-07   0.000000000e+00   1.000000000e+00   
1.428920305e+00   2.916163889e+00   1.257667444e-01   5.489141000e-01   4.235783036e+02   3.000000000e+02   8.858138755e-07   0.000000000e+00   1.000000000e+00   
1.428920305e+00   2.916163889e+00   1.336915642e-01   5.835023000e-01   4.236327752e+02   3.000000000e+02   9.142295182e-07   0.000000000e+00   1.000000000e+00   
1.428920305e+00   2.916163889e+00   1.411678374e-01   6.161328000e-01   4.236856442e+02   3.000000000e+02   9.368766973e-07   0.000000000e+00   1.000000000e+00   
1.428920305e+00   2.916163889e+00   1.482209045e-01   6.469162000e-01   4.237366203e+02   3.000000000e+02   9.544283666e-07   0.000000000e+00   1.000000000e+00   
1.428920305e+00   2.916163889e+00   1.548747544e-01   6.759572000e-01   4.237855027e+02   3.000000000e+02   9.675102155e-07   0.000000000e+00   1.000000000e+00   
1.428920305e+00   2.916163889e+00   1.611519782e-01   7.033544000e-01   4.238321620e+02   3.000000000e+02   9.766974091e-07   0.000000000e+00   1.000000000e+00   
1.428920305e+00   2.916163889e+00   1.670738840e-01   7.292008000e-01   4.238765273e+02   3.000000000e+02   9.825139809e-07   0.000000000e+00   1.000000000e+00   
1.428920305e+00   2.916163889e+00   1.726605884e-01   7.535842000e-01   4.239185737e+02   3.000000000e+02   9.854336849e-07   0.000000000e+00   1.000000000e+00   
1.428920305e+00   2.916163889e+00   1.779310397e-01   7.765873000e-01   4.239583124e+02   3.000000000e+02   9.858819165e-07   0.000000000e+00   1.000000000e+00   
1.428920305e+00   2.916163889e+00   1.829032007e-01   7.982885000e-01   4.239957828e+02   3.000000000e+02   9.842383341e-07   0.000000000e+00   1.000000000e+00   
1.428920305e+00   2.916163889e+00   1.875938887e-01   8.187612000e-01   4.240310445e+02   3.000000000e+02   9.808400272e-07   0.000000000e+00   1.000000000e+00   
1.428920305e+00   2.916163889e+00   1.920190735e-01   8.380751000e-01   4.240641731e+02   3.000000000e+02   9.759847039e-07   0.000000000e+00   1.000000000e+00   
1.428920305e+00   2.916163889e+00   1.961937852e-01   8.562958000e-01   4.240952544e+02   3.000000000e+02   9.699341181e-07   0.000000000e+00   1.000000000e+00   
1.428920305e+00   2.916163889e+00   2.001321834e-01   8.734851000e-01   4.241243813e+02   3.000000000e+02   9.629174047e-07   0.000000000e+00   9.999999991e-01   
1.428920305e+00   2.916163889e+00   2.038476716e-01   8.897015000e-01   4.241516509e+02   3.000000000e+02   9.551341435e-07   0.000000000e+00   1.000000011e+00   
1.428920305e+00   2.916163889e+00   2.073528283e-01   9.049999000e-01   4.241771614e+02   3.000000000e+02   9.467576139e-07   0.000000000e+00   9.999999001e-01   
1.428920305e+00   2.916163889e+00   2.106595908e-01   9.194324000e-01   4.242010118e+02   3.000000000e+02   9.379373085e-07   0.000000000e+00   1.000000780e+00   
1.428920305e+00   2.916163889e+00   2.137791629e-01   9.330479000e-01   4.242232989e+02   3.000000000e+02   9.288018699e-07   0.000000000e+00   9.999951086e-01   
1.428920305e+00   2.916163889e+00   2.167221758e-01   9.458928000e-01   4.242441177e+02   3.000000000e+02   9.194611391e-07   0.000000000e+00   1.000023861e+00   
1.428920305e+00   2.916163889e+00   2.194985961e-01   9.580106000e-01   4.242635594e+02   3.000000000e+02   9.100087168e-07   0.000000000e+00   9.999144995e-01   
1.428920305e+00   2.916163889e+00   2.221178635e-01   9.694425000e-01   4.242817118e+02   3.000000000e+02   9.005235885e-07   0.000000000e+00   1.000193850e+00   
1.428920305e+00   2.916163889e+00   2.245888451e-01   9.802272000e-01   4.242986584e+02   3.000000000e+02   8.910721425e-07   0.000000000e+00   9.999501541e-01   
1.428920305e+00   2.916163889e+00   2.269199952e-01   9.904016000e-01   4.243144789e+02   3.000000000e+02   8.817092075e-07   0.000000000e+00   9.983886841e-01   
1.428920305e+00   2.916163889e+00   2.291191727e-01   1.000000000e+00   4.243292481e+02   6.690000000e+02   8.793821756e-07   0.000000000e+00   1.000000006e+00   

1.688920305e+00   3.446776134e+00   1.000000000e-13   5.578378438e-13   4.241837706e+02   3.000000000e+02   1.216309879e-21   0.000000000e+00   1.000000000e+00   
1.688920305e+00   3.446776134e+00   1.177024663e-02   6.565889000e-02   4.241837706e+02   3.000000000e+02   -1.649423869e-08  0.000000000e+00   1.000000000e+00   
1.688920305e+00   3.446776134e+00   2.287424588e-02   1.276012000e-01   4.241820980e+02   3.000000000e+02   -3.252328279e-08  0.000000000e+00   1.000000000e+00   
1.688920305e+00   3.446776134e+00   3.334972736e-02   1.860374000e-01   4.241791395e+02   3.000000000e+02   -4.848218573e-08  0.000000000e+00   1.000000000e+00   
1.688920305e+00   3.446776134e+00   4.323225874e-02   2.411659000e-01   4.241751199e+02   3.000000000e+02   -6.459923165e-08  0.000000000e+00   1.000000000e+00   
1.688920305e+00   3.446776134e+00   5.255539818e-02   2.931739000e-01   4.241701810e+02   3.000000000e+02   -8.099087285e-08  0.000000000e+00   1.000000000e+00   
1.688920305e+00   3.446776134e+00   6.135080361e-02   3.422380000e-01   4.241644315e+02   3.000000000e+02   -9.769730063e-08  0.000000000e+00   1.000000000e+00   
1.688920305e+00   3.446776134e+00   6.964837619e-02   3.885250000e-01   4.241579649e+02   3.000000000e+02   -1.147090493e-07  0.000000000e+00   1.000000000e+00   
1.688920305e+00   3.446776134e+00   7.747626032e-02   4.321919000e-01   4.241508664e+02   3.000000000e+02   -1.319808548e-07  0.000000000e+00   1.000000000e+00   
1.688920305e+00   3.446776134e+00   8.486105869e-02   4.733871000e-01   4.241432161e+02   3.000000000e+02   -1.494407154e-07  0.000000000e+00   1.000000000e+00   
1.688920305e+00   3.446776134e+00   9.182785028e-02   5.122505000e-01   4.241350915e+02   3.000000000e+02   -1.670085342e-07  0.000000000e+00   1.000000000e+00   
1.688920305e+00   3.446776134e+00   9.840029788e-02   5.489141000e-01   4.241265669e+02   3.000000000e+02   -1.846220766e-07  0.000000000e+00   1.000000000e+00   
1.688920305e+00   3.446776134e+00   1.046007019e-01   5.835023000e-01   4.241177129e+02   3.000000000e+02   -2.022443464e-07  0.000000000e+00   1.000000000e+00   
1.688920305e+00   3.446776134e+00   1.104501616e-01   6.161328000e-01   4.241085946e+02   3.000000000e+02   -2.198383177e-07  0.000000000e+00   1.000000000e+00   
1.688920305e+00   3.446776134e+00   1.159685036e-01   6.469162000e-01   4.240992726e+02   3.000000000e+02   -2.373309868e-07  0.000000000e+00   1.000000000e+00   
1.688920305e+00   3.446776134e+00   1.211744968e-01   6.759572000e-01   4.240898035e+02   3.000000000e+02   -2.546075434e-07  0.000000000e+00   1.000000000e+00   
1.688920305e+00   3.446776134e+00   1.260858165e-01   7.033544000e-01   4.240802423e+02   3.000000000e+02   -2.715460391e-07  0.000000000e+00   1.000000000e+00   
1.688920305e+00   3.446776134e+00   1.307191343e-01   7.292008000e-01   4.240706420e+02   3.000000000e+02   -2.880648860e-07  0.000000000e+00   1.000000000e+00   
1.688920305e+00   3.446776134e+00   1.350901894e-01   7.535842000e-01   4.240610517e+02   3.000000000e+02   -3.041417773e-07  0.000000000e+00   1.000000000e+00   
1.688920305e+00   3.446776134e+00   1.392138071e-01   7.765873000e-01   4.240515153e+02   3.000000000e+02   -3.197884905e-07  0.000000000e+00   1.000000000e+00   
1.688920305e+00   3.446776134e+00   1.431040416e-01   7.982885000e-01   4.240420700e+02   3.000000000e+02   -3.350038340e-07  0.000000000e+00   1.000000000e+00   
1.688920305e+00   3.446776134e+00   1.467740508e-01   8.187612000e-01   4.240327479e+02   3.000000000e+02   -3.497415386e-07  0.000000000e+00   1.000000000e+00   
1.688920305e+00   3.446776134e+00   1.502363293e-01   8.380751000e-01   4.240235774e+02   3.000000000e+02   -3.639200618e-07  0.000000000e+00   1.000000000e+00   
1.688920305e+00   3.446776134e+00   1.535026369e-01   8.562958000e-01   4.240145843e+02   3.000000000e+02   -3.774663386e-07  0.000000000e+00   1.000000000e+00   
1.688920305e+00   3.446776134e+00   1.565840521e-01   8.734851000e-01   4.240057923e+02   3.000000000e+02   -3.903656827e-07  0.000000000e+00   9.999999990e-01   
1.688920305e+00   3.446776134e+00   1.594910618e-01   8.897015000e-01   4.239972218e+02   3.000000000e+02   -4.026852538e-07  0.000000000e+00   1.000000011e+00   
1.688920305e+00   3.446776134e+00   1.622335075e-01   9.049999000e-01   4.239888888e+02   3.000000000e+02   -4.145540152e-07  0.000000000e+00   9.999998948e-01   
1.688920305e+00   3.446776134e+00   1.648207289e-01   9.194324000e-01   4.239808032e+02   3.000000000e+02   -4.261102740e-07  0.000000000e+00   1.000000813e+00   
1.688920305e+00   3.446776134e+00   1.672614919e-01   9.330479000e-01   4.239729691e+02   3.000000000e+02   -4.374351573e-07  0.000000000e+00   9.999949515e-01   
1.688920305e+00   3.446776134e+00   1.695641145e-01   9.458928000e-01   4.239653863e+02   3.000000000e+02   -4.484907692e-07  0.000000000e+00   1.000024401e+00   
1.688920305e+00   3.446776134e+00   1.717363945e-01   9.580106000e-01   4.239580541e+02   3.000000000e+02   -4.590883529e-07  0.000000000e+00   9.999133833e-01   
1.688920305e+00   3.446776134e+00   1.737857176e-01   9.694425000e-01   4.239509757e+02   3.000000000e+02   -4.689650048e-07  0.000000000e+00   1.000193675e+00   
1.688920305e+00   3.446776134e+00   1.757190214e-01   9.802272000e-01   4.239441602e+02   3.000000000e+02   -4.781133921e-07  0.000000000e+00   9.999595519e-01   
1.688920305e+00   3.446776134e+00   1.775429206e-01   9.904016000e-01   4.239376136e+02   3.000000000e+02   -4.877306920e-07  0.000000000e+00   9.983878376e-01   
1.688920305e+00   3.446776134e+00   1.792635640e-01   1.000000000e+00   4.239313101e+02   6.690000000e+02   -5.107244737e-07  0.000000000e+00   1.000000002e+00   

1.928920305e+00   3.936572052e+00   1.000000000e-13   8.274970125e-13   4.226776871e+02   3.000000000e+02   1.015504701e-21   0.000000000e+00   1.000000000e+00   
1.928920305e+00   3.936572052e+00   7.934637710e-03   6.565889000e-02   4.226776871e+02   3.000000000e+02   -7.157380004e-08  0.000000000e+00   1.000000000e+00   
1.928920305e+00   3.936572052e+00   1.542014026e-02   1.276012000e-01   4.226727446e+02   3.000000000e+02   -1.390818373e-07  0.000000000e+00   1.000000000e+00   
1.928920305e+00   3.936572052e+00   2.248194219e-02   1.860374000e-01   4.226641362e+02   3.000000000e+02   -2.027428674e-07  0.000000000e+00   1.000000000e+00   
1.928920305e+00   3.936572052e+00   2.914402063e-02   2.411659000e-01   4.226527068e+02   3.000000000e+02   -2.627665053e-07  0.000000000e+00   1.000000000e+00   
1.928920305e+00   3.936572052e+00   3.542899800e-02   2.931739000e-01   4.226390527e+02   3.000000000e+02   -3.193525371e-07  0.000000000e+00   1.000000000e+00   
1.928920305e+00   3.936572052e+00   4.135821578e-02   3.422380000e-01   4.226236484e+02   3.000000000e+02   -3.726910108e-07  0.000000000e+00   1.000000000e+00   
1.928920305e+00   3.936572052e+00   4.695183114e-02   3.885250000e-01   4.226068875e+02   3.000000000e+02   -4.229628774e-07  0.000000000e+00   1.000000000e+00   
1.928920305e+00   3.936572052e+00   5.222881696e-02   4.321919000e-01   4.225891023e+02   3.000000000e+02   -4.703394216e-07  0.000000000e+00   1.000000000e+00   
1.928920305e+00   3.936572052e+00   5.720710684e-02   4.733871000e-01   4.225705746e+02   3.000000000e+02   -5.149828728e-07  0.000000000e+00   1.000000000e+00   
1.928920305e+00   3.936572052e+00   6.190360718e-02   5.122505000e-01   4.225515436e+02   3.000000000e+02   -5.570465975e-07  0.000000000e+00   1.000000000e+00   
1.928920305e+00   3.936572052e+00   6.633426970e-02   5.489141000e-01   4.225322120e+02   3.000000000e+02   -5.966764119e-07  0.000000000e+00   1.000000000e+00   
1.928920305e+00   3.936572052e+00   7.051412769e-02   5.835023000e-01   4.225127515e+02   3.000000000e+02   -6.340107946e-07  0.000000000e+00   1.000000000e+00   
1.928920305e+00   3.936572052e+00   7.445740477e-02   6.161328000e-01   4.224933061e+02   3.000000000e+02   -6.691805425e-07  0.000000000e+00   1.000000000e+00   
1.928920305e+00   3.936572052e+00   7.817746654e-02   6.469162000e-01   4.224739965e+02   3.000000000e+02   -7.023074775e-07  0.000000000e+00   1.000000000e+00   
1.928920305e+00   3.936572052e+00   8.168696561e-02   6.759572000e-01   4.224549228e+02   3.000000000e+02   -7.335070308e-07  0.000000000e+00   1.000000000e+00   
1.928920305e+00   3.936572052e+00   8.499781744e-02   7.033544000e-01   4.224361676e+02   3.000000000e+02   -7.628903748e-07  0.000000000e+00   1.000000000e+00   
1.928920305e+00   3.936572052e+00   8.812126075e-02   7.292008000e-01   4.224177980e+02   3.000000000e+02   -7.905656539e-07  0.000000000e+00   1.000000000e+00   
1.928920305e+00   3.936572052e+00   9.106790582e-02   7.535842000e-01   4.223998675e+02   3.000000000e+02   -8.166357812e-07  0.000000000e+00   1.000000000e+00   
1.928920305e+00   3.936572052e+00   9.384774668e-02   7.765873000e-01   4.223824183e+02   3.000000000e+02   -8.411942884e-07  0.000000000e+00   1.000000000e+00   
1.928920305e+00   3.936572052e+00   9.647025766e-02   7.982885000e-01   4.223654821e+02   3.000000000e+02   -8.643240649e-07  0.000000000e+00   1.000000000e+00   
1.928920305e+00   3.936572052e+00   9.894430888e-02   8.187612000e-01   4.223490832e+02   3.000000000e+02   -8.860994341e-07  0.000000000e+00   1.000000000e+00   
1.928920305e+00   3.936572052e+00   1.012783234e-01   8.380751000e-01   4.223332383e+02   3.000000000e+02   -9.065946425e-07  0.000000000e+00   1.000000000e+00   
1.928920305e+00   3.936572052e+00   1.034802286e-01   8.562958000e-01   4.223179584e+02   3.000000000e+02   -9.258902135e-07  0.000000000e+00   1.000000000e+00   
1.928920305e+00   3.936572052e+00   1.055574929e-01   8.734851000e-01   4.223032488e+02   3.000000000e+02   -9.440738791e-07  0.000000000e+00   9.999999993e-01   
1.928920305e+00   3.936572052e+00   1.075171858e-01   8.897015000e-01   4.222891095e+02   3.000000000e+02   -9.612308993e-07  0.000000000e+00   1.000000008e+00   
1.928920305e+00   3.936572052e+00   1.093659417e-01   9.049999000e-01   4.222755369e+02   3.000000000e+02   -9.774245025e-07  0.000000000e+00   9.999999249e-01   
1.928920305e+00   3.936572052e+00   1.111100567e-01   9.194324000e-01   4.222625239e+02   3.000000000e+02   -9.926789388e-07  0.000000000e+00   1.000000606e+00   
1.928920305e+00   3.936572052e+00   1.127554403e-01   9.330479000e-01   4.222500621e+02   3.000000000e+02   -1.006986820e-06  0.000000000e+00   9.999960492e-01   
1.928920305e+00   3.936572052e+00   1.143076997e-01   9.458928000e-01   4.222381425e+02   3.000000000e+02   -1.020367559e-06  0.000000000e+00   1.000020133e+00   
1.928920305e+00   3.936572052e+00   1.157720917e-01   9.580106000e-01   4.222267547e+02   3.000000000e+02   -1.032965416e-06  0.000000000e+00   9.999238483e-01   
1.928920305e+00   3.936572052e+00   1.171535952e-01   9.694425000e-01   4.222158847e+02   3.000000000e+02   -1.045085003e-06  0.000000000e+00   1.000190689e+00   
1.928920305e+00   3.936572052e+00   1.184568869e-01   9.802272000e-01   4.222055124e+02   3.000000000e+02   -1.056871542e-06  0.000000000e+00   9.998422901e-01   
1.928920305e+00   3.936572052e+00   1.196864261e-01   9.904016000e-01   4.221956155e+02   3.000000000e+02   -1.067037899e-06  0.000000000e+00   9.984066844e-01   
1.928920305e+00   3.936572052e+00   1.208463577e-01   1.000000000e+00   4.221861965e+02   6.690000000e+02   -1.082687761e-06  0.000000000e+00   1.000000000e+00   

2.003060930e+00   4.087879450e+00   1.000000000e-13   1.022672134e-12   4.216745940e+02   3.000000000e+02   -1.888724913e-20  0.000000000e+00   1.000000000e+00   
2.003060930e+00   4.087879450e+00   6.420326497e-03   6.565889000e-02   4.216745940e+02   3.000000000e+02   -8.283223483e-08  0.000000000e+00   1.000000000e+00   
2.003060930e+00   4.087879450e+00   1.247723447e-02   1.276012000e-01   4.216699362e+02   3.000000000e+02   -1.608782366e-07  0.000000000e+00   1.000000000e+00   
2.003060930e+00   4.087879450e+00   1.819130431e-02   1.860374000e-01   4.216618280e+02   3.000000000e+02   -2.343252511e-07  0.000000000e+00   1.000000000e+00   
2.003060930e+00   4.087879450e+00   2.358193716e-02   2.411659000e-01   4.216510717e+02   3.000000000e+02   -3.033747181e-07  0.000000000e+00   1.000000000e+00   
2.003060930e+00   4.087879450e+00   2.866743800e-02   2.931739000e-01   4.216382359e+02   3.000000000e+02   -3.682457999e-07  0.000000000e+00   1.000000000e+00   
2.003060930e+00   4.087879450e+00   3.346507532e-02   3.422380000e-01   4.216237729e+02   3.000000000e+02   -4.291885589e-07  0.000000000e+00   1.000000000e+00   
2.003060930e+00   4.087879450e+00   3.799115934e-02   3.885250000e-01   4.216080569e+02   3.000000000e+02   -4.864975121e-07  0.000000000e+00   1.000000000e+00   
2.003060930e+00   4.087879450e+00   4.226104199e-02   4.321919000e-01   4.215914004e+02   3.000000000e+02   -5.405145108e-07  0.000000000e+00   1.000000000e+00   
2.003060930e+00   4.087879450e+00   4.628923427e-02   4.733871000e-01   4.215740634e+02   3.000000000e+02   -5.916147961e-07  0.000000000e+00   1.000000000e+00   
2.003060930e+00   4.087879450e+00   5.008941604e-02   5.122505000e-01   4.215562613e+02   3.000000000e+02   -6.401705083e-07  0.000000000e+00   1.000000000e+00   
2.003060930e+00   4.087879450e+00   5.367449466e-02   5.489141000e-01   4.215381712e+02   3.000000000e+02   -6.864997920e-07  0.000000000e+00   1.000000000e+00   
2.003060930e+00   4.087879450e+00   5.705663434e-02   5.835023000e-01   4.215199394e+02   3.000000000e+02   -7.308154294e-07  0.000000000e+00   1.000000000e+00   
2.003060930e+00   4.087879450e+00   6.024734414e-02   6.161328000e-01   4.215016879e+02   3.000000000e+02   -7.731926964e-07  0.000000000e+00   1.000000000e+00   
2.003060930e+00   4.087879450e+00   6.325743886e-02   6.469162000e-01   4.214835211e+02   3.000000000e+02   -8.135681968e-07  0.000000000e+00   1.000000000e+00   
2.003060930e+00   4.087879450e+00   6.609715641e-02   6.759572000e-01   4.214655304e+02   3.000000000e+02   -8.517766577e-07  0.000000000e+00   1.000000000e+00   
2.003060930e+00   4.087879450e+00   6.877613817e-02   7.033544000e-01   4.214477976e+02   3.000000000e+02   -8.876123321e-07  0.000000000e+00   1.000000000e+00   
2.003060930e+00   4.087879450e+00   7.130347799e-02   7.292008000e-01   4.214303961e+02   3.000000000e+02   -9.208990756e-07  0.000000000e+00   1.000000000e+00   
2.003060930e+00   4.087879450e+00   7.368776120e-02   7.535842000e-01   4.214133908e+02   3.000000000e+02   -9.515478881e-07  0.000000000e+00   1.000000000e+00   
2.003060930e+00   4.087879450e+00   7.593707447e-02   7.765873000e-01   4.213968371e+02   3.000000000e+02   -9.795873226e-07  0.000000000e+00   1.000000000e+00   
2.003060930e+00   4.087879450e+00   7.805908398e-02   7.982885000e-01   4.213807793e+02   3.000000000e+02   -1.005163614e-06  0.000000000e+00   1.000000000e+00   
2.003060930e+00   4.087879450e+00   8.006096702e-02   8.187612000e-01   4.213652514e+02   3.000000000e+02   -1.028513248e-06  0.000000000e+00   1.000000000e+00   
2.003060930e+00   4.087879450e+00   8.194953906e-02   8.380751000e-01   4.213502760e+02   3.000000000e+02   -1.049923668e-06  0.000000000e+00   1.000000000e+00   
2.003060930e+00   4.087879450e+00   8.373121467e-02   8.562958000e-01   4.213358659e+02   3.000000000e+02   -1.069690247e-06  0.000000000e+00   1.000000000e+00   
2.003060930e+00   4.087879450e+00   8.541203685e-02   8.734851000e-01   4.213220258e+02   3.000000000e+02   -1.088082315e-06  0.000000000e+00   9.999999995e-01   
2.003060930e+00   4.087879450e+00   8.699772589e-02   8.897015000e-01   4.213087534e+02   3.000000000e+02   -1.105322503e-06  0.000000000e+00   1.000000006e+00   
2.003060930e+00   4.087879450e+00   8.849365010e-02   9.049999000e-01   4.212960418e+02   3.000000000e+02   -1.121578859e-06  0.000000000e+00   9.999999391e-01   
2.003060930e+00   4.087879450e+00   8.990490396e-02   9.194324000e-01   4.212838801e+02   3.000000000e+02   -1.136968761e-06  0.000000000e+00   1.000000506e+00   
2.003060930e+00   4.087879450e+00   9.123626907e-02   9.330479000e-01   4.212722556e+02   3.000000000e+02   -1.151568158e-06  0.000000000e+00   9.999966043e-01   
2.003060930e+00   4.087879450e+00   9.249228257e-02   9.458928000e-01   4.212611536e+02   3.000000000e+02   -1.165424311e-06  0.000000000e+00   1.000017864e+00   
2.003060930e+00   4.087879450e+00   9.367719801e-02   9.580106000e-01   4.212505589e+02   3.000000000e+02   -1.178566660e-06  0.000000000e+00   9.999299175e-01   
2.003060930e+00   4.087879450e+00   9.479504405e-02   9.694425000e-01   4.212404555e+02   3.000000000e+02   -1.191016673e-06  0.000000000e+00   1.000185327e+00   
2.003060930e+00   4.087879450e+00   9.584960491e-02   9.802272000e-01   4.212308271e+02   3.000000000e+02   -1.202793587e-06  0.000000000e+00   9.997747357e-01   
2.003060930e+00   4.087879450e+00   9.684448876e-02   9.904016000e-01   4.212216571e+02   3.000000000e+02   -1.214001956e-06  0.000000000e+00   9.984207034e-01   
2.003060930e+00   4.087879450e+00   9.778304959e-02   1.000000000e+00   4.212129285e+02   6.690000000e+02   -1.252643227e-06  0.000000000e+00   1.000000000e+00   

