t[s](1)           t[s/mm2](2)       r[mm](3)          r/rd[-](4)        T[K](5)           Tfib[K](6)        v[m/s](7)         dummy(8)          NC7H16_w(9)       
0.000000000e+00   0.000000000e+00   0.000000000e+00   0.000000000e+00   3.000000000e+02   3.000000000e+02   0.000000000e+00   0.000000000e+00   1.000000000e+00   
0.000000000e+00   0.000000000e+00   2.298061150e-02   6.565889000e-02   3.000000000e+02   3.000000000e+02   0.000000000e+00   0.000000000e+00   1.000000000e+00   
0.000000000e+00   0.000000000e+00   4.466042000e-02   1.276012000e-01   3.000000000e+02   3.000000000e+02   0.000000000e+00   0.000000000e+00   1.000000000e+00   
0.000000000e+00   0.000000000e+00   6.511309000e-02   1.860374000e-01   3.000000000e+02   3.000000000e+02   0.000000000e+00   0.000000000e+00   1.000000000e+00   
0.000000000e+00   0.000000000e+00   8.440806500e-02   2.411659000e-01   3.000000000e+02   3.000000000e+02   0.000000000e+00   0.000000000e+00   1.000000000e+00   
0.000000000e+00   0.000000000e+00   1.026108650e-01   2.931739000e-01   3.000000000e+02   3.000000000e+02   0.000000000e+00   0.000000000e+00   1.000000000e+00   
0.000000000e+00   0.000000000e+00   1.197833000e-01   3.422380000e-01   3.000000000e+02   3.000000000e+02   0.000000000e+00   0.000000000e+00   1.000000000e+00   
0.000000000e+00   0.000000000e+00   1.359837500e-01   3.885250000e-01   3.000000000e+02   3.000000000e+02   0.000000000e+00   0.000000000e+00   1.000000000e+00   
0.000000000e+00   0.000000000e+00   1.512671650e-01   4.321919000e-01   3.000000000e+02   3.000000000e+02   0.000000000e+00   0.000000000e+00   1.000000000e+00   
0.000000000e+00   0.000000000e+00   1.656854850e-01   4.733871000e-01   3.000000000e+02   3.000000000e+02   0.000000000e+00   0.000000000e+00   1.000000000e+00   
0.000000000e+00   0.000000000e+00   1.792876750e-01   5.122505000e-01   3.000000000e+02   3.000000000e+02   0.000000000e+00   0.000000000e+00   1.000000000e+00   
0.000000000e+00   0.000000000e+00   1.921199350e-01   5.489141000e-01   3.000000000e+02   3.000000000e+02   0.000000000e+00   0.000000000e+00   1.000000000e+00   
0.000000000e+00   0.000000000e+00   2.042258050e-01   5.835023000e-01   3.000000000e+02   3.000000000e+02   0.000000000e+00   0.000000000e+00   1.000000000e+00   
0.000000000e+00   0.000000000e+00   2.156464800e-01   6.161328000e-01   3.000000000e+02   3.000000000e+02   0.000000000e+00   0.000000000e+00   1.000000000e+00   
0.000000000e+00   0.000000000e+00   2.264206700e-01   6.469162000e-01   3.000000000e+02   3.000000000e+02   0.000000000e+00   0.000000000e+00   1.000000000e+00   
0.000000000e+00   0.000000000e+00   2.365850200e-01   6.759572000e-01   3.000000000e+02   3.000000000e+02   0.000000000e+00   0.000000000e+00   1.000000000e+00   
0.000000000e+00   0.000000000e+00   2.461740400e-01   7.033544000e-01   3.000000000e+02   3.000000000e+02   0.000000000e+00   0.000000000e+00   1.000000000e+00   
0.000000000e+00   0.000000000e+00   2.552202800e-01   7.292008000e-01   3.000000000e+02   3.000000000e+02   0.000000000e+00   0.000000000e+00   1.000000000e+00   
0.000000000e+00   0.000000000e+00   2.637544700e-01   7.535842000e-01   3.000000000e+02   3.000000000e+02   0.000000000e+00   0.000000000e+00   1.000000000e+00   
0.000000000e+00   0.000000000e+00   2.718055550e-01   7.765873000e-01   3.000000000e+02   3.000000000e+02   0.000000000e+00   0.000000000e+00   1.000000000e+00   
0.000000000e+00   0.000000000e+00   2.794009750e-01   7.982885000e-01   3.000000000e+02   3.000000000e+02   0.000000000e+00   0.000000000e+00   1.000000000e+00   
0.000000000e+00   0.000000000e+00   2.865664200e-01   8.187612000e-01   3.000000000e+02   3.000000000e+02   0.000000000e+00   0.000000000e+00   1.000000000e+00   
0.000000000e+00   0.000000000e+00   2.933262850e-01   8.380751000e-01   3.000000000e+02   3.000000000e+02   0.000000000e+00   0.000000000e+00   1.000000000e+00   
0.000000000e+00   0.000000000e+00   2.997035300e-01   8.562958000e-01   3.000000000e+02   3.000000000e+02   0.000000000e+00   0.000000000e+00   1.000000000e+00   
0.000000000e+00   0.000000000e+00   3.057197850e-01   8.734851000e-01   3.000000000e+02   3.000000000e+02   0.000000000e+00   0.000000000e+00   1.000000000e+00   
0.000000000e+00   0.000000000e+00   3.113955250e-01   8.897015000e-01   3.000000000e+02   3.000000000e+02   0.000000000e+00   0.000000000e+00   1.000000000e+00   
0.000000000e+00   0.000000000e+00   3.167499650e-01   9.049999000e-01   3.000000000e+02   3.000000000e+02   0.000000000e+00   0.000000000e+00   1.000000000e+00   
0.000000000e+00   0.000000000e+00   3.218013400e-01   9.194324000e-01   3.000000000e+02   3.000000000e+02   0.000000000e+00   0.000000000e+00   1.000000000e+00   
0.000000000e+00   0.000000000e+00   3.265667650e-01   9.330479000e-01   3.000000000e+02   3.000000000e+02   0.000000000e+00   0.000000000e+00   1.000000000e+00   
0.000000000e+00   0.000000000e+00   3.310624800e-01   9.458928000e-01   3.000000000e+02   3.000000000e+02   0.000000000e+00   0.000000000e+00   1.000000000e+00   
0.000000000e+00   0.000000000e+00   3.353037100e-01   9.580106000e-01   3.000000000e+02   3.000000000e+02   0.000000000e+00   0.000000000e+00   1.000000000e+00   
0.000000000e+00   0.000000000e+00   3.393048750e-01   9.694425000e-01   3.000000000e+02   3.000000000e+02   0.000000000e+00   0.000000000e+00   1.000000000e+00   
0.000000000e+00   0.000000000e+00   3.430795200e-01   9.802272000e-01   3.000000000e+02   3.000000000e+02   0.000000000e+00   0.000000000e+00   1.000000000e+00   
0.000000000e+00   0.000000000e+00   3.466405600e-01   9.904016000e-01   3.000000000e+02   3.000000000e+02   0.000000000e+00   0.000000000e+00   1.000000000e+00   
0.000000000e+00   0.000000000e+00   3.500000000e-01   1.000000000e+00   2.997000000e+02   2.997000000e+02   0.000000000e+00   0.000000000e+00   1.000000000e+00   

9.252528479e-08   1.888271118e-07   1.000000000e-13   2.857145791e-13   3.000000000e+02   3.000000000e+02   -4.893062532e-22  0.000000000e+00   1.000000000e+00   
9.252528479e-08   1.888271118e-07   2.298058791e-02   6.565889000e-02   3.000000000e+02   3.000000000e+02   -1.631020844e-22  0.000000000e+00   1.000000000e+00   
9.252528479e-08   1.888271118e-07   4.466037415e-02   1.276012000e-01   3.000000000e+02   3.000000000e+02   -8.275624323e-23  0.000000000e+00   1.000000000e+00   
9.252528479e-08   1.888271118e-07   6.511302315e-02   1.860374000e-01   3.000000000e+02   3.000000000e+02   -5.082620742e-23  0.000000000e+00   1.000000000e+00   
9.252528479e-08   1.888271118e-07   8.440797834e-02   2.411659000e-01   3.000000000e+02   3.000000000e+02   -3.487976468e-23  0.000000000e+00   1.000000000e+00   
9.252528479e-08   1.888271118e-07   1.026107596e-01   2.931739000e-01   3.000000000e+02   3.000000000e+02   -2.574545990e-23  0.000000000e+00   1.000000000e+00   
9.252528479e-08   1.888271118e-07   1.197831770e-01   3.422380000e-01   3.000000000e+02   3.000000000e+02   -2.000851724e-23  0.000000000e+00   1.000000000e+00   
9.252528479e-08   1.888271118e-07   1.359836104e-01   3.885250000e-01   3.000000000e+02   3.000000000e+02   -1.615843966e-23  0.000000000e+00   1.000000000e+00   
9.252528479e-08   1.888271118e-07   1.512670097e-01   4.321919000e-01   3.000000000e+02   3.000000000e+02   -1.344215837e-23  0.000000000e+00   1.000000000e+00   
9.252528479e-08   1.888271118e-07   1.656853149e-01   4.733871000e-01   3.000000000e+02   3.000000000e+02   -1.144944581e-23  0.000000000e+00   1.000000000e+00   
9.252528479e-08   1.888271118e-07   1.792874909e-01   5.122505000e-01   3.000000000e+02   3.000000000e+02   -9.941033903e-24  0.000000000e+00   1.000000000e+00   
9.252528479e-08   1.888271118e-07   1.921197377e-01   5.489141000e-01   3.000000000e+02   3.000000000e+02   -8.769545959e-24  0.000000000e+00   1.000000000e+00   
9.252528479e-08   1.888271118e-07   2.042255953e-01   5.835023000e-01   3.000000000e+02   3.000000000e+02   -7.840075426e-24  0.000000000e+00   1.000000000e+00   
9.252528479e-08   1.888271118e-07   2.156462586e-01   6.161328000e-01   3.000000000e+02   3.000000000e+02   -7.089186348e-24  0.000000000e+00   1.000000000e+00   
9.252528479e-08   1.888271118e-07   2.264204375e-01   6.469162000e-01   3.000000000e+02   3.000000000e+02   -6.473139783e-24  0.000000000e+00   1.000000000e+00   
9.252528479e-08   1.888271118e-07   2.365847771e-01   6.759572000e-01   3.000000000e+02   3.000000000e+02   -5.960942472e-24  0.000000000e+00   1.000000000e+00   
9.252528479e-08   1.888271118e-07   2.461737872e-01   7.033544000e-01   3.000000000e+02   3.000000000e+02   -5.530121680e-24  0.000000000e+00   1.000000000e+00   
9.252528479e-08   1.888271118e-07   2.552200180e-01   7.292008000e-01   3.000000000e+02   3.000000000e+02   -5.164044312e-24  0.000000000e+00   1.000000000e+00   
9.252528479e-08   1.888271118e-07   2.637541992e-01   7.535842000e-01   3.000000000e+02   3.000000000e+02   -4.850174302e-24  0.000000000e+00   1.000000000e+00   
9.252528479e-08   1.888271118e-07   2.718052759e-01   7.765873000e-01   3.000000000e+02   3.000000000e+02   -4.578912629e-24  0.000000000e+00   1.000000000e+00   
9.252528479e-08   1.888271118e-07   2.794006881e-01   7.982885000e-01   3.000000000e+02   3.000000000e+02   -4.342797688e-24  0.000000000e+00   1.000000000e+00   
9.252528479e-08   1.888271118e-07   2.865661258e-01   8.187612000e-01   3.000000000e+02   3.000000000e+02   -4.135962486e-24  0.000000000e+00   1.000000000e+00   
9.252528479e-08   1.888271118e-07   2.933259838e-01   8.380751000e-01   3.000000000e+02   3.000000000e+02   -3.953730704e-24  0.000000000e+00   1.000000000e+00   
9.252528479e-08   1.888271118e-07   2.997032223e-01   8.562958000e-01   3.000000000e+02   3.000000000e+02   -3.792340003e-24  0.000000000e+00   1.000000000e+00   
9.252528479e-08   1.888271118e-07   3.057194711e-01   8.734851000e-01   3.000000000e+02   3.000000000e+02   -3.648733270e-24  0.000000000e+00   1.000000000e+00   
9.252528479e-08   1.888271118e-07   3.113952053e-01   8.897015000e-01   3.000000000e+02   3.000000000e+02   -3.520402032e-24  0.000000000e+00   1.000000000e+00   
9.252528479e-08   1.888271118e-07   3.167496398e-01   9.049999000e-01   3.000000000e+02   3.000000000e+02   -3.405274487e-24  0.000000000e+00   1.000000000e+00   
9.252528479e-08   1.888271118e-07   3.218010096e-01   9.194324000e-01   3.000000000e+02   3.000000000e+02   -3.303161434e-24  0.000000000e+00   1.000000000e+00   
9.252528479e-08   1.888271118e-07   3.265664297e-01   9.330479000e-01   3.000000000e+02   3.000000000e+02   -4.191601369e-24  0.000000000e+00   1.000000000e+00   
9.252528479e-08   1.888271118e-07   3.310621401e-01   9.458928000e-01   3.000000000e+02   3.000000000e+02   1.149440129e-18   0.000000000e+00   1.000000000e+00   
9.252528479e-08   1.888271118e-07   3.353033657e-01   9.580106000e-01   3.000000000e+02   3.000000000e+02   2.479454267e-14   0.000000000e+00   1.000000000e+00   
9.252528479e-08   1.888271118e-07   3.393045266e-01   9.694425000e-01   3.000000000e+02   3.000000000e+02   1.479865554e-10   0.000000000e+00   1.000000000e+00   
9.252528479e-08   1.888271118e-07   3.430791678e-01   9.802272000e-01   3.000000065e+02   3.000000000e+02   5.179062365e-07   0.000000000e+00   1.000000000e+00   
9.252528479e-08   1.888271118e-07   3.466402041e-01   9.904016000e-01   3.000214560e+02   3.000000000e+02   7.732369068e-04   0.000000000e+00   1.000000000e+00   
9.252528479e-08   1.888271118e-07   3.499996406e-01   1.000000000e+00   3.314234446e+02   7.410000000e+02   9.069783751e-04   0.000000000e+00   1.000000000e+00   

1.707961172e-06   3.485635045e-06   1.000000000e-13   2.857292742e-13   3.000000000e+02   3.000000000e+02   -4.161489854e-25  0.000000000e+00   1.000000000e+00   
1.707961172e-06   3.485635045e-06   2.297940600e-02   6.565889000e-02   3.000000000e+02   3.000000000e+02   -1.387163270e-25  0.000000000e+00   1.000000000e+00   
1.707961172e-06   3.485635045e-06   4.465807724e-02   1.276012000e-01   3.000000000e+02   3.000000000e+02   -7.038317222e-26  0.000000000e+00   1.000000000e+00   
1.707961172e-06   3.485635045e-06   6.510967436e-02   1.860374000e-01   3.000000000e+02   3.000000000e+02   -4.322706748e-26  0.000000000e+00   1.000000000e+00   
1.707961172e-06   3.485635045e-06   8.440363720e-02   2.411659000e-01   3.000000000e+02   3.000000000e+02   -2.966481306e-26  0.000000000e+00   1.000000000e+00   
1.707961172e-06   3.485635045e-06   1.026054823e-01   2.931739000e-01   3.000000000e+02   3.000000000e+02   -2.189619861e-26  0.000000000e+00   1.000000000e+00   
1.707961172e-06   3.485635045e-06   1.197770165e-01   3.422380000e-01   3.000000000e+02   3.000000000e+02   -1.701699908e-26  0.000000000e+00   1.000000000e+00   
1.707961172e-06   3.485635045e-06   1.359766167e-01   3.885250000e-01   3.000000000e+02   3.000000000e+02   -1.374255520e-26  0.000000000e+00   1.000000000e+00   
1.707961172e-06   3.485635045e-06   1.512592300e-01   4.321919000e-01   3.000000000e+02   3.000000000e+02   -1.143239121e-26  0.000000000e+00   1.000000000e+00   
1.707961172e-06   3.485635045e-06   1.656767936e-01   4.733871000e-01   3.000000000e+02   3.000000000e+02   -9.737613558e-27  0.000000000e+00   1.000000000e+00   
1.707961172e-06   3.485635045e-06   1.792782701e-01   5.122505000e-01   3.000000000e+02   3.000000000e+02   -8.454727688e-27  0.000000000e+00   1.000000000e+00   
1.707961172e-06   3.485635045e-06   1.921098569e-01   5.489141000e-01   3.000000000e+02   3.000000000e+02   -7.458391526e-27  0.000000000e+00   1.000000000e+00   
1.707961172e-06   3.485635045e-06   2.042150919e-01   5.835023000e-01   3.000000000e+02   3.000000000e+02   -6.667888211e-27  0.000000000e+00   1.000000000e+00   
1.707961172e-06   3.485635045e-06   2.156351678e-01   6.161328000e-01   3.000000000e+02   3.000000000e+02   -6.029266238e-27  0.000000000e+00   1.000000000e+00   
1.707961172e-06   3.485635045e-06   2.264087926e-01   6.469162000e-01   3.000000000e+02   3.000000000e+02   -5.505326172e-27  0.000000000e+00   1.000000000e+00   
1.707961172e-06   3.485635045e-06   2.365726094e-01   6.759572000e-01   3.000000000e+02   3.000000000e+02   -5.069708626e-27  0.000000000e+00   1.000000000e+00   
1.707961172e-06   3.485635045e-06   2.461611264e-01   7.033544000e-01   3.000000000e+02   3.000000000e+02   -4.703300814e-27  0.000000000e+00   1.000000000e+00   
1.707961172e-06   3.485635045e-06   2.552068919e-01   7.292008000e-01   3.000000000e+02   3.000000000e+02   -4.391956491e-27  0.000000000e+00   1.000000000e+00   
1.707961172e-06   3.485635045e-06   2.637406342e-01   7.535842000e-01   3.000000000e+02   3.000000000e+02   -4.125013888e-27  0.000000000e+00   1.000000000e+00   
1.707961172e-06   3.485635045e-06   2.717912969e-01   7.765873000e-01   3.000000000e+02   3.000000000e+02   -3.894309154e-27  0.000000000e+00   1.000000000e+00   
1.707961172e-06   3.485635045e-06   2.793863184e-01   7.982885000e-01   3.000000000e+02   3.000000000e+02   -3.693496285e-27  0.000000000e+00   1.000000000e+00   
1.707961172e-06   3.485635045e-06   2.865513876e-01   8.187612000e-01   3.000000000e+02   3.000000000e+02   -3.517585476e-27  0.000000000e+00   1.000000000e+00   
1.707961172e-06   3.485635045e-06   2.933108980e-01   8.380751000e-01   3.000000000e+02   3.000000000e+02   -3.362599574e-27  0.000000000e+00   1.000000000e+00   
1.707961172e-06   3.485635045e-06   2.996878084e-01   8.562958000e-01   3.000000000e+02   3.000000000e+02   -3.225339075e-27  0.000000000e+00   1.000000000e+00   
1.707961172e-06   3.485635045e-06   3.057037478e-01   8.734851000e-01   3.000000000e+02   3.000000000e+02   -3.104601828e-27  0.000000000e+00   1.000000000e+00   
1.707961172e-06   3.485635045e-06   3.113791901e-01   8.897015000e-01   3.000000000e+02   3.000000000e+02   -6.612992304e-27  0.000000000e+00   1.000000000e+00   
1.707961172e-06   3.485635045e-06   3.167333492e-01   9.049999000e-01   3.000000000e+02   3.000000000e+02   -6.231130955e-24  0.000000000e+00   1.000000000e+00   
1.707961172e-06   3.485635045e-06   3.217844592e-01   9.194324000e-01   3.000000000e+02   3.000000000e+02   1.532086178e-22   0.000000000e+00   1.000000000e+00   
1.707961172e-06   3.485635045e-06   3.265496343e-01   9.330479000e-01   3.000000000e+02   3.000000000e+02   3.889134951e-16   0.000000000e+00   1.000000000e+00   
1.707961172e-06   3.485635045e-06   3.310451134e-01   9.458928000e-01   3.000000000e+02   3.000000000e+02   2.524695361e-13   0.000000000e+00   1.000000000e+00   
1.707961172e-06   3.485635045e-06   3.352861209e-01   9.580106000e-01   3.000000000e+02   3.000000000e+02   1.179377620e-10   0.000000000e+00   1.000000000e+00   
1.707961172e-06   3.485635045e-06   3.392870761e-01   9.694425000e-01   3.000000055e+02   3.000000000e+02   3.661941050e-08   0.000000000e+00   1.000000000e+00   
1.707961172e-06   3.485635045e-06   3.430615230e-01   9.802272000e-01   3.000016143e+02   3.000000000e+02   6.551074488e-06   0.000000000e+00   1.000000000e+00   
1.707961172e-06   3.485635045e-06   3.466223762e-01   9.904016000e-01   3.002730020e+02   3.000000000e+02   4.583019019e-04   0.000000000e+00   1.000000000e+00   
1.707961172e-06   3.485635045e-06   3.499816400e-01   1.000000000e+00   3.185641744e+02   7.410000000e+02   -1.174269094e-02  0.000000000e+00   1.000000000e+00   

1.589171562e-05   3.243207269e-05   1.000000000e-13   2.857587924e-13   3.000000000e+02   3.000000000e+02   -2.945059087e-22  0.000000000e+00   1.000000000e+00   
1.589171562e-05   3.243207269e-05   2.297703229e-02   6.565889000e-02   3.000000000e+02   3.000000000e+02   -9.816863623e-23  0.000000000e+00   1.000000000e+00   
1.589171562e-05   3.243207269e-05   4.465346418e-02   1.276012000e-01   3.000000000e+02   3.000000000e+02   -4.980971009e-23  0.000000000e+00   1.000000000e+00   
1.589171562e-05   3.243207269e-05   6.510294870e-02   1.860374000e-01   3.000000000e+02   3.000000000e+02   -3.059151259e-23  0.000000000e+00   1.000000000e+00   
1.589171562e-05   3.243207269e-05   8.439491853e-02   2.411659000e-01   3.000000000e+02   3.000000000e+02   -2.099359395e-23  0.000000000e+00   1.000000000e+00   
1.589171562e-05   3.243207269e-05   1.025948835e-01   2.931739000e-01   3.000000000e+02   3.000000000e+02   -1.549579637e-23  0.000000000e+00   1.000000000e+00   
1.589171562e-05   3.243207269e-05   1.197646439e-01   3.422380000e-01   3.000000000e+02   3.000000000e+02   -1.204281882e-23  0.000000000e+00   1.000000000e+00   
1.589171562e-05   3.243207269e-05   1.359625707e-01   3.885250000e-01   3.000000000e+02   3.000000000e+02   -9.725516329e-24  0.000000000e+00   1.000000000e+00   
1.589171562e-05   3.243207269e-05   1.512436053e-01   4.321919000e-01   3.000000000e+02   3.000000000e+02   -8.090628396e-24  0.000000000e+00   1.000000000e+00   
1.589171562e-05   3.243207269e-05   1.656596797e-01   4.733871000e-01   3.000000000e+02   3.000000000e+02   -6.891245352e-24  0.000000000e+00   1.000000000e+00   
1.589171562e-05   3.243207269e-05   1.792597511e-01   5.122505000e-01   3.000000000e+02   3.000000000e+02   -5.983355422e-24  0.000000000e+00   1.000000000e+00   
1.589171562e-05   3.243207269e-05   1.920900125e-01   5.489141000e-01   3.000000000e+02   3.000000000e+02   -5.278254845e-24  0.000000000e+00   1.000000000e+00   
1.589171562e-05   3.243207269e-05   2.041939970e-01   5.835023000e-01   3.000000000e+02   3.000000000e+02   -4.718820826e-24  0.000000000e+00   1.000000000e+00   
1.589171562e-05   3.243207269e-05   2.156128933e-01   6.161328000e-01   3.000000000e+02   3.000000000e+02   -4.266872238e-24  0.000000000e+00   1.000000000e+00   
1.589171562e-05   3.243207269e-05   2.263854052e-01   6.469162000e-01   3.000000000e+02   3.000000000e+02   -3.896083285e-24  0.000000000e+00   1.000000000e+00   
1.589171562e-05   3.243207269e-05   2.365481721e-01   6.759572000e-01   3.000000000e+02   3.000000000e+02   -3.587799600e-24  0.000000000e+00   1.000000000e+00   
1.589171562e-05   3.243207269e-05   2.461356986e-01   7.033544000e-01   3.000000000e+02   3.000000000e+02   -3.328495191e-24  0.000000000e+00   1.000000000e+00   
1.589171562e-05   3.243207269e-05   2.551805297e-01   7.292008000e-01   3.000000000e+02   3.000000000e+02   -3.108158853e-24  0.000000000e+00   1.000000000e+00   
1.589171562e-05   3.243207269e-05   2.637133905e-01   7.535842000e-01   3.000000000e+02   3.000000000e+02   -2.919245321e-24  0.000000000e+00   1.000000000e+00   
1.589171562e-05   3.243207269e-05   2.717632216e-01   7.765873000e-01   3.000000000e+02   3.000000000e+02   -2.755977093e-24  0.000000000e+00   1.000000000e+00   
1.589171562e-05   3.243207269e-05   2.793574586e-01   7.982885000e-01   3.000000000e+02   3.000000000e+02   -2.613863401e-24  0.000000000e+00   1.000000000e+00   
1.589171562e-05   3.243207269e-05   2.865217876e-01   8.187612000e-01   3.000000000e+02   3.000000000e+02   -2.489440838e-24  0.000000000e+00   1.000000000e+00   
1.589171562e-05   3.243207269e-05   2.932805997e-01   8.380751000e-01   3.000000000e+02   3.000000000e+02   -2.392687137e-24  0.000000000e+00   1.000000000e+00   
1.589171562e-05   3.243207269e-05   2.996568515e-01   8.562958000e-01   3.000000000e+02   3.000000000e+02   -3.609165424e-24  0.000000000e+00   1.000000000e+00   
1.589171562e-05   3.243207269e-05   3.056721695e-01   8.734851000e-01   3.000000000e+02   3.000000000e+02   1.043111887e-21   0.000000000e+00   1.000000000e+00   
1.589171562e-05   3.243207269e-05   3.113470255e-01   8.897015000e-01   3.000000000e+02   3.000000000e+02   8.154405520e-18   0.000000000e+00   1.000000000e+00   
1.589171562e-05   3.243207269e-05   3.167006315e-01   9.049999000e-01   3.000000000e+02   3.000000000e+02   1.265075974e-15   0.000000000e+00   1.000000000e+00   
1.589171562e-05   3.243207269e-05   3.217512198e-01   9.194324000e-01   3.000000000e+02   3.000000000e+02   1.564341772e-13   0.000000000e+00   1.000000000e+00   
1.589171562e-05   3.243207269e-05   3.265159026e-01   9.330479000e-01   3.000000000e+02   3.000000000e+02   1.477057467e-11   0.000000000e+00   1.000000000e+00   
1.589171562e-05   3.243207269e-05   3.310109174e-01   9.458928000e-01   3.000000008e+02   3.000000000e+02   1.030756414e-09   0.000000000e+00   1.000000000e+00   
1.589171562e-05   3.243207269e-05   3.352514868e-01   9.580106000e-01   3.000000518e+02   3.000000000e+02   5.064521464e-08   0.000000000e+00   1.000000000e+00   
1.589171562e-05   3.243207269e-05   3.392520286e-01   9.694425000e-01   3.000024121e+02   3.000000000e+02   1.622813565e-06   0.000000000e+00   1.000000000e+00   
1.589171562e-05   3.243207269e-05   3.430260857e-01   9.802272000e-01   3.000737054e+02   3.000000000e+02   2.938467490e-05   0.000000000e+00   1.000000000e+00   
1.589171562e-05   3.243207269e-05   3.465865711e-01   9.904016000e-01   3.012921573e+02   3.000000000e+02   2.054481853e-04   0.000000000e+00   1.000000000e+00   
1.589171562e-05   3.243207269e-05   3.499454879e-01   1.000000000e+00   3.093720447e+02   7.410000000e+02   -4.091320261e-04  0.000000000e+00   1.000000000e+00   

1.265773058e-04   2.583210323e-04   1.000000000e-13   2.857644911e-13   3.000000000e+02   3.000000000e+02   -2.425010904e-23  0.000000000e+00   1.000000000e+00   
1.265773058e-04   2.583210323e-04   2.297657408e-02   6.565889000e-02   3.000000000e+02   3.000000000e+02   -8.083369681e-24  0.000000000e+00   1.000000000e+00   
1.265773058e-04   2.583210323e-04   4.465257370e-02   1.276012000e-01   3.000000000e+02   3.000000000e+02   -4.101414829e-24  0.000000000e+00   1.000000000e+00   
1.265773058e-04   2.583210323e-04   6.510165041e-02   1.860374000e-01   3.000000000e+02   3.000000000e+02   -2.518956307e-24  0.000000000e+00   1.000000000e+00   
1.265773058e-04   2.583210323e-04   8.439323551e-02   2.411659000e-01   3.000000000e+02   3.000000000e+02   -1.728647634e-24  0.000000000e+00   1.000000000e+00   
1.265773058e-04   2.583210323e-04   1.025928375e-01   2.931739000e-01   3.000000000e+02   3.000000000e+02   -1.275949788e-24  0.000000000e+00   1.000000000e+00   
1.265773058e-04   2.583210323e-04   1.197622555e-01   3.422380000e-01   3.000000000e+02   3.000000000e+02   -9.916258413e-25  0.000000000e+00   1.000000000e+00   
1.265773058e-04   2.583210323e-04   1.359598593e-01   3.885250000e-01   3.000000000e+02   3.000000000e+02   -8.008152791e-25  0.000000000e+00   1.000000000e+00   
1.265773058e-04   2.583210323e-04   1.512405892e-01   4.321919000e-01   3.000000000e+02   3.000000000e+02   -6.661958726e-25  0.000000000e+00   1.000000000e+00   
1.265773058e-04   2.583210323e-04   1.656563760e-01   4.733871000e-01   3.000000000e+02   3.000000000e+02   -5.674366669e-25  0.000000000e+00   1.000000000e+00   
1.265773058e-04   2.583210323e-04   1.792561763e-01   5.122505000e-01   3.000000000e+02   3.000000000e+02   -4.926794918e-25  0.000000000e+00   1.000000000e+00   
1.265773058e-04   2.583210323e-04   1.920861818e-01   5.489141000e-01   3.000000000e+02   3.000000000e+02   -4.346203311e-25  0.000000000e+00   1.000000000e+00   
1.265773058e-04   2.583210323e-04   2.041899250e-01   5.835023000e-01   3.000000000e+02   3.000000000e+02   -3.885555984e-25  0.000000000e+00   1.000000000e+00   
1.265773058e-04   2.583210323e-04   2.156085935e-01   6.161328000e-01   3.000000000e+02   3.000000000e+02   -3.513413957e-25  0.000000000e+00   1.000000000e+00   
1.265773058e-04   2.583210323e-04   2.263808906e-01   6.469162000e-01   3.000000000e+02   3.000000000e+02   -3.208100148e-25  0.000000000e+00   1.000000000e+00   
1.265773058e-04   2.583210323e-04   2.365434548e-01   6.759572000e-01   3.000000000e+02   3.000000000e+02   -2.954283363e-25  0.000000000e+00   1.000000000e+00   
1.265773058e-04   2.583210323e-04   2.461307902e-01   7.033544000e-01   3.000000000e+02   3.000000000e+02   -2.746767878e-25  0.000000000e+00   1.000000000e+00   
1.265773058e-04   2.583210323e-04   2.551754409e-01   7.292008000e-01   3.000000000e+02   3.000000000e+02   -3.364654273e-25  0.000000000e+00   1.000000000e+00   
1.265773058e-04   2.583210323e-04   2.637081315e-01   7.535842000e-01   3.000000000e+02   3.000000000e+02   -8.045024311e-24  0.000000000e+00   1.000000000e+00   
1.265773058e-04   2.583210323e-04   2.717578020e-01   7.765873000e-01   3.000000000e+02   3.000000000e+02   -5.207058312e-22  0.000000000e+00   1.000000000e+00   
1.265773058e-04   2.583210323e-04   2.793518876e-01   7.982885000e-01   3.000000000e+02   3.000000000e+02   -1.077262182e-21  0.000000000e+00   1.000000000e+00   
1.265773058e-04   2.583210323e-04   2.865160737e-01   8.187612000e-01   3.000000000e+02   3.000000000e+02   2.497408111e-17   0.000000000e+00   1.000000000e+00   
1.265773058e-04   2.583210323e-04   2.932747511e-01   8.380751000e-01   3.000000000e+02   3.000000000e+02   1.083116544e-15   0.000000000e+00   1.000000000e+00   
1.265773058e-04   2.583210323e-04   2.996508757e-01   8.562958000e-01   3.000000000e+02   3.000000000e+02   3.946654294e-14   0.000000000e+00   1.000000000e+00   
1.265773058e-04   2.583210323e-04   3.056660737e-01   8.734851000e-01   3.000000000e+02   3.000000000e+02   1.177007939e-12   0.000000000e+00   1.000000000e+00   
1.265773058e-04   2.583210323e-04   3.113408165e-01   8.897015000e-01   3.000000001e+02   3.000000000e+02   2.837886273e-11   0.000000000e+00   1.000000000e+00   
1.265773058e-04   2.583210323e-04   3.166943158e-01   9.049999000e-01   3.000000019e+02   3.000000000e+02   5.450280812e-10   0.000000000e+00   1.000000000e+00   
1.265773058e-04   2.583210323e-04   3.217448034e-01   9.194324000e-01   3.000000341e+02   3.000000000e+02   8.189642192e-09   0.000000000e+00   1.000000000e+00   
1.265773058e-04   2.583210323e-04   3.265093911e-01   9.330479000e-01   3.000004901e+02   3.000000000e+02   9.417197859e-08   0.000000000e+00   1.000000000e+00   
1.265773058e-04   2.583210323e-04   3.310043163e-01   9.458928000e-01   3.000054315e+02   3.000000000e+02   8.060115012e-07   0.000000000e+00   1.000000000e+00   
1.265773058e-04   2.583210323e-04   3.352448012e-01   9.580106000e-01   3.000452929e+02   3.000000000e+02   4.955304636e-06   0.000000000e+00   1.000000000e+00   
1.265773058e-04   2.583210323e-04   3.392452632e-01   9.694425000e-01   3.002763214e+02   3.000000000e+02   2.090031649e-05   0.000000000e+00   1.000000000e+00   
1.265773058e-04   2.583210323e-04   3.430192450e-01   9.802272000e-01   3.011953015e+02   3.000000000e+02   5.703445295e-05   0.000000000e+00   1.000000000e+00   
1.265773058e-04   2.583210323e-04   3.465796594e-01   9.904016000e-01   3.035615927e+02   3.000000000e+02   9.423484449e-05   0.000000000e+00   1.000000000e+00   
1.265773058e-04   2.583210323e-04   3.499385092e-01   1.000000000e+00   3.072550407e+02   7.410000000e+02   9.525481330e-05   0.000000000e+00   1.000000000e+00   

1.052009566e-03   2.146958299e-03   1.000000000e-13   2.857540662e-13   3.000000000e+02   3.000000000e+02   3.716442988e-24   0.000000000e+00   1.000000000e+00   
1.052009566e-03   2.146958299e-03   2.297741232e-02   6.565889000e-02   3.000000000e+02   3.000000000e+02   1.238814329e-24   0.000000000e+00   1.000000000e+00   
1.052009566e-03   2.146958299e-03   4.465420272e-02   1.276012000e-01   3.000000000e+02   3.000000000e+02   6.285610658e-25   0.000000000e+00   1.000000000e+00   
1.052009566e-03   2.146958299e-03   6.510402546e-02   1.860374000e-01   3.000000000e+02   3.000000000e+02   3.860418853e-25   0.000000000e+00   1.000000000e+00   
1.052009566e-03   2.146958299e-03   8.439631436e-02   2.411659000e-01   3.000000000e+02   3.000000000e+02   2.649238533e-25   0.000000000e+00   1.000000000e+00   
1.052009566e-03   2.146958299e-03   1.025965803e-01   2.931739000e-01   3.000000000e+02   3.000000000e+02   1.955591770e-25   0.000000000e+00   1.000000000e+00   
1.052009566e-03   2.146958299e-03   1.197666247e-01   3.422380000e-01   3.000000000e+02   3.000000000e+02   1.521540833e-25   0.000000000e+00   1.000000000e+00   
1.052009566e-03   2.146958299e-03   1.359648194e-01   3.885250000e-01   3.000000000e+02   3.000000000e+02   1.165846188e-25   0.000000000e+00   1.000000000e+00   
1.052009566e-03   2.146958299e-03   1.512461068e-01   4.321919000e-01   3.000000000e+02   3.000000000e+02   -3.748157216e-25  0.000000000e+00   1.000000000e+00   
1.052009566e-03   2.146958299e-03   1.656624195e-01   4.733871000e-01   3.000000000e+02   3.000000000e+02   -1.603225195e-23  0.000000000e+00   1.000000000e+00   
1.052009566e-03   2.146958299e-03   1.792627160e-01   5.122505000e-01   3.000000000e+02   3.000000000e+02   -3.506130126e-22  0.000000000e+00   1.000000000e+00   
1.052009566e-03   2.146958299e-03   1.920931895e-01   5.489141000e-01   3.000000000e+02   3.000000000e+02   1.450835996e-21   0.000000000e+00   1.000000000e+00   
1.052009566e-03   2.146958299e-03   2.041973743e-01   5.835023000e-01   3.000000000e+02   3.000000000e+02   1.640692721e-18   0.000000000e+00   1.000000000e+00   
1.052009566e-03   2.146958299e-03   2.156164594e-01   6.161328000e-01   3.000000000e+02   3.000000000e+02   3.400958985e-17   0.000000000e+00   1.000000000e+00   
1.052009566e-03   2.146958299e-03   2.263891495e-01   6.469162000e-01   3.000000000e+02   3.000000000e+02   6.270437055e-16   0.000000000e+00   1.000000000e+00   
1.052009566e-03   2.146958299e-03   2.365520845e-01   6.759572000e-01   3.000000000e+02   3.000000000e+02   9.855214055e-15   0.000000000e+00   1.000000000e+00   
1.052009566e-03   2.146958299e-03   2.461397696e-01   7.033544000e-01   3.000000000e+02   3.000000000e+02   1.332039963e-13   0.000000000e+00   1.000000000e+00   
1.052009566e-03   2.146958299e-03   2.551847502e-01   7.292008000e-01   3.000000000e+02   3.000000000e+02   1.541014078e-12   0.000000000e+00   1.000000000e+00   
1.052009566e-03   2.146958299e-03   2.637177521e-01   7.535842000e-01   3.000000002e+02   3.000000000e+02   1.519721839e-11   0.000000000e+00   1.000000000e+00   
1.052009566e-03   2.146958299e-03   2.717677163e-01   7.765873000e-01   3.000000016e+02   3.000000000e+02   1.272300694e-10   0.000000000e+00   1.000000000e+00   
1.052009566e-03   2.146958299e-03   2.793620790e-01   7.982885000e-01   3.000000131e+02   3.000000000e+02   9.006026870e-10   0.000000000e+00   1.000000000e+00   
1.052009566e-03   2.146958299e-03   2.865265264e-01   8.187612000e-01   3.000000893e+02   3.000000000e+02   5.369843726e-09   0.000000000e+00   1.000000000e+00   
1.052009566e-03   2.146958299e-03   2.932854504e-01   8.380751000e-01   3.000005175e+02   3.000000000e+02   2.688838967e-08   0.000000000e+00   1.000000000e+00   
1.052009566e-03   2.146958299e-03   2.996618076e-01   8.562958000e-01   3.000025364e+02   3.000000000e+02   1.128647682e-07   0.000000000e+00   1.000000000e+00   
1.052009566e-03   2.146958299e-03   3.056772251e-01   8.734851000e-01   3.000105180e+02   3.000000000e+02   3.971922410e-07   0.000000000e+00   1.000000000e+00   
1.052009566e-03   2.146958299e-03   3.113521749e-01   8.897015000e-01   3.000369786e+02   3.000000000e+02   1.175343161e-06   0.000000000e+00   1.000000000e+00   
1.052009566e-03   2.146958299e-03   3.167058695e-01   9.049999000e-01   3.001107520e+02   3.000000000e+02   2.943380510e-06   0.000000000e+00   1.000000000e+00   
1.052009566e-03   2.146958299e-03   3.217565413e-01   9.194324000e-01   3.002848506e+02   3.000000000e+02   6.302723288e-06   0.000000000e+00   1.000000000e+00   
1.052009566e-03   2.146958299e-03   3.265213029e-01   9.330479000e-01   3.006362132e+02   3.000000000e+02   1.169946980e-05   0.000000000e+00   1.000000000e+00   
1.052009566e-03   2.146958299e-03   3.310163920e-01   9.458928000e-01   3.012510323e+02   3.000000000e+02   1.912900123e-05   0.000000000e+00   1.000000000e+00   
1.052009566e-03   2.146958299e-03   3.352570316e-01   9.580106000e-01   3.021987951e+02   3.000000000e+02   2.801499326e-05   0.000000000e+00   1.000000000e+00   
1.052009566e-03   2.146958299e-03   3.392576396e-01   9.694425000e-01   3.035077657e+02   3.000000000e+02   3.736285011e-05   0.000000000e+00   1.000000000e+00   
1.052009566e-03   2.146958299e-03   3.430317591e-01   9.802272000e-01   3.051546233e+02   3.000000000e+02   4.609439802e-05   0.000000000e+00   1.000000000e+00   
1.052009566e-03   2.146958299e-03   3.465923034e-01   9.904016000e-01   3.070722512e+02   3.000000000e+02   5.337380294e-05   0.000000000e+00   1.000000000e+00   
1.052009566e-03   2.146958299e-03   3.499512757e-01   1.000000000e+00   3.091692879e+02   7.410000000e+02   5.885310356e-05   0.000000000e+00   1.000000000e+00   

8.584682783e-03   1.751976078e-02   1.000000000e-13   2.857388986e-13   3.000000000e+02   3.000000000e+02   -5.660936399e-22  0.000000000e+00   1.000000000e+00   
8.584682783e-03   1.751976078e-02   2.297863200e-02   6.565889000e-02   3.000000000e+02   3.000000000e+02   4.709533818e-16   0.000000000e+00   1.000000000e+00   
8.584682783e-03   1.751976078e-02   4.465657305e-02   1.276012000e-01   3.000000000e+02   3.000000000e+02   3.699512127e-15   0.000000000e+00   1.000000000e+00   
8.584682783e-03   1.751976078e-02   6.510748130e-02   1.860374000e-01   3.000000000e+02   3.000000000e+02   2.866282895e-14   0.000000000e+00   1.000000000e+00   
8.584682783e-03   1.751976078e-02   8.440079428e-02   2.411659000e-01   3.000000000e+02   3.000000000e+02   2.075551312e-13   0.000000000e+00   1.000000000e+00   
8.584682783e-03   1.751976078e-02   1.026020263e-01   2.931739000e-01   3.000000001e+02   3.000000000e+02   1.366343784e-12   0.000000000e+00   1.000000000e+00   
8.584682783e-03   1.751976078e-02   1.197729821e-01   3.422380000e-01   3.000000004e+02   3.000000000e+02   8.072591708e-12   0.000000000e+00   1.000000000e+00   
8.584682783e-03   1.751976078e-02   1.359720367e-01   3.885250000e-01   3.000000021e+02   3.000000000e+02   4.251614816e-11   0.000000000e+00   1.000000000e+00   
8.584682783e-03   1.751976078e-02   1.512541352e-01   4.321919000e-01   3.000000103e+02   3.000000000e+02   1.988816162e-10   0.000000000e+00   1.000000000e+00   
8.584682783e-03   1.751976078e-02   1.656712132e-01   4.733871000e-01   3.000000464e+02   3.000000000e+02   8.249665221e-10   0.000000000e+00   1.000000000e+00   
8.584682783e-03   1.751976078e-02   1.792722316e-01   5.122505000e-01   3.000001860e+02   3.000000000e+02   3.034468945e-09   0.000000000e+00   1.000000000e+00   
8.584682783e-03   1.751976078e-02   1.921033862e-01   5.489141000e-01   3.000006663e+02   3.000000000e+02   9.912479841e-09   0.000000000e+00   1.000000000e+00   
8.584682783e-03   1.751976078e-02   2.042082134e-01   5.835023000e-01   3.000021363e+02   3.000000000e+02   2.884111635e-08   0.000000000e+00   1.000000000e+00   
8.584682783e-03   1.751976078e-02   2.156279047e-01   6.161328000e-01   3.000061472e+02   3.000000000e+02   7.507147948e-08   0.000000000e+00   1.000000000e+00   
8.584682783e-03   1.751976078e-02   2.264011666e-01   6.469162000e-01   3.000159458e+02   3.000000000e+02   1.758141435e-07   0.000000000e+00   1.000000000e+00   
8.584682783e-03   1.751976078e-02   2.365646411e-01   6.759572000e-01   3.000374996e+02   3.000000000e+02   3.730332231e-07   0.000000000e+00   1.000000000e+00   
8.584682783e-03   1.751976078e-02   2.461528351e-01   7.033544000e-01   3.000804780e+02   3.000000000e+02   7.226674928e-07   0.000000000e+00   1.000000000e+00   
8.584682783e-03   1.751976078e-02   2.551982959e-01   7.292008000e-01   3.001587655e+02   3.000000000e+02   1.288953057e-06   0.000000000e+00   1.000000000e+00   
8.584682783e-03   1.751976078e-02   2.637317508e-01   7.535842000e-01   3.002901141e+02   3.000000000e+02   2.134587290e-06   0.000000000e+00   1.000000000e+00   
8.584682783e-03   1.751976078e-02   2.717821423e-01   7.765873000e-01   3.004948007e+02   3.000000000e+02   3.309391057e-06   0.000000000e+00   1.000000000e+00   
8.584682783e-03   1.751976078e-02   2.793769080e-01   7.982885000e-01   3.007935104e+02   3.000000000e+02   4.840829701e-06   0.000000000e+00   1.000000000e+00   
8.584682783e-03   1.751976078e-02   2.865417358e-01   8.187612000e-01   3.012049002e+02   3.000000000e+02   6.728719783e-06   0.000000000e+00   1.000000000e+00   
8.584682783e-03   1.751976078e-02   2.933010185e-01   8.380751000e-01   3.017434209e+02   3.000000000e+02   8.945204470e-06   0.000000000e+00   1.000000000e+00   
8.584682783e-03   1.751976078e-02   2.996777142e-01   8.562958000e-01   3.024177707e+02   3.000000000e+02   1.143901999e-05   0.000000000e+00   1.000000000e+00   
8.584682783e-03   1.751976078e-02   3.056934510e-01   8.734851000e-01   3.032302045e+02   3.000000000e+02   1.414259974e-05   0.000000000e+00   1.000000000e+00   
8.584682783e-03   1.751976078e-02   3.113687021e-01   8.897015000e-01   3.041766855e+02   3.000000000e+02   1.698011916e-05   0.000000000e+00   1.000000000e+00   
8.584682783e-03   1.751976078e-02   3.167226809e-01   9.049999000e-01   3.052476516e+02   3.000000000e+02   1.987497663e-05   0.000000000e+00   1.000000000e+00   
8.584682783e-03   1.751976078e-02   3.217736207e-01   9.194324000e-01   3.064292511e+02   3.000000000e+02   2.275588217e-05   0.000000000e+00   1.000000000e+00   
8.584682783e-03   1.751976078e-02   3.265386353e-01   9.330479000e-01   3.077046720e+02   3.000000000e+02   2.556088596e-05   0.000000000e+00   1.000000000e+00   
8.584682783e-03   1.751976078e-02   3.310339630e-01   9.458928000e-01   3.090555241e+02   3.000000000e+02   2.823961895e-05   0.000000000e+00   1.000000000e+00   
8.584682783e-03   1.751976078e-02   3.352748277e-01   9.580106000e-01   3.104629653e+02   3.000000000e+02   3.075428457e-05   0.000000000e+00   1.000000000e+00   
8.584682783e-03   1.751976078e-02   3.392756480e-01   9.694425000e-01   3.119086925e+02   3.000000000e+02   3.307880781e-05   0.000000000e+00   1.000000000e+00   
8.584682783e-03   1.751976078e-02   3.430499679e-01   9.802272000e-01   3.133755983e+02   3.000000000e+02   3.519771076e-05   0.000000000e+00   1.000000000e+00   
8.584682783e-03   1.751976078e-02   3.466107012e-01   9.904016000e-01   3.148483059e+02   3.000000000e+02   3.710479858e-05   0.000000000e+00   1.000000000e+00   
8.584682783e-03   1.751976078e-02   3.499698518e-01   1.000000000e+00   3.163132934e+02   7.410000000e+02   3.880607783e-05   0.000000000e+00   1.000000000e+00   

6.370368207e-02   1.300075144e-01   1.000000000e-13   2.870277292e-13   3.002921143e+02   3.000000000e+02   -7.827980178e-21  0.000000000e+00   1.000000000e+00   
6.370368207e-02   1.300075144e-01   2.287545186e-02   6.565889000e-02   3.002921143e+02   3.000000000e+02   1.962824937e-07   0.000000000e+00   1.000000000e+00   
6.370368207e-02   1.300075144e-01   4.445605321e-02   1.276012000e-01   3.003532460e+02   3.000000000e+02   4.205035632e-07   0.000000000e+00   1.000000000e+00   
6.370368207e-02   1.300075144e-01   6.481513146e-02   1.860374000e-01   3.004712470e+02   3.000000000e+02   7.052241824e-07   0.000000000e+00   1.000000000e+00   
6.370368207e-02   1.300075144e-01   8.402181235e-02   2.411659000e-01   3.006521297e+02   3.000000000e+02   1.073196042e-06   0.000000000e+00   1.000000000e+00   
6.370368207e-02   1.300075144e-01   1.021413160e-01   2.931739000e-01   3.009062191e+02   3.000000000e+02   1.540020028e-06   0.000000000e+00   1.000000000e+00   
6.370368207e-02   1.300075144e-01   1.192351697e-01   3.422380000e-01   3.012446753e+02   3.000000000e+02   2.114537439e-06   0.000000000e+00   1.000000000e+00   
6.370368207e-02   1.300075144e-01   1.353614862e-01   3.885250000e-01   3.016775572e+02   3.000000000e+02   2.798934258e-06   0.000000000e+00   1.000000000e+00   
6.370368207e-02   1.300075144e-01   1.505749640e-01   4.321919000e-01   3.022125483e+02   3.000000000e+02   3.589146042e-06   0.000000000e+00   1.000000000e+00   
6.370368207e-02   1.300075144e-01   1.649273056e-01   4.733871000e-01   3.028541858e+02   3.000000000e+02   4.475707840e-06   0.000000000e+00   1.000000000e+00   
6.370368207e-02   1.300075144e-01   1.784672517e-01   5.122505000e-01   3.036035107e+02   3.000000000e+02   5.444917464e-06   0.000000000e+00   1.000000000e+00   
6.370368207e-02   1.300075144e-01   1.912407911e-01   5.489141000e-01   3.044580915e+02   3.000000000e+02   6.480173448e-06   0.000000000e+00   1.000000000e+00   
6.370368207e-02   1.300075144e-01   2.032912645e-01   5.835023000e-01   3.054123285e+02   3.000000000e+02   7.563268951e-06   0.000000000e+00   1.000000000e+00   
6.370368207e-02   1.300075144e-01   2.146596783e-01   6.161328000e-01   3.064579706e+02   3.000000000e+02   8.675638884e-06   0.000000000e+00   1.000000000e+00   
6.370368207e-02   1.300075144e-01   2.253845654e-01   6.469162000e-01   3.075847015e+02   3.000000000e+02   9.799385884e-06   0.000000000e+00   1.000000000e+00   
6.370368207e-02   1.300075144e-01   2.355024032e-01   6.759572000e-01   3.087808064e+02   3.000000000e+02   1.091781132e-05   0.000000000e+00   1.000000000e+00   
6.370368207e-02   1.300075144e-01   2.450475437e-01   7.033544000e-01   3.100337673e+02   3.000000000e+02   1.201613380e-05   0.000000000e+00   1.000000000e+00   
6.370368207e-02   1.300075144e-01   2.540523879e-01   7.292008000e-01   3.113308159e+02   3.000000000e+02   1.308199039e-05   0.000000000e+00   1.000000000e+00   
6.370368207e-02   1.300075144e-01   2.625475253e-01   7.535842000e-01   3.126593980e+02   3.000000000e+02   1.410493481e-05   0.000000000e+00   1.000000000e+00   
6.370368207e-02   1.300075144e-01   2.705617685e-01   7.765873000e-01   3.140075266e+02   3.000000000e+02   1.507692814e-05   0.000000000e+00   1.000000000e+00   
6.370368207e-02   1.300075144e-01   2.781224317e-01   7.982885000e-01   3.153640807e+02   3.000000000e+02   1.599220775e-05   0.000000000e+00   1.000000000e+00   
6.370368207e-02   1.300075144e-01   2.852550875e-01   8.187612000e-01   3.167189278e+02   3.000000000e+02   1.684681340e-05   0.000000000e+00   1.000000000e+00   
6.370368207e-02   1.300075144e-01   2.919840192e-01   8.380751000e-01   3.180630936e+02   3.000000000e+02   1.763857429e-05   0.000000000e+00   1.000000000e+00   
6.370368207e-02   1.300075144e-01   2.983320819e-01   8.562958000e-01   3.193887649e+02   3.000000000e+02   1.836666023e-05   0.000000000e+00   1.000000000e+00   
6.370368207e-02   1.300075144e-01   3.043208064e-01   8.734851000e-01   3.206892860e+02   3.000000000e+02   1.903149030e-05   0.000000000e+00   1.000000000e+00   
6.370368207e-02   1.300075144e-01   3.099705741e-01   8.897015000e-01   3.219591374e+02   3.000000000e+02   1.963472537e-05   0.000000000e+00   1.000000000e+00   
6.370368207e-02   1.300075144e-01   3.153005121e-01   9.049999000e-01   3.231938278e+02   3.000000000e+02   2.017862279e-05   0.000000000e+00   1.000000000e+00   
6.370368207e-02   1.300075144e-01   3.203287719e-01   9.194324000e-01   3.243898560e+02   3.000000000e+02   2.066591808e-05   0.000000000e+00   1.000000000e+00   
6.370368207e-02   1.300075144e-01   3.250723903e-01   9.330479000e-01   3.255445693e+02   3.000000000e+02   2.109967524e-05   0.000000000e+00   1.000000000e+00   
6.370368207e-02   1.300075144e-01   3.295475328e-01   9.458928000e-01   3.266561088e+02   3.000000000e+02   2.148335582e-05   0.000000000e+00   1.000000000e+00   
6.370368207e-02   1.300075144e-01   3.337693549e-01   9.580106000e-01   3.277232636e+02   3.000000000e+02   2.182088097e-05   0.000000000e+00   1.000000000e+00   
6.370368207e-02   1.300075144e-01   3.377522105e-01   9.694425000e-01   3.287454153e+02   3.000000000e+02   2.211544552e-05   0.000000000e+00   1.000000000e+00   
6.370368207e-02   1.300075144e-01   3.415095827e-01   9.802272000e-01   3.297224205e+02   3.000000000e+02   2.237110619e-05   0.000000000e+00   1.000000000e+00   
6.370368207e-02   1.300075144e-01   3.450543273e-01   9.904016000e-01   3.306545803e+02   3.000000000e+02   2.259099697e-05   0.000000000e+00   1.000000000e+00   
6.370368207e-02   1.300075144e-01   3.483983944e-01   1.000000000e+00   3.315424842e+02   7.410000000e+02   2.280404290e-05   0.000000000e+00   1.000000000e+00   

3.429896689e-01   6.999789161e-01   1.000000000e-13   3.093690253e-13   3.299826277e+02   3.000000000e+02   2.337681200e-21   0.000000000e+00   1.000000000e+00   
3.429896689e-01   6.999789161e-01   2.122348543e-02   6.565889000e-02   3.299826277e+02   3.000000000e+02   7.687926864e-07   0.000000000e+00   1.000000000e+00   
3.429896689e-01   6.999789161e-01   4.124562887e-02   1.276012000e-01   3.301861951e+02   3.000000000e+02   1.485054357e-06   0.000000000e+00   1.000000000e+00   
3.429896689e-01   6.999789161e-01   6.013446234e-02   1.860374000e-01   3.305384649e+02   3.000000000e+02   2.144482471e-06   0.000000000e+00   1.000000000e+00   
3.429896689e-01   6.999789161e-01   7.795411961e-02   2.411659000e-01   3.310014762e+02   3.000000000e+02   2.745502564e-06   0.000000000e+00   1.000000000e+00   
3.429896689e-01   6.999789161e-01   9.476511093e-02   2.931739000e-01   3.315474899e+02   3.000000000e+02   3.288292919e-06   0.000000000e+00   1.000000000e+00   
3.429896689e-01   6.999789161e-01   1.106245202e-01   3.422380000e-01   3.321541344e+02   3.000000000e+02   3.774255819e-06   0.000000000e+00   1.000000000e+00   
3.429896689e-01   6.999789161e-01   1.255862637e-01   3.885250000e-01   3.328028882e+02   3.000000000e+02   4.205658123e-06   0.000000000e+00   1.000000000e+00   
3.429896689e-01   6.999789161e-01   1.397010899e-01   4.321919000e-01   3.334783695e+02   3.000000000e+02   4.585351581e-06   0.000000000e+00   1.000000000e+00   
3.429896689e-01   6.999789161e-01   1.530169672e-01   4.733871000e-01   3.341678899e+02   3.000000000e+02   4.916599001e-06   0.000000000e+00   1.000000000e+00   
3.429896689e-01   6.999789161e-01   1.655791169e-01   5.122505000e-01   3.348610879e+02   3.000000000e+02   5.202868674e-06   0.000000000e+00   1.000000000e+00   
3.429896689e-01   6.999789161e-01   1.774302064e-01   5.489141000e-01   3.355496168e+02   3.000000000e+02   5.447788029e-06   0.000000000e+00   1.000000000e+00   
3.429896689e-01   6.999789161e-01   1.886104465e-01   5.835023000e-01   3.362268614e+02   3.000000000e+02   5.654971001e-06   0.000000000e+00   1.000000000e+00   
3.429896689e-01   6.999789161e-01   1.991578825e-01   6.161328000e-01   3.368876936e+02   3.000000000e+02   5.827986932e-06   0.000000000e+00   1.000000000e+00   
3.429896689e-01   6.999789161e-01   2.091082646e-01   6.469162000e-01   3.375282295e+02   3.000000000e+02   5.970272239e-06   0.000000000e+00   1.000000000e+00   
3.429896689e-01   6.999789161e-01   2.184954358e-01   6.759572000e-01   3.381456443e+02   3.000000000e+02   6.085108167e-06   0.000000000e+00   1.000000000e+00   
3.429896689e-01   6.999789161e-01   2.273512674e-01   7.033544000e-01   3.387379820e+02   3.000000000e+02   6.175584984e-06   0.000000000e+00   1.000000000e+00   
3.429896689e-01   6.999789161e-01   2.357058207e-01   7.292008000e-01   3.393040038e+02   3.000000000e+02   6.244578377e-06   0.000000000e+00   1.000000000e+00   
3.429896689e-01   6.999789161e-01   2.435874759e-01   7.535842000e-01   3.398430548e+02   3.000000000e+02   6.294759712e-06   0.000000000e+00   1.000000000e+00   
3.429896689e-01   6.999789161e-01   2.510229650e-01   7.765873000e-01   3.403549448e+02   3.000000000e+02   6.328551203e-06   0.000000000e+00   1.000000000e+00   
3.429896689e-01   6.999789161e-01   2.580376297e-01   7.982885000e-01   3.408398613e+02   3.000000000e+02   6.348186294e-06   0.000000000e+00   1.000000000e+00   
3.429896689e-01   6.999789161e-01   2.646551959e-01   8.187612000e-01   3.412982659e+02   3.000000000e+02   6.355655629e-06   0.000000000e+00   1.000000000e+00   
3.429896689e-01   6.999789161e-01   2.708981933e-01   8.380751000e-01   3.417308484e+02   3.000000000e+02   6.352773620e-06   0.000000000e+00   1.000000000e+00   
3.429896689e-01   6.999789161e-01   2.767878262e-01   8.562958000e-01   3.421384554e+02   3.000000000e+02   6.341151648e-06   0.000000000e+00   1.000000000e+00   
3.429896689e-01   6.999789161e-01   2.823440709e-01   8.734851000e-01   3.425220458e+02   3.000000000e+02   6.322217349e-06   0.000000000e+00   1.000000000e+00   
3.429896689e-01   6.999789161e-01   2.875858368e-01   8.897015000e-01   3.428826581e+02   3.000000000e+02   6.297226643e-06   0.000000000e+00   1.000000000e+00   
3.429896689e-01   6.999789161e-01   2.925308696e-01   9.049999000e-01   3.432213699e+02   3.000000000e+02   6.267305644e-06   0.000000000e+00   1.000000000e+00   
3.429896689e-01   6.999789161e-01   2.971960102e-01   9.194324000e-01   3.435392861e+02   3.000000000e+02   6.233414254e-06   0.000000000e+00   1.000000000e+00   
3.429896689e-01   6.999789161e-01   3.015970649e-01   9.330479000e-01   3.438375076e+02   3.000000000e+02   6.196413195e-06   0.000000000e+00   1.000000000e+00   
3.429896689e-01   6.999789161e-01   3.057490320e-01   9.458928000e-01   3.441171279e+02   3.000000000e+02   6.157039343e-06   0.000000000e+00   1.000000000e+00   
3.429896689e-01   6.999789161e-01   3.096659723e-01   9.580106000e-01   3.443792102e+02   3.000000000e+02   6.115928004e-06   0.000000000e+00   1.000000000e+00   
3.429896689e-01   6.999789161e-01   3.133612032e-01   9.694425000e-01   3.446247884e+02   3.000000000e+02   6.073622573e-06   0.000000000e+00   1.000000000e+00   
3.429896689e-01   6.999789161e-01   3.168472342e-01   9.802272000e-01   3.448548543e+02   3.000000000e+02   6.030594296e-06   0.000000000e+00   1.000000000e+00   
3.429896689e-01   6.999789161e-01   3.201359926e-01   9.904016000e-01   3.450703657e+02   3.000000000e+02   5.987239393e-06   0.000000000e+00   1.000000000e+00   
3.429896689e-01   6.999789161e-01   3.232385657e-01   1.000000000e+00   3.452722239e+02   7.410000000e+02   5.977778893e-06   0.000000000e+00   1.000000000e+00   

6.109896689e-01   1.246917692e+00   1.000000000e-13   3.483771731e-13   3.441251438e+02   3.000000000e+02   -1.951304456e-21  0.000000000e+00   1.000000000e+00   
6.109896689e-01   1.246917692e+00   1.884707009e-02   6.565889000e-02   3.441251438e+02   3.000000000e+02   2.153090904e-07   0.000000000e+00   1.000000000e+00   
6.109896689e-01   1.246917692e+00   3.662731368e-02   1.276012000e-01   3.441734720e+02   3.000000000e+02   4.146424194e-07   0.000000000e+00   1.000000000e+00   
6.109896689e-01   1.246917692e+00   5.340114518e-02   1.860374000e-01   3.442568455e+02   3.000000000e+02   5.959360203e-07   0.000000000e+00   1.000000000e+00   
6.109896689e-01   1.246917692e+00   6.922551723e-02   2.411659000e-01   3.443659196e+02   3.000000000e+02   7.583583382e-07   0.000000000e+00   1.000000000e+00   
6.109896689e-01   1.246917692e+00   8.415416469e-02   2.931739000e-01   3.444937967e+02   3.000000000e+02   9.019057738e-07   0.000000000e+00   1.000000000e+00   
6.109896689e-01   1.246917692e+00   9.823777974e-02   3.422380000e-01   3.446349153e+02   3.000000000e+02   1.027143308e-06   0.000000000e+00   1.000000000e+00   
6.109896689e-01   1.246917692e+00   1.115242415e-01   3.885250000e-01   3.447847074e+02   3.000000000e+02   1.135012251e-06   0.000000000e+00   1.000000000e+00   
6.109896689e-01   1.246917692e+00   1.240586162e-01   4.321919000e-01   3.449394310e+02   3.000000000e+02   1.226684227e-06   0.000000000e+00   1.000000000e+00   
6.109896689e-01   1.246917692e+00   1.358835011e-01   4.733871000e-01   3.450960571e+02   3.000000000e+02   1.303476924e-06   0.000000000e+00   1.000000000e+00   
6.109896689e-01   1.246917692e+00   1.470390541e-01   5.122505000e-01   3.452521706e+02   3.000000000e+02   1.366749000e-06   0.000000000e+00   1.000000000e+00   
6.109896689e-01   1.246917692e+00   1.575631650e-01   5.489141000e-01   3.454058821e+02   3.000000000e+02   1.417890780e-06   0.000000000e+00   1.000000000e+00   
6.109896689e-01   1.246917692e+00   1.674915422e-01   5.835023000e-01   3.455557474e+02   3.000000000e+02   1.458239953e-06   0.000000000e+00   1.000000000e+00   
6.109896689e-01   1.246917692e+00   1.768579711e-01   6.161328000e-01   3.457006966e+02   3.000000000e+02   1.489077937e-06   0.000000000e+00   1.000000000e+00   
6.109896689e-01   1.246917692e+00   1.856941987e-01   6.469162000e-01   3.458399666e+02   3.000000000e+02   1.511598327e-06   0.000000000e+00   1.000000000e+00   
6.109896689e-01   1.246917692e+00   1.940302787e-01   6.759572000e-01   3.459730481e+02   3.000000000e+02   1.526904961e-06   0.000000000e+00   1.000000000e+00   
6.109896689e-01   1.246917692e+00   2.018945138e-01   7.033544000e-01   3.460996348e+02   3.000000000e+02   1.536004813e-06   0.000000000e+00   1.000000000e+00   
6.109896689e-01   1.246917692e+00   2.093135992e-01   7.292008000e-01   3.462195822e+02   3.000000000e+02   1.539805701e-06   0.000000000e+00   1.000000000e+00   
6.109896689e-01   1.246917692e+00   2.163127375e-01   7.535842000e-01   3.463328733e+02   3.000000000e+02   1.539125798e-06   0.000000000e+00   1.000000000e+00   
6.109896689e-01   1.246917692e+00   2.229156673e-01   7.765873000e-01   3.464395884e+02   3.000000000e+02   1.534683989e-06   0.000000000e+00   1.000000000e+00   
6.109896689e-01   1.246917692e+00   2.291448928e-01   7.982885000e-01   3.465398829e+02   3.000000000e+02   1.527124763e-06   0.000000000e+00   1.000000000e+00   
6.109896689e-01   1.246917692e+00   2.350214834e-01   8.187612000e-01   3.466339640e+02   3.000000000e+02   1.517006225e-06   0.000000000e+00   1.000000000e+00   
6.109896689e-01   1.246917692e+00   2.405654459e-01   8.380751000e-01   3.467220789e+02   3.000000000e+02   1.504823605e-06   0.000000000e+00   1.000000000e+00   
6.109896689e-01   1.246917692e+00   2.457956106e-01   8.562958000e-01   3.468044994e+02   3.000000000e+02   1.491005057e-06   0.000000000e+00   1.000000000e+00   
6.109896689e-01   1.246917692e+00   2.507297169e-01   8.734851000e-01   3.468815120e+02   3.000000000e+02   1.475920465e-06   0.000000000e+00   1.000000000e+00   
6.109896689e-01   1.246917692e+00   2.553845569e-01   8.897015000e-01   3.469534113e+02   3.000000000e+02   1.459887223e-06   0.000000000e+00   1.000000000e+00   
6.109896689e-01   1.246917692e+00   2.597758894e-01   9.049999000e-01   3.470204914e+02   3.000000000e+02   1.443181534e-06   0.000000000e+00   1.000000000e+00   
6.109896689e-01   1.246917692e+00   2.639186695e-01   9.194324000e-01   3.470830441e+02   3.000000000e+02   1.426031312e-06   0.000000000e+00   1.000000000e+00   
6.109896689e-01   1.246917692e+00   2.678269336e-01   9.330479000e-01   3.471413523e+02   3.000000000e+02   1.408632230e-06   0.000000000e+00   1.000000000e+00   
6.109896689e-01   1.246917692e+00   2.715140006e-01   9.458928000e-01   3.471956901e+02   3.000000000e+02   1.391141928e-06   0.000000000e+00   1.000000000e+00   
6.109896689e-01   1.246917692e+00   2.749923571e-01   9.580106000e-01   3.472463179e+02   3.000000000e+02   1.373685054e-06   0.000000000e+00   1.000000000e+00   
6.109896689e-01   1.246917692e+00   2.782738293e-01   9.694425000e-01   3.472934834e+02   3.000000000e+02   1.356354577e-06   0.000000000e+00   1.000000000e+00   
6.109896689e-01   1.246917692e+00   2.813695258e-01   9.802272000e-01   3.473374192e+02   3.000000000e+02   1.339218581e-06   0.000000000e+00   1.000000000e+00   
6.109896689e-01   1.246917692e+00   2.842900386e-01   9.904016000e-01   3.473783447e+02   3.000000000e+02   1.322317669e-06   0.000000000e+00   1.000000000e+00   
6.109896689e-01   1.246917692e+00   2.870452134e-01   1.000000000e+00   3.474164625e+02   7.410000000e+02   1.314147418e-06   0.000000000e+00   1.000000000e+00   

9.109896689e-01   1.859162590e+00   1.000000000e-13   4.193880898e-13   3.472691450e+02   3.000000000e+02   -1.294728964e-20  0.000000000e+00   1.000000000e+00   
9.109896689e-01   1.859162590e+00   1.565587855e-02   6.565889000e-02   3.472691450e+02   3.000000000e+02   5.410624304e-09   0.000000000e+00   1.000000000e+00   
9.109896689e-01   1.859162590e+00   3.042556599e-02   1.276012000e-01   3.472701434e+02   3.000000000e+02   9.982584359e-09   0.000000000e+00   1.000000000e+00   
9.109896689e-01   1.859162590e+00   4.435924732e-02   1.860374000e-01   3.472717893e+02   3.000000000e+02   1.334663580e-08   0.000000000e+00   1.000000000e+00   
9.109896689e-01   1.859162590e+00   5.750423197e-02   2.411659000e-01   3.472737872e+02   3.000000000e+02   1.531790111e-08   0.000000000e+00   1.000000000e+00   
9.109896689e-01   1.859162590e+00   6.990515638e-02   2.931739000e-01   3.472758940e+02   3.000000000e+02   1.583276654e-08   0.000000000e+00   1.000000000e+00   
9.109896689e-01   1.859162590e+00   8.160412952e-02   3.422380000e-01   3.472779086e+02   3.000000000e+02   1.491180477e-08   0.000000000e+00   1.000000000e+00   
9.109896689e-01   1.859162590e+00   9.264092363e-02   3.885250000e-01   3.472796703e+02   3.000000000e+02   1.263016326e-08   0.000000000e+00   1.000000000e+00   
9.109896689e-01   1.859162590e+00   1.030529742e-01   4.321919000e-01   3.472810571e+02   3.000000000e+02   9.102070228e-09   0.000000000e+00   1.000000000e+00   
9.109896689e-01   1.859162590e+00   1.128756661e-01   4.733871000e-01   3.472819828e+02   3.000000000e+02   4.461007538e-09   0.000000000e+00   1.000000000e+00   
9.109896689e-01   1.859162590e+00   1.221423575e-01   5.122505000e-01   3.472823925e+02   3.000000000e+02   -1.148980972e-09  0.000000000e+00   1.000000000e+00   
9.109896689e-01   1.859162590e+00   1.308845228e-01   5.489141000e-01   3.472822585e+02   3.000000000e+02   -7.580207825e-09  0.000000000e+00   1.000000000e+00   
9.109896689e-01   1.859162590e+00   1.391318242e-01   5.835023000e-01   3.472815747e+02   3.000000000e+02   -1.469168261e-08  0.000000000e+00   1.000000000e+00   
9.109896689e-01   1.859162590e+00   1.469123266e-01   6.161328000e-01   3.472803525e+02   3.000000000e+02   -2.234982410e-08  0.000000000e+00   1.000000000e+00   
9.109896689e-01   1.859162590e+00   1.542524015e-01   6.469162000e-01   3.472786165e+02   3.000000000e+02   -3.043019608e-08  0.000000000e+00   1.000000000e+00   
9.109896689e-01   1.859162590e+00   1.611770140e-01   6.759572000e-01   3.472764011e+02   3.000000000e+02   -3.881918879e-08  0.000000000e+00   1.000000000e+00   
9.109896689e-01   1.859162590e+00   1.677096744e-01   7.033544000e-01   3.472737475e+02   3.000000000e+02   -4.741463747e-08  0.000000000e+00   1.000000000e+00   
9.109896689e-01   1.859162590e+00   1.738725581e-01   7.292008000e-01   3.472707013e+02   3.000000000e+02   -5.613147711e-08  0.000000000e+00   1.000000000e+00   
9.109896689e-01   1.859162590e+00   1.796866002e-01   7.535842000e-01   3.472673094e+02   3.000000000e+02   -6.491180112e-08  0.000000000e+00   1.000000000e+00   
9.109896689e-01   1.859162590e+00   1.851715199e-01   7.765873000e-01   3.472636169e+02   3.000000000e+02   -7.371184766e-08  0.000000000e+00   1.000000000e+00   
9.109896689e-01   1.859162590e+00   1.903460111e-01   7.982885000e-01   3.472596660e+02   3.000000000e+02   -8.249596247e-08  0.000000000e+00   1.000000000e+00   
9.109896689e-01   1.859162590e+00   1.952275756e-01   8.187612000e-01   3.472554966e+02   3.000000000e+02   -9.118399312e-08  0.000000000e+00   1.000000000e+00   
9.109896689e-01   1.859162590e+00   1.998328327e-01   8.380751000e-01   3.472511515e+02   3.000000000e+02   -9.963609884e-08  0.000000000e+00   1.000000000e+00   
9.109896689e-01   1.859162590e+00   2.041774244e-01   8.562958000e-01   3.472466811e+02   3.000000000e+02   -1.076637607e-07  0.000000000e+00   1.000000000e+00   
9.109896689e-01   1.859162590e+00   2.082760863e-01   8.734851000e-01   3.472421452e+02   3.000000000e+02   -1.151225336e-07  0.000000000e+00   1.000000000e+00   
9.109896689e-01   1.859162590e+00   2.121427674e-01   8.897015000e-01   3.472376044e+02   3.000000000e+02   -1.220440444e-07  0.000000000e+00   1.000000000e+00   
9.109896689e-01   1.859162590e+00   2.157905582e-01   9.049999000e-01   3.472331035e+02   3.000000000e+02   -1.287966987e-07  0.000000000e+00   1.000000000e+00   
9.109896689e-01   1.859162590e+00   2.192318815e-01   9.194324000e-01   3.472286486e+02   3.000000000e+02   -1.360219703e-07  0.000000000e+00   1.000000000e+00   
9.109896689e-01   1.859162590e+00   2.224783971e-01   9.330479000e-01   3.472241972e+02   3.000000000e+02   -1.444006097e-07  0.000000000e+00   1.000000000e+00   
9.109896689e-01   1.859162590e+00   2.255411689e-01   9.458928000e-01   3.472196702e+02   3.000000000e+02   -1.541006660e-07  0.000000000e+00   1.000000000e+00   
9.109896689e-01   1.859162590e+00   2.284305690e-01   9.580106000e-01   3.472149979e+02   3.000000000e+02   -1.641811025e-07  0.000000000e+00   1.000000000e+00   
9.109896689e-01   1.859162590e+00   2.311564214e-01   9.694425000e-01   3.472101881e+02   3.000000000e+02   -1.723657744e-07  0.000000000e+00   1.000000000e+00   
9.109896689e-01   1.859162590e+00   2.337279536e-01   9.802272000e-01   3.472053840e+02   3.000000000e+02   -1.758876890e-07  0.000000000e+00   1.000000000e+00   
9.109896689e-01   1.859162590e+00   2.361539643e-01   9.904016000e-01   3.472008546e+02   3.000000000e+02   -1.741284167e-07  0.000000000e+00   1.000000000e+00   
9.109896689e-01   1.859162590e+00   2.384426321e-01   1.000000000e+00   3.471968484e+02   7.410000000e+02   -1.803205762e-07  0.000000000e+00   1.000000000e+00   

1.165989669e+00   2.379570753e+00   1.000000000e-13   5.266927124e-13   3.466119619e+02   3.000000000e+02   6.390328477e-23   0.000000000e+00   1.000000000e+00   
1.165989669e+00   2.379570753e+00   1.246626134e-02   6.565889000e-02   3.466119619e+02   3.000000000e+02   -2.754414463e-08  0.000000000e+00   1.000000000e+00   
1.165989669e+00   2.379570753e+00   2.422687784e-02   1.276012000e-01   3.466079078e+02   3.000000000e+02   -5.354217122e-08  0.000000000e+00   1.000000000e+00   
1.165989669e+00   2.379570753e+00   3.532181016e-02   1.860374000e-01   3.466008442e+02   3.000000000e+02   -7.809140731e-08  0.000000000e+00   1.000000000e+00   
1.165989669e+00   2.379570753e+00   4.578872924e-02   2.411659000e-01   3.465914608e+02   3.000000000e+02   -1.012788931e-07  0.000000000e+00   1.000000000e+00   
1.165989669e+00   2.379570753e+00   5.566317762e-02   2.931739000e-01   3.465802437e+02   3.000000000e+02   -1.231834941e-07  0.000000000e+00   1.000000000e+00   
1.165989669e+00   2.379570753e+00   6.497868529e-02   3.422380000e-01   3.465675791e+02   3.000000000e+02   -1.438772735e-07  0.000000000e+00   1.000000000e+00   
1.165989669e+00   2.379570753e+00   7.376692156e-02   3.885250000e-01   3.465537881e+02   3.000000000e+02   -1.634268068e-07  0.000000000e+00   1.000000000e+00   
1.165989669e+00   2.379570753e+00   8.205769510e-02   4.321919000e-01   3.465391419e+02   3.000000000e+02   -1.818936870e-07  0.000000000e+00   1.000000000e+00   
1.165989669e+00   2.379570753e+00   8.987918171e-02   4.733871000e-01   3.465238712e+02   3.000000000e+02   -1.993355795e-07  0.000000000e+00   1.000000000e+00   
1.165989669e+00   2.379570753e+00   9.725794339e-02   5.122505000e-01   3.465081722e+02   3.000000000e+02   -2.158066196e-07  0.000000000e+00   1.000000000e+00   
1.165989669e+00   2.379570753e+00   1.042190422e-01   5.489141000e-01   3.464922118e+02   3.000000000e+02   -2.313579295e-07  0.000000000e+00   1.000000000e+00   
1.165989669e+00   2.379570753e+00   1.107860972e-01   5.835023000e-01   3.464761318e+02   3.000000000e+02   -2.460379405e-07  0.000000000e+00   1.000000000e+00   
1.165989669e+00   2.379570753e+00   1.169814553e-01   6.161328000e-01   3.464600515e+02   3.000000000e+02   -2.598928143e-07  0.000000000e+00   1.000000000e+00   
1.165989669e+00   2.379570753e+00   1.228261157e-01   6.469162000e-01   3.464440715e+02   3.000000000e+02   -2.729663849e-07  0.000000000e+00   1.000000000e+00   
1.165989669e+00   2.379570753e+00   1.283399569e-01   6.759572000e-01   3.464282752e+02   3.000000000e+02   -2.853005494e-07  0.000000000e+00   1.000000000e+00   
1.165989669e+00   2.379570753e+00   1.335416996e-01   7.033544000e-01   3.464127319e+02   3.000000000e+02   -2.969352270e-07  0.000000000e+00   1.000000000e+00   
1.165989669e+00   2.379570753e+00   1.384490013e-01   7.292008000e-01   3.463974980e+02   3.000000000e+02   -3.079084041e-07  0.000000000e+00   1.000000000e+00   
1.165989669e+00   2.379570753e+00   1.430785318e-01   7.535842000e-01   3.463826190e+02   3.000000000e+02   -3.182563022e-07  0.000000000e+00   1.000000000e+00   
1.165989669e+00   2.379570753e+00   1.474459930e-01   7.765873000e-01   3.463681310e+02   3.000000000e+02   -3.280132741e-07  0.000000000e+00   1.000000000e+00   
1.165989669e+00   2.379570753e+00   1.515662703e-01   7.982885000e-01   3.463540617e+02   3.000000000e+02   -3.372121266e-07  0.000000000e+00   1.000000000e+00   
1.165989669e+00   2.379570753e+00   1.554532996e-01   8.187612000e-01   3.463404320e+02   3.000000000e+02   -3.458837758e-07  0.000000000e+00   1.000000000e+00   
1.165989669e+00   2.379570753e+00   1.591203144e-01   8.380751000e-01   3.463272565e+02   3.000000000e+02   -3.540577872e-07  0.000000000e+00   1.000000000e+00   
1.165989669e+00   2.379570753e+00   1.625797699e-01   8.562958000e-01   3.463145446e+02   3.000000000e+02   -3.617621881e-07  0.000000000e+00   1.000000000e+00   
1.165989669e+00   2.379570753e+00   1.658433997e-01   8.734851000e-01   3.463023014e+02   3.000000000e+02   -3.690234964e-07  0.000000000e+00   1.000000000e+00   
1.165989669e+00   2.379570753e+00   1.689223107e-01   8.897015000e-01   3.462905282e+02   3.000000000e+02   -3.758668198e-07  0.000000000e+00   1.000000000e+00   
1.165989669e+00   2.379570753e+00   1.718269266e-01   9.049999000e-01   3.462792232e+02   3.000000000e+02   -3.823156760e-07  0.000000000e+00   1.000000000e+00   
1.165989669e+00   2.379570753e+00   1.745671391e-01   9.194324000e-01   3.462683820e+02   3.000000000e+02   -3.883923700e-07  0.000000000e+00   1.000000000e+00   
1.165989669e+00   2.379570753e+00   1.771522328e-01   9.330479000e-01   3.462579978e+02   3.000000000e+02   -3.941179711e-07  0.000000000e+00   1.000000000e+00   
1.165989669e+00   2.379570753e+00   1.795910173e-01   9.458928000e-01   3.462480622e+02   3.000000000e+02   -3.995127138e-07  0.000000000e+00   1.000000000e+00   
1.165989669e+00   2.379570753e+00   1.818917516e-01   9.580106000e-01   3.462385653e+02   3.000000000e+02   -4.045956702e-07  0.000000000e+00   1.000000000e+00   
1.165989669e+00   2.379570753e+00   1.840622582e-01   9.694425000e-01   3.462294960e+02   3.000000000e+02   -4.093848021e-07  0.000000000e+00   1.000000000e+00   
1.165989669e+00   2.379570753e+00   1.861098848e-01   9.802272000e-01   3.462208425e+02   3.000000000e+02   -4.138965839e-07  0.000000000e+00   1.000000000e+00   
1.165989669e+00   2.379570753e+00   1.880416373e-01   9.904016000e-01   3.462125919e+02   3.000000000e+02   -4.181465323e-07  0.000000000e+00   1.000000000e+00   
1.165989669e+00   2.379570753e+00   1.898640282e-01   1.000000000e+00   3.462047313e+02   7.410000000e+02   -4.242658889e-07  0.000000000e+00   1.000000000e+00   

1.465989669e+00   2.991815651e+00   1.000000000e-13   8.655395386e-13   3.445199051e+02   3.000000000e+02   -1.380619764e-20  0.000000000e+00   1.000000000e+00   
1.465989669e+00   2.991815651e+00   7.585891467e-03   6.565889000e-02   3.445199051e+02   3.000000000e+02   -3.432542429e-08  0.000000000e+00   1.000000000e+00   
1.465989669e+00   2.991815651e+00   1.474238834e-02   1.276012000e-01   3.445168082e+02   3.000000000e+02   -6.667874003e-08  0.000000000e+00   1.000000000e+00   
1.465989669e+00   2.991815651e+00   2.149380724e-02   1.860374000e-01   3.445114162e+02   3.000000000e+02   -9.714673538e-08  0.000000000e+00   1.000000000e+00   
1.465989669e+00   2.991815651e+00   2.786307144e-02   2.411659000e-01   3.445042619e+02   3.000000000e+02   -1.258188223e-07  0.000000000e+00   1.000000000e+00   
1.465989669e+00   2.991815651e+00   3.387180908e-02   2.931739000e-01   3.444957219e+02   3.000000000e+02   -1.527866433e-07  0.000000000e+00   1.000000000e+00   
1.465989669e+00   2.991815651e+00   3.954042360e-02   3.422380000e-01   3.444860961e+02   3.000000000e+02   -1.781437785e-07  0.000000000e+00   1.000000000e+00   
1.465989669e+00   2.991815651e+00   4.488818623e-02   3.885250000e-01   3.444756323e+02   3.000000000e+02   -2.019839764e-07  0.000000000e+00   1.000000000e+00   
1.465989669e+00   2.991815651e+00   4.993323595e-02   4.321919000e-01   3.444645392e+02   3.000000000e+02   -2.243979960e-07  0.000000000e+00   1.000000000e+00   
1.465989669e+00   2.991815651e+00   5.469271811e-02   4.733871000e-01   3.444529925e+02   3.000000000e+02   -2.454684345e-07  0.000000000e+00   1.000000000e+00   
1.465989669e+00   2.991815651e+00   5.918279607e-02   5.122505000e-01   3.444411420e+02   3.000000000e+02   -2.652644478e-07  0.000000000e+00   1.000000000e+00   
1.465989669e+00   2.991815651e+00   6.341872041e-02   5.489141000e-01   3.444291155e+02   3.000000000e+02   -2.838417314e-07  0.000000000e+00   1.000000000e+00   
1.465989669e+00   2.991815651e+00   6.741486368e-02   5.835023000e-01   3.444170226e+02   3.000000000e+02   -3.012510893e-07  0.000000000e+00   1.000000000e+00   
1.465989669e+00   2.991815651e+00   7.118482433e-02   6.161328000e-01   3.444049568e+02   3.000000000e+02   -3.175507914e-07  0.000000000e+00   1.000000000e+00   
1.465989669e+00   2.991815651e+00   7.474138051e-02   6.469162000e-01   3.443929959e+02   3.000000000e+02   -3.328122126e-07  0.000000000e+00   1.000000000e+00   
1.465989669e+00   2.991815651e+00   7.809662874e-02   6.759572000e-01   3.443812027e+02   3.000000000e+02   -3.471319661e-07  0.000000000e+00   1.000000000e+00   
1.465989669e+00   2.991815651e+00   8.126196074e-02   7.033544000e-01   3.443696249e+02   3.000000000e+02   -3.606661860e-07  0.000000000e+00   1.000000000e+00   
1.465989669e+00   2.991815651e+00   8.424812126e-02   7.292008000e-01   3.443582936e+02   3.000000000e+02   -3.736585900e-07  0.000000000e+00   1.000000000e+00   
1.465989669e+00   2.991815651e+00   8.706525426e-02   7.535842000e-01   3.443472210e+02   3.000000000e+02   -3.863655076e-07  0.000000000e+00   1.000000000e+00   
1.465989669e+00   2.991815651e+00   8.972291448e-02   7.765873000e-01   3.443364043e+02   3.000000000e+02   -3.988155004e-07  0.000000000e+00   1.000000000e+00   
1.465989669e+00   2.991815651e+00   9.223015985e-02   7.982885000e-01   3.443258438e+02   3.000000000e+02   -4.105265428e-07  0.000000000e+00   1.000000000e+00   
1.465989669e+00   2.991815651e+00   9.459547063e-02   8.187612000e-01   3.443155720e+02   3.000000000e+02   -4.205173343e-07  0.000000000e+00   1.000000000e+00   
1.465989669e+00   2.991815651e+00   9.682689960e-02   8.380751000e-01   3.443056705e+02   3.000000000e+02   -4.278381099e-07  0.000000000e+00   1.000000000e+00   
1.465989669e+00   2.991815651e+00   9.893202585e-02   8.562958000e-01   3.442962530e+02   3.000000000e+02   -4.324003665e-07  0.000000000e+00   1.000000000e+00   
1.465989669e+00   2.991815651e+00   1.009179894e-01   8.734851000e-01   3.442874107e+02   3.000000000e+02   -4.354698386e-07  0.000000000e+00   1.000000000e+00   
1.465989669e+00   2.991815651e+00   1.027915491e-01   8.897015000e-01   3.442791526e+02   3.000000000e+02   -4.392694246e-07  0.000000000e+00   1.000000000e+00   
1.465989669e+00   2.991815651e+00   1.045590478e-01   9.049999000e-01   3.442713829e+02   3.000000000e+02   -4.460138986e-07  0.000000000e+00   1.000000000e+00   
1.465989669e+00   2.991815651e+00   1.062265049e-01   9.194324000e-01   3.442639287e+02   3.000000000e+02   -4.570771168e-07  0.000000000e+00   1.000000000e+00   
1.465989669e+00   2.991815651e+00   1.077995699e-01   9.330479000e-01   3.442565960e+02   3.000000000e+02   -4.732834886e-07  0.000000000e+00   1.000000000e+00   
1.465989669e+00   2.991815651e+00   1.092836038e-01   9.458928000e-01   3.442492003e+02   3.000000000e+02   -4.954476481e-07  0.000000000e+00   1.000000000e+00   
1.465989669e+00   2.991815651e+00   1.106836323e-01   9.580106000e-01   3.442415714e+02   3.000000000e+02   -5.228834753e-07  0.000000000e+00   1.000000000e+00   
1.465989669e+00   2.991815651e+00   1.120044154e-01   9.694425000e-01   3.442336013e+02   3.000000000e+02   -5.478521170e-07  0.000000000e+00   1.000000000e+00   
1.465989669e+00   2.991815651e+00   1.132504243e-01   9.802272000e-01   3.442254434e+02   3.000000000e+02   -5.483310331e-07  0.000000000e+00   1.000000000e+00   
1.465989669e+00   2.991815651e+00   1.144259223e-01   9.904016000e-01   3.442178499e+02   3.000000000e+02   -4.881046108e-07  0.000000000e+00   1.000000000e+00   
1.465989669e+00   2.991815651e+00   1.155348722e-01   1.000000000e+00   3.442123973e+02   7.410000000e+02   -4.941296608e-07  0.000000000e+00   1.000000000e+00   

1.643989669e+00   3.355080957e+00   1.000000000e-13   2.801200735e-12   3.409742868e+02   3.000000000e+02   6.440452785e-21   0.000000000e+00   1.000000000e+00   
1.643989669e+00   3.355080957e+00   2.343955189e-03   6.565889000e-02   3.409742868e+02   3.000000000e+02   -6.371792472e-08  0.000000000e+00   1.000000000e+00   
1.643989669e+00   3.355080957e+00   4.555232275e-03   1.276012000e-01   3.409724887e+02   3.000000000e+02   -1.238137357e-07  0.000000000e+00   1.000000000e+00   
1.643989669e+00   3.355080957e+00   6.641344822e-03   1.860374000e-01   3.409693570e+02   3.000000000e+02   -1.804793921e-07  0.000000000e+00   1.000000000e+00   
1.643989669e+00   3.355080957e+00   8.609375863e-03   2.411659000e-01   3.409651993e+02   3.000000000e+02   -2.339004926e-07  0.000000000e+00   1.000000000e+00   
1.643989669e+00   3.355080957e+00   1.046600825e-02   2.931739000e-01   3.409602329e+02   3.000000000e+02   -2.842550332e-07  0.000000000e+00   1.000000000e+00   
1.643989669e+00   3.355080957e+00   1.221754641e-02   3.422380000e-01   3.409546306e+02   3.000000000e+02   -3.317123935e-07  0.000000000e+00   1.000000000e+00   
1.643989669e+00   3.355080957e+00   1.386994495e-02   3.885250000e-01   3.409485356e+02   3.000000000e+02   -3.764329827e-07  0.000000000e+00   1.000000000e+00   
1.643989669e+00   3.355080957e+00   1.542880860e-02   4.321919000e-01   3.409420692e+02   3.000000000e+02   -4.185707625e-07  0.000000000e+00   1.000000000e+00   
1.643989669e+00   3.355080957e+00   1.689943509e-02   4.733871000e-01   3.409353339e+02   3.000000000e+02   -4.582701123e-07  0.000000000e+00   1.000000000e+00   
1.643989669e+00   3.355080957e+00   1.828681870e-02   5.122505000e-01   3.409284170e+02   3.000000000e+02   -4.956689493e-07  0.000000000e+00   1.000000000e+00   
1.643989669e+00   3.355080957e+00   1.959567171e-02   5.489141000e-01   3.409213922e+02   3.000000000e+02   -5.308967158e-07  0.000000000e+00   1.000000000e+00   
1.643989669e+00   3.355080957e+00   2.083043506e-02   5.835023000e-01   3.409143221e+02   3.000000000e+02   -5.640766351e-07  0.000000000e+00   1.000000000e+00   
1.643989669e+00   3.355080957e+00   2.199531052e-02   6.161328000e-01   3.409072591e+02   3.000000000e+02   -5.953248388e-07  0.000000000e+00   1.000000000e+00   
1.643989669e+00   3.355080957e+00   2.309424640e-02   6.469162000e-01   3.409002473e+02   3.000000000e+02   -6.247513158e-07  0.000000000e+00   1.000000000e+00   
1.643989669e+00   3.355080957e+00   2.413098038e-02   6.759572000e-01   3.408933230e+02   3.000000000e+02   -6.524601792e-07  0.000000000e+00   1.000000000e+00   
1.643989669e+00   3.355080957e+00   2.510903239e-02   7.033544000e-01   3.408865163e+02   3.000000000e+02   -6.785495170e-07  0.000000000e+00   1.000000000e+00   
1.643989669e+00   3.355080957e+00   2.603172242e-02   7.292008000e-01   3.408798515e+02   3.000000000e+02   -7.031118816e-07  0.000000000e+00   1.000000000e+00   
1.643989669e+00   3.355080957e+00   2.690218485e-02   7.535842000e-01   3.408733481e+02   3.000000000e+02   -7.262353483e-07  0.000000000e+00   1.000000000e+00   
1.643989669e+00   3.355080957e+00   2.772337199e-02   7.765873000e-01   3.408670214e+02   3.000000000e+02   -7.480023537e-07  0.000000000e+00   1.000000000e+00   
1.643989669e+00   3.355080957e+00   2.849808262e-02   7.982885000e-01   3.408608831e+02   3.000000000e+02   -7.684916623e-07  0.000000000e+00   1.000000000e+00   
1.643989669e+00   3.355080957e+00   2.922893706e-02   8.187612000e-01   3.408549419e+02   3.000000000e+02   -7.877767509e-07  0.000000000e+00   1.000000000e+00   
1.643989669e+00   3.355080957e+00   2.991842353e-02   8.380751000e-01   3.408492037e+02   3.000000000e+02   -8.059274529e-07  0.000000000e+00   1.000000000e+00   
1.643989669e+00   3.355080957e+00   3.056888388e-02   8.562958000e-01   3.408436720e+02   3.000000000e+02   -8.230096824e-07  0.000000000e+00   1.000000000e+00   
1.643989669e+00   3.355080957e+00   3.118252430e-02   8.734851000e-01   3.408383488e+02   3.000000000e+02   -8.390857783e-07  0.000000000e+00   1.000000000e+00   
1.643989669e+00   3.355080957e+00   3.176143319e-02   8.897015000e-01   3.408332341e+02   3.000000000e+02   -8.542149175e-07  0.000000000e+00   1.000000000e+00   
1.643989669e+00   3.355080957e+00   3.230757041e-02   9.049999000e-01   3.408283267e+02   3.000000000e+02   -8.684526706e-07  0.000000000e+00   1.000000000e+00   
1.643989669e+00   3.355080957e+00   3.282279589e-02   9.194324000e-01   3.408236242e+02   3.000000000e+02   -8.818517243e-07  0.000000000e+00   1.000000000e+00   
1.643989669e+00   3.355080957e+00   3.330885531e-02   9.330479000e-01   3.408191234e+02   3.000000000e+02   -8.944615433e-07  0.000000000e+00   1.000000000e+00   
1.643989669e+00   3.355080957e+00   3.376740510e-02   9.458928000e-01   3.408148201e+02   3.000000000e+02   -9.063290670e-07  0.000000000e+00   1.000000000e+00   
1.643989669e+00   3.355080957e+00   3.419999816e-02   9.580106000e-01   3.408107098e+02   3.000000000e+02   -9.174981139e-07  0.000000000e+00   1.000000000e+00   
1.643989669e+00   3.355080957e+00   3.460810529e-02   9.694425000e-01   3.408067872e+02   3.000000000e+02   -9.280091972e-07  0.000000000e+00   1.000000000e+00   
1.643989669e+00   3.355080957e+00   3.499310805e-02   9.802272000e-01   3.408030469e+02   3.000000000e+02   -9.378986703e-07  0.000000000e+00   1.000000000e+00   
1.643989669e+00   3.355080957e+00   3.535632372e-02   9.904016000e-01   3.407994831e+02   3.000000000e+02   -9.471984917e-07  0.000000000e+00   1.000000000e+00   
1.643989669e+00   3.355080957e+00   3.569897678e-02   1.000000000e+00   3.407960899e+02   7.410000000e+02   -9.582534865e-07  0.000000000e+00   1.000000000e+00   

