t[s](1)           t[s/mm2](2)       D[mm](3)          D2[mm2](4)        (D/D0)^2[-](5)    S[mm2](6)         V[mm3](7)         dD/dt[mm/s](8)    dD2/dt[mm2/s](9)    dS/dt[mm2/s](10)    Kv[kg/m2/s](11)    T[K](12)          VL[m/s](13)       dummy(14)         WL_NC7H16(15)     
0.000000000e+00   0.000000000e+00   7.000000000e-01   4.900000000e-01   1.000000000e+00   1.539380400e+00   1.795943800e-01   6.448034972e-02   9.027248961e-02     2.835993902e-01     2.160507588e-02    3.000000000e+02   0.000000000e+00   0.000000000e+00   1.000000000e+00   
1.436128106e-11   2.930873687e-11   6.999999999e-01   4.899999998e-01   9.999999997e-01   1.539380400e+00   1.795943799e-01   7.897928133e+00   1.105709938e+01     3.473690220e+01     3.179185169e+00    3.000000000e+02   1.959358844e-21   0.000000000e+00   1.000000000e+00   
4.052221233e-08   8.269839251e-08   6.999997281e-01   4.899996194e-01   9.999992233e-01   1.539379205e+00   1.795941708e-01   5.835668643e+00   8.169932927e+00     2.566660126e+01     2.430112100e+00    3.000000000e+02   -2.913059888e-21  0.000000000e+00   1.000000000e+00   
2.056387203e-07   4.196708578e-07   6.999990244e-01   4.899986341e-01   9.999972124e-01   1.539376109e+00   1.795936291e-01   3.284471920e+00   4.598254279e+00     1.444584186e+01     1.491141695e+00    3.000000000e+02   1.283591619e-21   0.000000000e+00   1.000000000e+00   
5.293259318e-07   1.080257004e-06   6.999982397e-01   4.899975355e-01   9.999949705e-01   1.539372658e+00   1.795930251e-01   1.834406254e+00   2.568162297e+00     8.068119806e+00     9.422576620e-01    3.000000000e+02   1.223062984e-25   0.000000000e+00   1.000000000e+00   
1.185029750e-06   2.418428061e-06   6.999944578e-01   4.899922410e-01   9.999841652e-01   1.539356025e+00   1.795901143e-01   3.151977360e+01   4.412733366e+01     1.386301072e+02     5.482597709e-01    3.000000000e+02   -2.030511623e-26  0.000000000e+00   1.000000000e+00   
3.334002654e-06   6.804087049e-06   6.999587275e-01   4.899422201e-01   9.998820819e-01   1.539198879e+00   1.795626148e-01   9.371670071e+00   1.311956451e+01     4.121632750e+01     2.776034982e-01    3.000000000e+02   4.863847595e-25   0.000000000e+00   1.000000000e+00   
5.318950959e-06   1.085500196e-05   6.999454941e-01   4.899236948e-01   9.998442750e-01   1.539140680e+00   1.795524307e-01   5.103225744e+00   7.143959731e+00     2.244341141e+01     2.101654532e-01    3.000000000e+02   9.493986281e-26   0.000000000e+00   1.000000000e+00   
1.274300780e-05   2.600613837e-05   6.999261281e-01   4.898965848e-01   9.997889487e-01   1.539055512e+00   1.795375276e-01   1.401304854e+00   1.961619762e+00     6.162610234e+00     1.330638688e-01    3.000000000e+02   1.651634630e-21   0.000000000e+00   1.000000000e+00   
3.210754918e-05   6.552561057e-05   6.999136063e-01   4.898790563e-01   9.997531761e-01   1.539000444e+00   1.795278919e-01   2.817294919e-01   3.943726094e-01     1.238958093e+00     8.837759551e-02    3.000000000e+02   1.381057414e-22   0.000000000e+00   1.000000000e+00   
5.020767590e-05   1.024646447e-04   6.999102278e-01   4.898743269e-01   9.997435243e-01   1.538985587e+00   1.795252921e-01   1.237471865e-01   1.732238429e-01     5.441987523e-01     7.376245882e-02    3.000000000e+02   2.455500479e-22   0.000000000e+00   1.000000000e+00   
1.198056380e-04   2.445013020e-04   6.999066167e-01   4.898692721e-01   9.997332083e-01   1.538969706e+00   1.795225134e-01   2.068359839e-02   2.895317474e-02     9.095908106e-02     5.300149763e-02    3.000000000e+02   -2.630549750e-23  0.000000000e+00   1.000000000e+00   
2.099198422e-04   4.284078412e-04   6.999057211e-01   4.898680184e-01   9.997306498e-01   1.538965768e+00   1.795218242e-01   3.904491259e-03   5.465551540e-03     1.717053657e-02     4.338504444e-02    3.000000000e+02   -3.882431470e-22  0.000000000e+00   1.000000000e+00   
4.000429248e-04   8.164141322e-04   6.999057565e-01   4.898680680e-01   9.997307510e-01   1.538965924e+00   1.795218515e-01   -2.600678678e-03  -3.640459955e-03    -1.143684225e-02    3.514848384e-02    3.000000000e+02   -1.425858255e-22  0.000000000e+00   1.000000000e+00   
7.341344488e-04   1.498233569e-03   6.999068608e-01   4.898696139e-01   9.997339058e-01   1.538970780e+00   1.795227013e-01   -3.682272608e-03  -5.154495724e-03    -1.619332590e-02    2.961246412e-02    3.000000000e+02   -8.699923760e-23  0.000000000e+00   1.000000000e+00   
1.427526008e-03   2.913318384e-03   6.999091963e-01   4.898728831e-01   9.997405778e-01   1.538981051e+00   1.795244984e-01   -2.797970441e-03  -3.916650485e-03    -1.230452039e-02    2.545647241e-02    3.000000000e+02   -4.191567406e-21  0.000000000e+00   1.000000000e+00   
3.505135847e-03   7.153338463e-03   6.999106291e-01   4.898748888e-01   9.997446710e-01   1.538987352e+00   1.795256009e-01   1.369910565e-03   1.917629931e-03     6.024412105e-03     2.238485378e-02    3.000000000e+02   8.355679222e-24   0.000000000e+00   1.000000000e+00   
8.637387103e-03   1.762732062e-02   6.998813013e-01   4.898338359e-01   9.996608896e-01   1.538858380e+00   1.795030343e-01   9.631866457e-03   1.348232646e-02     4.235597776e-02     2.178832185e-02    3.000000000e+02   -2.955581774e-24  0.000000000e+00   1.000000000e+00   
1.393908000e-02   2.844710205e-02   6.998114187e-01   4.897360217e-01   9.994612688e-01   1.538551088e+00   1.794492699e-01   1.650654100e-02   2.310293174e-02     7.258000064e-02     2.248763819e-02    3.000000001e+02   1.322097346e-22   0.000000000e+00   1.000000000e+00   
2.738606769e-02   5.588993406e-02   6.994919346e-01   4.892889665e-01   9.985489113e-01   1.537146623e+00   1.792036108e-01   3.043993873e-02   4.258498326e-02     1.337846706e-01     2.488532666e-02    3.000003149e+02   -7.191501111e-26  0.000000000e+00   1.000000000e+00   
7.039366837e-02   1.436605477e-01   6.974444522e-01   4.864287639e-01   9.927117631e-01   1.528161031e+00   1.776345722e-01   6.278342926e-02   8.757590885e-02     2.751278319e-01     3.184096796e-02    3.003641402e+02   -4.425000156e-21  0.000000000e+00   1.000000000e+00   
1.614246002e-01   3.294379595e-01   6.895332382e-01   4.754560866e-01   9.703185440e-01   1.493689349e+00   1.716580756e-01   1.077881152e-01   1.486469763e-01     4.669882487e-01     4.244391757e-02    3.068981910e+02   7.567956510e-22   0.000000000e+00   1.000000000e+00   
2.614246002e-01   5.335195922e-01   6.769659530e-01   4.582829016e-01   9.352712277e-01   1.439738197e+00   1.624422901e-01   1.417269047e-01   1.918885782e-01     6.028357476e-01     5.068819419e-02    3.171699832e+02   4.158712892e-22   0.000000000e+00   1.000000000e+00   
3.614246002e-01   7.376012248e-01   6.614683570e-01   4.375403873e-01   8.929395658e-01   1.374573666e+00   1.515394974e-01   1.671106127e-01   2.210767648e-01     6.945331401e-01     5.696827102e-02    3.257335822e+02   3.092942742e-21   0.000000000e+00   1.000000000e+00   
4.574246002e-01   9.335195922e-01   6.444774346e-01   4.153511637e-01   8.476554362e-01   1.304864165e+00   1.401592516e-01   1.861565113e-01   2.399473416e-01     7.538168057e-01     6.177340309e-02    3.317813028e+02   -5.223434978e-22  0.000000000e+00   1.000000000e+00   
5.454246002e-01   1.113111429e+00   6.274544949e-01   3.936991432e-01   8.034676392e-01   1.236842336e+00   1.293437139e-01   2.003199765e-01   2.513833394e-01     7.897440522e-01     6.543837162e-02    3.357397560e+02   -3.694648794e-21  0.000000000e+00   1.000000000e+00   
6.454246002e-01   1.317193062e+00   6.067348776e-01   3.681272117e-01   7.512800238e-01   1.156505744e+00   1.169487285e-01   2.136940786e-01   2.593113013e-01     8.146504791e-01     6.901232166e-02    3.388183371e+02   1.811547269e-21   0.000000000e+00   1.000000000e+00   
7.454246002e-01   1.521274694e+00   5.847793426e-01   3.419668795e-01   6.978915908e-01   1.074320636e+00   1.047067526e-01   2.251823450e-01   2.633639674e-01     8.273823052e-01     7.220724539e-02    3.407849250e+02   5.918598600e-22   0.000000000e+00   1.000000000e+00   
8.454246002e-01   1.725356327e+00   5.617333927e-01   3.155444045e-01   6.439681725e-01   9.913119832e-01   9.280884060e-02   2.356250016e-01   2.647168631e-01     8.316325525e-01     7.523053277e-02    3.419684847e+02   1.522125747e-22   0.000000000e+00   1.000000000e+00   
9.454246002e-01   1.929437960e+00   5.376654105e-01   2.890840936e-01   5.899675380e-01   9.081844648e-01   8.138322884e-02   2.457493182e-01   2.642618161e-01     8.302029802e-01     7.826566802e-02    3.426171026e+02   3.659858867e-21   0.000000000e+00   1.000000000e+00   
1.045424600e+00   2.133519592e+00   5.125779838e-01   2.627361894e-01   5.361963050e-01   8.254100826e-01   7.051450598e-02   2.561230353e-01   2.625660581e-01     8.248755991e-01     8.146053981e-02    3.429103570e+02   8.403328360e-22   0.000000000e+00   1.000000000e+00   
1.145424600e+00   2.337601225e+00   4.864149425e-01   2.365994963e-01   4.828561149e-01   7.432992395e-01   6.025864281e-02   2.673237077e-01   2.600604919e-01     8.170041307e-01     8.497193146e-02    3.429725000e+02   -2.455923533e-21  0.000000000e+00   1.000000000e+00   
1.245424600e+00   2.541682857e+00   4.590643618e-01   2.107400882e-01   4.300818127e-01   6.620595131e-01   5.065465464e-02   2.799635162e-01   2.570425458e-01     8.075229735e-01     8.897594278e-02    3.428865366e+02   1.268467335e-22   0.000000000e+00   1.000000000e+00   
1.345424600e+00   2.745764490e+00   4.303516195e-01   1.852025164e-01   3.779643192e-01   5.818308650e-01   4.173197584e-02   2.946886808e-01   2.536395021e-01     7.968319963e-01     9.366792490e-02    3.427048323e+02   1.133664500e-22   0.000000000e+00   1.000000000e+00   
1.445424600e+00   2.949846123e+00   4.000264087e-01   1.600211277e-01   3.265737299e-01   5.027211991e-01   3.351695931e-02   3.124082389e-01   2.499430917e-01     7.852193806e-01     9.932827690e-02    3.424568441e+02   1.388116207e-20   0.000000000e+00   1.000000000e+00   
1.545424600e+00   3.153927755e+00   3.676840746e-01   1.351915787e-01   2.759011811e-01   4.247168706e-01   2.602693826e-02   3.343596152e-01   2.458774114e-01     7.724466694e-01     1.063550151e-01    3.421547562e+02   8.993963335e-23   0.000000000e+00   1.000000000e+00   
1.645424600e+00   3.358009388e+00   3.328914900e-01   1.108167441e-01   2.261566207e-01   3.481410692e-01   1.931553321e-02   3.627373239e-01   2.415043364e-01     7.587082492e-01     1.154415225e-01    3.418011755e+02   9.904297995e-23   0.000000000e+00   1.000000000e+00   
1.745424600e+00   3.562091021e+00   2.947934593e-01   8.690318366e-02   1.773534360e-01   2.730144034e-01   1.341381007e-02   4.013155142e-01   2.366103774e-01     7.433334234e-01     1.278005989e-01    3.413829903e+02   7.151667709e-22   0.000000000e+00   1.000000000e+00   
1.845424600e+00   3.766172653e+00   2.520126077e-01   6.351035444e-02   1.296129682e-01   1.995236629e-01   8.380413098e-03   4.582992963e-01   2.309944015e-01     7.256903148e-01     1.460571562e-01    3.408711401e+02   2.456648715e-23   0.000000000e+00   1.000000000e+00   
1.945424600e+00   3.970254286e+00   2.018253863e-01   4.073348655e-02   8.312956438e-02   1.279680221e-01   4.304532581e-03   5.550843352e-01   2.240602207e-01     7.039059434e-01     1.770753610e-01    3.401956403e+02   3.315235589e-21   0.000000000e+00   1.000000000e+00   
2.041424600e+00   4.166172653e+00   1.400857127e-01   1.962400689e-02   4.004899366e-02   6.165063589e-02   1.439395544e-03   7.652515769e-01   2.144016250e-01     6.735625702e-01     2.444848624e-01    3.391829521e+02   -4.070393147e-22  0.000000000e+00   1.000000000e+00   
2.081424600e+00   4.247805306e+00   1.055269842e-01   1.113594439e-02   2.272641712e-02   3.498460109e-02   6.153032410e-04   9.858025352e-01   2.080575371e-01     6.536320300e-01     3.152595996e-01    3.384517134e+02   -1.420523580e-20  0.000000000e+00   1.000000000e+00   
