t[s](1)           t[s/mm2](2)       r[mm](3)          r/rd[-](4)        T[K](5)           Tfib[K](6)        v[m/s](7)         dummy(8)          NC7H16_w(9)       
0.000000000e+00   0.000000000e+00   0.000000000e+00   0.000000000e+00   3.000000000e+02   3.000000000e+02   0.000000000e+00   0.000000000e+00   1.000000000e+00   
0.000000000e+00   0.000000000e+00   2.298061150e-02   6.565889000e-02   3.000000000e+02   3.000000000e+02   0.000000000e+00   0.000000000e+00   1.000000000e+00   
0.000000000e+00   0.000000000e+00   4.466042000e-02   1.276012000e-01   3.000000000e+02   3.000000000e+02   0.000000000e+00   0.000000000e+00   1.000000000e+00   
0.000000000e+00   0.000000000e+00   6.511309000e-02   1.860374000e-01   3.000000000e+02   3.000000000e+02   0.000000000e+00   0.000000000e+00   1.000000000e+00   
0.000000000e+00   0.000000000e+00   8.440806500e-02   2.411659000e-01   3.000000000e+02   3.000000000e+02   0.000000000e+00   0.000000000e+00   1.000000000e+00   
0.000000000e+00   0.000000000e+00   1.026108650e-01   2.931739000e-01   3.000000000e+02   3.000000000e+02   0.000000000e+00   0.000000000e+00   1.000000000e+00   
0.000000000e+00   0.000000000e+00   1.197833000e-01   3.422380000e-01   3.000000000e+02   3.000000000e+02   0.000000000e+00   0.000000000e+00   1.000000000e+00   
0.000000000e+00   0.000000000e+00   1.359837500e-01   3.885250000e-01   3.000000000e+02   3.000000000e+02   0.000000000e+00   0.000000000e+00   1.000000000e+00   
0.000000000e+00   0.000000000e+00   1.512671650e-01   4.321919000e-01   3.000000000e+02   3.000000000e+02   0.000000000e+00   0.000000000e+00   1.000000000e+00   
0.000000000e+00   0.000000000e+00   1.656854850e-01   4.733871000e-01   3.000000000e+02   3.000000000e+02   0.000000000e+00   0.000000000e+00   1.000000000e+00   
0.000000000e+00   0.000000000e+00   1.792876750e-01   5.122505000e-01   3.000000000e+02   3.000000000e+02   0.000000000e+00   0.000000000e+00   1.000000000e+00   
0.000000000e+00   0.000000000e+00   1.921199350e-01   5.489141000e-01   3.000000000e+02   3.000000000e+02   0.000000000e+00   0.000000000e+00   1.000000000e+00   
0.000000000e+00   0.000000000e+00   2.042258050e-01   5.835023000e-01   3.000000000e+02   3.000000000e+02   0.000000000e+00   0.000000000e+00   1.000000000e+00   
0.000000000e+00   0.000000000e+00   2.156464800e-01   6.161328000e-01   3.000000000e+02   3.000000000e+02   0.000000000e+00   0.000000000e+00   1.000000000e+00   
0.000000000e+00   0.000000000e+00   2.264206700e-01   6.469162000e-01   3.000000000e+02   3.000000000e+02   0.000000000e+00   0.000000000e+00   1.000000000e+00   
0.000000000e+00   0.000000000e+00   2.365850200e-01   6.759572000e-01   3.000000000e+02   3.000000000e+02   0.000000000e+00   0.000000000e+00   1.000000000e+00   
0.000000000e+00   0.000000000e+00   2.461740400e-01   7.033544000e-01   3.000000000e+02   3.000000000e+02   0.000000000e+00   0.000000000e+00   1.000000000e+00   
0.000000000e+00   0.000000000e+00   2.552202800e-01   7.292008000e-01   3.000000000e+02   3.000000000e+02   0.000000000e+00   0.000000000e+00   1.000000000e+00   
0.000000000e+00   0.000000000e+00   2.637544700e-01   7.535842000e-01   3.000000000e+02   3.000000000e+02   0.000000000e+00   0.000000000e+00   1.000000000e+00   
0.000000000e+00   0.000000000e+00   2.718055550e-01   7.765873000e-01   3.000000000e+02   3.000000000e+02   0.000000000e+00   0.000000000e+00   1.000000000e+00   
0.000000000e+00   0.000000000e+00   2.794009750e-01   7.982885000e-01   3.000000000e+02   3.000000000e+02   0.000000000e+00   0.000000000e+00   1.000000000e+00   
0.000000000e+00   0.000000000e+00   2.865664200e-01   8.187612000e-01   3.000000000e+02   3.000000000e+02   0.000000000e+00   0.000000000e+00   1.000000000e+00   
0.000000000e+00   0.000000000e+00   2.933262850e-01   8.380751000e-01   3.000000000e+02   3.000000000e+02   0.000000000e+00   0.000000000e+00   1.000000000e+00   
0.000000000e+00   0.000000000e+00   2.997035300e-01   8.562958000e-01   3.000000000e+02   3.000000000e+02   0.000000000e+00   0.000000000e+00   1.000000000e+00   
0.000000000e+00   0.000000000e+00   3.057197850e-01   8.734851000e-01   3.000000000e+02   3.000000000e+02   0.000000000e+00   0.000000000e+00   1.000000000e+00   
0.000000000e+00   0.000000000e+00   3.113955250e-01   8.897015000e-01   3.000000000e+02   3.000000000e+02   0.000000000e+00   0.000000000e+00   1.000000000e+00   
0.000000000e+00   0.000000000e+00   3.167499650e-01   9.049999000e-01   3.000000000e+02   3.000000000e+02   0.000000000e+00   0.000000000e+00   1.000000000e+00   
0.000000000e+00   0.000000000e+00   3.218013400e-01   9.194324000e-01   3.000000000e+02   3.000000000e+02   0.000000000e+00   0.000000000e+00   1.000000000e+00   
0.000000000e+00   0.000000000e+00   3.265667650e-01   9.330479000e-01   3.000000000e+02   3.000000000e+02   0.000000000e+00   0.000000000e+00   1.000000000e+00   
0.000000000e+00   0.000000000e+00   3.310624800e-01   9.458928000e-01   3.000000000e+02   3.000000000e+02   0.000000000e+00   0.000000000e+00   1.000000000e+00   
0.000000000e+00   0.000000000e+00   3.353037100e-01   9.580106000e-01   3.000000000e+02   3.000000000e+02   0.000000000e+00   0.000000000e+00   1.000000000e+00   
0.000000000e+00   0.000000000e+00   3.393048750e-01   9.694425000e-01   3.000000000e+02   3.000000000e+02   0.000000000e+00   0.000000000e+00   1.000000000e+00   
0.000000000e+00   0.000000000e+00   3.430795200e-01   9.802272000e-01   3.000000000e+02   3.000000000e+02   0.000000000e+00   0.000000000e+00   1.000000000e+00   
0.000000000e+00   0.000000000e+00   3.466405600e-01   9.904016000e-01   3.000000000e+02   3.000000000e+02   0.000000000e+00   0.000000000e+00   1.000000000e+00   
0.000000000e+00   0.000000000e+00   3.500000000e-01   1.000000000e+00   2.997000000e+02   2.997000000e+02   0.000000000e+00   0.000000000e+00   1.000000000e+00   

2.056387203e-07   4.196708578e-07   1.000000000e-13   2.857146839e-13   3.000000000e+02   3.000000000e+02   1.283591619e-21   0.000000000e+00   1.000000000e+00   
2.056387203e-07   4.196708578e-07   2.298057947e-02   6.565889000e-02   3.000000000e+02   3.000000000e+02   4.278638730e-22   0.000000000e+00   1.000000000e+00   
2.056387203e-07   4.196708578e-07   4.466035775e-02   1.276012000e-01   3.000000000e+02   3.000000000e+02   2.170935269e-22   0.000000000e+00   1.000000000e+00   
2.056387203e-07   4.196708578e-07   6.511299925e-02   1.860374000e-01   3.000000000e+02   3.000000000e+02   1.333318212e-22   0.000000000e+00   1.000000000e+00   
2.056387203e-07   4.196708578e-07   8.440794735e-02   2.411659000e-01   3.000000000e+02   3.000000000e+02   9.149969642e-23   0.000000000e+00   1.000000000e+00   
2.056387203e-07   4.196708578e-07   1.026107220e-01   2.931739000e-01   3.000000000e+02   3.000000000e+02   6.753777689e-23   0.000000000e+00   1.000000000e+00   
2.056387203e-07   4.196708578e-07   1.197831330e-01   3.422380000e-01   3.000000000e+02   3.000000000e+02   5.248811940e-23   0.000000000e+00   1.000000000e+00   
2.056387203e-07   4.196708578e-07   1.359835605e-01   3.885250000e-01   3.000000000e+02   3.000000000e+02   4.238825396e-23   0.000000000e+00   1.000000000e+00   
2.056387203e-07   4.196708578e-07   1.512669542e-01   4.321919000e-01   3.000000000e+02   3.000000000e+02   3.526266365e-23   0.000000000e+00   1.000000000e+00   
2.056387203e-07   4.196708578e-07   1.656852541e-01   4.733871000e-01   3.000000000e+02   3.000000000e+02   3.003520309e-23   0.000000000e+00   1.000000000e+00   
2.056387203e-07   4.196708578e-07   1.792874251e-01   5.122505000e-01   3.000000000e+02   3.000000000e+02   2.607820301e-23   0.000000000e+00   1.000000000e+00   
2.056387203e-07   4.196708578e-07   1.921196672e-01   5.489141000e-01   3.000000000e+02   3.000000000e+02   2.300505179e-23   0.000000000e+00   1.000000000e+00   
2.056387203e-07   4.196708578e-07   2.042255204e-01   5.835023000e-01   3.000000000e+02   3.000000000e+02   2.056678214e-23   0.000000000e+00   1.000000000e+00   
2.056387203e-07   4.196708578e-07   2.156461794e-01   6.161328000e-01   3.000000000e+02   3.000000000e+02   1.859698322e-23   0.000000000e+00   1.000000000e+00   
2.056387203e-07   4.196708578e-07   2.264203544e-01   6.469162000e-01   3.000000000e+02   3.000000000e+02   1.698091517e-23   0.000000000e+00   1.000000000e+00   
2.056387203e-07   4.196708578e-07   2.365846903e-01   6.759572000e-01   3.000000000e+02   3.000000000e+02   1.563727369e-23   0.000000000e+00   1.000000000e+00   
2.056387203e-07   4.196708578e-07   2.461736969e-01   7.033544000e-01   3.000000000e+02   3.000000000e+02   1.450710633e-23   0.000000000e+00   1.000000000e+00   
2.056387203e-07   4.196708578e-07   2.552199243e-01   7.292008000e-01   3.000000000e+02   3.000000000e+02   1.354677966e-23   0.000000000e+00   1.000000000e+00   
2.056387203e-07   4.196708578e-07   2.637541024e-01   7.535842000e-01   3.000000000e+02   3.000000000e+02   1.272340798e-23   0.000000000e+00   1.000000000e+00   
2.056387203e-07   4.196708578e-07   2.718051762e-01   7.765873000e-01   3.000000000e+02   3.000000000e+02   1.201181027e-23   0.000000000e+00   1.000000000e+00   
2.056387203e-07   4.196708578e-07   2.794005856e-01   7.982885000e-01   3.000000000e+02   3.000000000e+02   1.139241258e-23   0.000000000e+00   1.000000000e+00   
2.056387203e-07   4.196708578e-07   2.865660206e-01   8.187612000e-01   3.000000000e+02   3.000000000e+02   1.084982411e-23   0.000000000e+00   1.000000000e+00   
2.056387203e-07   4.196708578e-07   2.933258762e-01   8.380751000e-01   3.000000000e+02   3.000000000e+02   1.037177752e-23   0.000000000e+00   1.000000000e+00   
2.056387203e-07   4.196708578e-07   2.997031123e-01   8.562958000e-01   3.000000000e+02   3.000000000e+02   9.948403098e-24   0.000000000e+00   1.000000000e+00   
2.056387203e-07   4.196708578e-07   3.057193589e-01   8.734851000e-01   3.000000000e+02   3.000000000e+02   9.571681161e-24   0.000000000e+00   1.000000000e+00   
2.056387203e-07   4.196708578e-07   3.113950910e-01   8.897015000e-01   3.000000000e+02   3.000000000e+02   9.235031261e-24   0.000000000e+00   1.000000000e+00   
2.056387203e-07   4.196708578e-07   3.167495235e-01   9.049999000e-01   3.000000000e+02   3.000000000e+02   8.933018603e-24   0.000000000e+00   1.000000000e+00   
2.056387203e-07   4.196708578e-07   3.218008915e-01   9.194324000e-01   3.000000000e+02   3.000000000e+02   8.670421774e-24   0.000000000e+00   1.000000000e+00   
2.056387203e-07   4.196708578e-07   3.265663098e-01   9.330479000e-01   3.000000000e+02   3.000000000e+02   1.991898173e-22   0.000000000e+00   1.000000000e+00   
2.056387203e-07   4.196708578e-07   3.310620186e-01   9.458928000e-01   3.000000000e+02   3.000000000e+02   5.422610963e-17   0.000000000e+00   1.000000000e+00   
2.056387203e-07   4.196708578e-07   3.353032427e-01   9.580106000e-01   3.000000000e+02   3.000000000e+02   2.223551629e-13   0.000000000e+00   1.000000000e+00   
2.056387203e-07   4.196708578e-07   3.393044021e-01   9.694425000e-01   3.000000000e+02   3.000000000e+02   5.914462350e-10   0.000000000e+00   1.000000000e+00   
2.056387203e-07   4.196708578e-07   3.430790418e-01   9.802272000e-01   3.000000260e+02   3.000000000e+02   9.160568002e-07   0.000000000e+00   1.000000000e+00   
2.056387203e-07   4.196708578e-07   3.466400769e-01   9.904016000e-01   3.000379659e+02   3.000000000e+02   5.906259934e-04   0.000000000e+00   1.000000000e+00   
2.056387203e-07   4.196708578e-07   3.499995122e-01   1.000000000e+00   3.237897214e+02   6.480000000e+02   6.424417961e-04   0.000000000e+00   1.000000000e+00   

3.334002654e-06   6.804087049e-06   1.000000000e-13   2.857311326e-13   3.000000000e+02   3.000000000e+02   4.863847595e-25   0.000000000e+00   1.000000000e+00   
3.334002654e-06   6.804087049e-06   2.297925655e-02   6.565889000e-02   3.000000000e+02   3.000000000e+02   1.621282512e-25   0.000000000e+00   1.000000000e+00   
3.334002654e-06   6.804087049e-06   4.465778679e-02   1.276012000e-01   3.000000000e+02   3.000000000e+02   8.226213075e-26   0.000000000e+00   1.000000000e+00   
3.334002654e-06   6.804087049e-06   6.510925088e-02   1.860374000e-01   3.000000000e+02   3.000000000e+02   5.052273952e-26   0.000000000e+00   1.000000000e+00   
3.334002654e-06   6.804087049e-06   8.440308823e-02   2.411659000e-01   3.000000000e+02   3.000000000e+02   3.467150816e-26   0.000000000e+00   1.000000000e+00   
3.334002654e-06   6.804087049e-06   1.026048150e-01   2.931739000e-01   3.000000000e+02   3.000000000e+02   2.559174155e-26   0.000000000e+00   1.000000000e+00   
3.334002654e-06   6.804087049e-06   1.197762375e-01   3.422380000e-01   3.000000000e+02   3.000000000e+02   1.988905244e-26   0.000000000e+00   1.000000000e+00   
3.334002654e-06   6.804087049e-06   1.359757323e-01   3.885250000e-01   3.000000000e+02   3.000000000e+02   1.606196250e-26   0.000000000e+00   1.000000000e+00   
3.334002654e-06   6.804087049e-06   1.512582462e-01   4.321919000e-01   3.000000000e+02   3.000000000e+02   1.336189931e-26   0.000000000e+00   1.000000000e+00   
3.334002654e-06   6.804087049e-06   1.656757161e-01   4.733871000e-01   3.000000000e+02   3.000000000e+02   1.138108463e-26   0.000000000e+00   1.000000000e+00   
3.334002654e-06   6.804087049e-06   1.792771041e-01   5.122505000e-01   3.000000000e+02   3.000000000e+02   9.881678992e-27   0.000000000e+00   1.000000000e+00   
3.334002654e-06   6.804087049e-06   1.921086075e-01   5.489141000e-01   3.000000000e+02   3.000000000e+02   8.717185647e-27   0.000000000e+00   1.000000000e+00   
3.334002654e-06   6.804087049e-06   2.042137637e-01   5.835023000e-01   3.000000000e+02   3.000000000e+02   7.793264701e-27   0.000000000e+00   1.000000000e+00   
3.334002654e-06   6.804087049e-06   2.156337653e-01   6.161328000e-01   3.000000000e+02   3.000000000e+02   7.046858953e-27   0.000000000e+00   1.000000000e+00   
3.334002654e-06   6.804087049e-06   2.264073201e-01   6.469162000e-01   3.000000000e+02   3.000000000e+02   6.434490615e-27   0.000000000e+00   1.000000000e+00   
3.334002654e-06   6.804087049e-06   2.365710708e-01   6.759572000e-01   3.000000000e+02   3.000000000e+02   5.925351478e-27   0.000000000e+00   1.000000000e+00   
3.334002654e-06   6.804087049e-06   2.461595254e-01   7.033544000e-01   3.000000000e+02   3.000000000e+02   5.497102986e-27   0.000000000e+00   1.000000000e+00   
3.334002654e-06   6.804087049e-06   2.552052320e-01   7.292008000e-01   3.000000000e+02   3.000000000e+02   5.133211354e-27   0.000000000e+00   1.000000000e+00   
3.334002654e-06   6.804087049e-06   2.637389188e-01   7.535842000e-01   3.000000000e+02   3.000000000e+02   4.821215366e-27   0.000000000e+00   1.000000000e+00   
3.334002654e-06   6.804087049e-06   2.717895291e-01   7.765873000e-01   3.000000000e+02   3.000000000e+02   4.551573313e-27   0.000000000e+00   1.000000000e+00   
3.334002654e-06   6.804087049e-06   2.793845013e-01   7.982885000e-01   3.000000000e+02   3.000000000e+02   4.316868141e-27   0.000000000e+00   1.000000000e+00   
3.334002654e-06   6.804087049e-06   2.865495238e-01   8.187612000e-01   3.000000000e+02   3.000000000e+02   4.111267888e-27   0.000000000e+00   1.000000000e+00   
3.334002654e-06   6.804087049e-06   2.933089903e-01   8.380751000e-01   3.000000000e+02   3.000000000e+02   3.930123542e-27   0.000000000e+00   1.000000000e+00   
3.334002654e-06   6.804087049e-06   2.996858592e-01   8.562958000e-01   3.000000000e+02   3.000000000e+02   3.768453728e-27   0.000000000e+00   1.000000000e+00   
3.334002654e-06   6.804087049e-06   3.057017595e-01   8.734851000e-01   3.000000000e+02   3.000000000e+02   1.993005147e-27   0.000000000e+00   1.000000000e+00   
3.334002654e-06   6.804087049e-06   3.113771649e-01   8.897015000e-01   3.000000000e+02   3.000000000e+02   -1.513942389e-24  0.000000000e+00   1.000000000e+00   
3.334002654e-06   6.804087049e-06   3.167312892e-01   9.049999000e-01   3.000000000e+02   3.000000000e+02   1.042493315e-22   0.000000000e+00   1.000000000e+00   
3.334002654e-06   6.804087049e-06   3.217823663e-01   9.194324000e-01   3.000000000e+02   3.000000000e+02   1.735514388e-17   0.000000000e+00   1.000000000e+00   
3.334002654e-06   6.804087049e-06   3.265475104e-01   9.330479000e-01   3.000000000e+02   3.000000000e+02   8.101134494e-15   0.000000000e+00   1.000000000e+00   
3.334002654e-06   6.804087049e-06   3.310429603e-01   9.458928000e-01   3.000000000e+02   3.000000000e+02   2.675948662e-12   0.000000000e+00   1.000000000e+00   
3.334002654e-06   6.804087049e-06   3.352839402e-01   9.580106000e-01   3.000000001e+02   3.000000000e+02   6.314320607e-10   0.000000000e+00   1.000000000e+00   
3.334002654e-06   6.804087049e-06   3.392848693e-01   9.694425000e-01   3.000000296e+02   3.000000000e+02   9.842241689e-08   0.000000000e+00   1.000000000e+00   
3.334002654e-06   6.804087049e-06   3.430592918e-01   9.802272000e-01   3.000043534e+02   3.000000000e+02   8.724856192e-06   0.000000000e+00   1.000000000e+00   
3.334002654e-06   6.804087049e-06   3.466201218e-01   9.904016000e-01   3.003658307e+02   3.000000000e+02   2.894379348e-04   0.000000000e+00   1.000000000e+00   
3.334002654e-06   6.804087049e-06   3.499793637e-01   1.000000000e+00   3.118161827e+02   6.480000000e+02   -4.256973799e-03  0.000000000e+00   1.000000000e+00   

3.210754918e-05   6.552561057e-05   1.000000000e-13   2.857495528e-13   3.000000000e+02   3.000000000e+02   1.381057414e-22   0.000000000e+00   1.000000000e+00   
3.210754918e-05   6.552561057e-05   2.297777524e-02   6.565889000e-02   3.000000000e+02   3.000000000e+02   4.603524712e-23   0.000000000e+00   1.000000000e+00   
3.210754918e-05   6.552561057e-05   4.465490803e-02   1.276012000e-01   3.000000000e+02   3.000000000e+02   2.335778922e-23   0.000000000e+00   1.000000000e+00   
3.210754918e-05   6.552561057e-05   6.510505377e-02   1.860374000e-01   3.000000000e+02   3.000000000e+02   1.434559851e-23   0.000000000e+00   1.000000000e+00   
3.210754918e-05   6.552561057e-05   8.439764739e-02   2.411659000e-01   3.000000000e+02   3.000000000e+02   9.844745963e-24   0.000000000e+00   1.000000000e+00   
3.210754918e-05   6.552561057e-05   1.025982008e-01   2.931739000e-01   3.000000000e+02   3.000000000e+02   7.266606146e-24   0.000000000e+00   1.000000000e+00   
3.210754918e-05   6.552561057e-05   1.197685164e-01   3.422380000e-01   3.000000000e+02   3.000000000e+02   5.647365202e-24   0.000000000e+00   1.000000000e+00   
3.210754918e-05   6.552561057e-05   1.359669669e-01   3.885250000e-01   3.000000000e+02   3.000000000e+02   4.560688269e-24   0.000000000e+00   1.000000000e+00   
3.210754918e-05   6.552561057e-05   1.512484957e-01   4.321919000e-01   3.000000000e+02   3.000000000e+02   3.794023141e-24   0.000000000e+00   1.000000000e+00   
3.210754918e-05   6.552561057e-05   1.656650362e-01   4.733871000e-01   3.000000000e+02   3.000000000e+02   3.231583884e-24   0.000000000e+00   1.000000000e+00   
3.210754918e-05   6.552561057e-05   1.792655474e-01   5.122505000e-01   3.000000000e+02   3.000000000e+02   2.805837547e-24   0.000000000e+00   1.000000000e+00   
3.210754918e-05   6.552561057e-05   1.920962236e-01   5.489141000e-01   3.000000000e+02   3.000000000e+02   2.475187346e-24   0.000000000e+00   1.000000000e+00   
3.210754918e-05   6.552561057e-05   2.042005995e-01   5.835023000e-01   3.000000000e+02   3.000000000e+02   2.212846090e-24   0.000000000e+00   1.000000000e+00   
3.210754918e-05   6.552561057e-05   2.156198650e-01   6.161328000e-01   3.000000000e+02   3.000000000e+02   2.000909103e-24   0.000000000e+00   1.000000000e+00   
3.210754918e-05   6.552561057e-05   2.263927253e-01   6.469162000e-01   3.000000000e+02   3.000000000e+02   1.827031155e-24   0.000000000e+00   1.000000000e+00   
3.210754918e-05   6.552561057e-05   2.365558208e-01   6.759572000e-01   3.000000000e+02   3.000000000e+02   1.682464457e-24   0.000000000e+00   1.000000000e+00   
3.210754918e-05   6.552561057e-05   2.461436573e-01   7.033544000e-01   3.000000000e+02   3.000000000e+02   1.560866123e-24   0.000000000e+00   1.000000000e+00   
3.210754918e-05   6.552561057e-05   2.551887808e-01   7.292008000e-01   3.000000000e+02   3.000000000e+02   1.457541496e-24   0.000000000e+00   1.000000000e+00   
3.210754918e-05   6.552561057e-05   2.637219175e-01   7.535842000e-01   3.000000000e+02   3.000000000e+02   1.368952295e-24   0.000000000e+00   1.000000000e+00   
3.210754918e-05   6.552561057e-05   2.717720089e-01   7.765873000e-01   3.000000000e+02   3.000000000e+02   1.292389408e-24   0.000000000e+00   1.000000000e+00   
3.210754918e-05   6.552561057e-05   2.793664915e-01   7.982885000e-01   3.000000000e+02   3.000000000e+02   1.225756314e-24   0.000000000e+00   1.000000000e+00   
3.210754918e-05   6.552561057e-05   2.865310521e-01   8.187612000e-01   3.000000000e+02   3.000000000e+02   1.168086648e-24   0.000000000e+00   1.000000000e+00   
3.210754918e-05   6.552561057e-05   2.932900828e-01   8.380751000e-01   3.000000000e+02   3.000000000e+02   1.766852954e-24   0.000000000e+00   1.000000000e+00   
3.210754918e-05   6.552561057e-05   2.996665407e-01   8.562958000e-01   3.000000000e+02   3.000000000e+02   4.593137198e-22   0.000000000e+00   1.000000000e+00   
3.210754918e-05   6.552561057e-05   3.056820532e-01   8.734851000e-01   3.000000000e+02   3.000000000e+02   1.205173849e-17   0.000000000e+00   1.000000000e+00   
3.210754918e-05   6.552561057e-05   3.113570927e-01   8.897015000e-01   3.000000000e+02   3.000000000e+02   1.282953099e-15   0.000000000e+00   1.000000000e+00   
3.210754918e-05   6.552561057e-05   3.167108719e-01   9.049999000e-01   3.000000000e+02   3.000000000e+02   9.942787311e-14   0.000000000e+00   1.000000000e+00   
3.210754918e-05   6.552561057e-05   3.217616234e-01   9.194324000e-01   3.000000000e+02   3.000000000e+02   6.026661279e-12   0.000000000e+00   1.000000000e+00   
3.210754918e-05   6.552561057e-05   3.265264603e-01   9.330479000e-01   3.000000003e+02   3.000000000e+02   2.784563311e-10   0.000000000e+00   1.000000000e+00   
3.210754918e-05   6.552561057e-05   3.310216204e-01   9.458928000e-01   3.000000150e+02   3.000000000e+02   9.488248934e-09   0.000000000e+00   1.000000000e+00   
3.210754918e-05   6.552561057e-05   3.352623270e-01   9.580106000e-01   3.000004841e+02   3.000000000e+02   2.274224909e-07   0.000000000e+00   1.000000000e+00   
3.210754918e-05   6.552561057e-05   3.392629981e-01   9.694425000e-01   3.000110838e+02   3.000000000e+02   3.561349274e-06   0.000000000e+00   1.000000000e+00   
3.210754918e-05   6.552561057e-05   3.430371773e-01   9.802272000e-01   3.001675657e+02   3.000000000e+02   3.186979796e-05   0.000000000e+00   1.000000000e+00   
3.210754918e-05   6.552561057e-05   3.465977778e-01   9.904016000e-01   3.014891162e+02   3.000000000e+02   1.177080928e-04   0.000000000e+00   1.000000000e+00   
3.210754918e-05   6.552561057e-05   3.499568032e-01   1.000000000e+00   3.061012300e+02   6.480000000e+02   -8.053274979e-06  0.000000000e+00   1.000000000e+00   

2.099198422e-04   4.284078412e-04   1.000000000e-13   2.857527721e-13   3.000000000e+02   3.000000000e+02   -3.882431470e-22  0.000000000e+00   1.000000000e+00   
2.099198422e-04   4.284078412e-04   2.297751638e-02   6.565889000e-02   3.000000000e+02   3.000000000e+02   -1.294143823e-22  0.000000000e+00   1.000000000e+00   
2.099198422e-04   4.284078412e-04   4.465440495e-02   1.276012000e-01   3.000000000e+02   3.000000000e+02   -6.566346557e-23  0.000000000e+00   1.000000000e+00   
2.099198422e-04   4.284078412e-04   6.510432030e-02   1.860374000e-01   3.000000000e+02   3.000000000e+02   -4.032837634e-23  0.000000000e+00   1.000000000e+00   
2.099198422e-04   4.284078412e-04   8.439669657e-02   2.411659000e-01   3.000000000e+02   3.000000000e+02   -2.767557030e-23  0.000000000e+00   1.000000000e+00   
2.099198422e-04   4.284078412e-04   1.025970449e-01   2.931739000e-01   3.000000000e+02   3.000000000e+02   -2.042789829e-23  0.000000000e+00   1.000000000e+00   
2.099198422e-04   4.284078412e-04   1.197671671e-01   3.422380000e-01   3.000000000e+02   3.000000000e+02   -1.587588479e-23  0.000000000e+00   1.000000000e+00   
2.099198422e-04   4.284078412e-04   1.359654351e-01   3.885250000e-01   3.000000000e+02   3.000000000e+02   -1.282101633e-23  0.000000000e+00   1.000000000e+00   
2.099198422e-04   4.284078412e-04   1.512467917e-01   4.321919000e-01   3.000000000e+02   3.000000000e+02   -1.066576573e-23  0.000000000e+00   1.000000000e+00   
2.099198422e-04   4.284078412e-04   1.656631698e-01   4.733871000e-01   3.000000000e+02   3.000000000e+02   -9.084635327e-24  0.000000000e+00   1.000000000e+00   
2.099198422e-04   4.284078412e-04   1.792635278e-01   5.122505000e-01   3.000000000e+02   3.000000000e+02   -7.887776341e-24  0.000000000e+00   1.000000000e+00   
2.099198422e-04   4.284078412e-04   1.920940595e-01   5.489141000e-01   3.000000000e+02   3.000000000e+02   -6.958251809e-24  0.000000000e+00   1.000000000e+00   
2.099198422e-04   4.284078412e-04   2.041982990e-01   5.835023000e-01   3.000000000e+02   3.000000000e+02   -6.220757525e-24  0.000000000e+00   1.000000000e+00   
2.099198422e-04   4.284078412e-04   2.156174358e-01   6.161328000e-01   3.000000000e+02   3.000000000e+02   -5.624959829e-24  0.000000000e+00   1.000000000e+00   
2.099198422e-04   4.284078412e-04   2.263901747e-01   6.469162000e-01   3.000000000e+02   3.000000000e+02   -5.136161146e-24  0.000000000e+00   1.000000000e+00   
2.099198422e-04   4.284078412e-04   2.365531557e-01   6.759572000e-01   3.000000000e+02   3.000000000e+02   -4.731271083e-24  0.000000000e+00   1.000000000e+00   
2.099198422e-04   4.284078412e-04   2.461408843e-01   7.033544000e-01   3.000000000e+02   3.000000000e+02   -4.501794102e-24  0.000000000e+00   1.000000000e+00   
2.099198422e-04   4.284078412e-04   2.551859059e-01   7.292008000e-01   3.000000000e+02   3.000000000e+02   -2.911347883e-24  0.000000000e+00   1.000000000e+00   
2.099198422e-04   4.284078412e-04   2.637189465e-01   7.535842000e-01   3.000000000e+02   3.000000000e+02   -2.391645230e-22  0.000000000e+00   1.000000000e+00   
2.099198422e-04   4.284078412e-04   2.717689471e-01   7.765873000e-01   3.000000000e+02   3.000000000e+02   2.636110081e-18   0.000000000e+00   1.000000000e+00   
2.099198422e-04   4.284078412e-04   2.793633441e-01   7.982885000e-01   3.000000000e+02   3.000000000e+02   1.125124378e-16   0.000000000e+00   1.000000000e+00   
2.099198422e-04   4.284078412e-04   2.865278240e-01   8.187612000e-01   3.000000000e+02   3.000000000e+02   3.631158711e-15   0.000000000e+00   1.000000000e+00   
2.099198422e-04   4.284078412e-04   2.932867786e-01   8.380751000e-01   3.000000000e+02   3.000000000e+02   9.742824401e-14   0.000000000e+00   1.000000000e+00   
2.099198422e-04   4.284078412e-04   2.996631647e-01   8.562958000e-01   3.000000000e+02   3.000000000e+02   2.146373111e-12   0.000000000e+00   1.000000000e+00   
2.099198422e-04   4.284078412e-04   3.056786094e-01   8.734851000e-01   3.000000002e+02   3.000000000e+02   3.846726378e-11   0.000000000e+00   1.000000000e+00   
2.099198422e-04   4.284078412e-04   3.113535850e-01   8.897015000e-01   3.000000027e+02   3.000000000e+02   5.547197040e-10   0.000000000e+00   1.000000000e+00   
2.099198422e-04   4.284078412e-04   3.167073038e-01   9.049999000e-01   3.000000375e+02   3.000000000e+02   6.354869793e-09   0.000000000e+00   1.000000000e+00   
2.099198422e-04   4.284078412e-04   3.217579985e-01   9.194324000e-01   3.000004131e+02   3.000000000e+02   5.698323878e-08   0.000000000e+00   1.000000000e+00   
2.099198422e-04   4.284078412e-04   3.265227816e-01   9.330479000e-01   3.000035863e+02   3.000000000e+02   3.930513470e-07   0.000000000e+00   1.000000000e+00   
2.099198422e-04   4.284078412e-04   3.310178911e-01   9.458928000e-01   3.000242138e+02   3.000000000e+02   2.044085381e-06   0.000000000e+00   1.000000000e+00   
2.099198422e-04   4.284078412e-04   3.352585499e-01   9.580106000e-01   3.001253262e+02   3.000000000e+02   7.837062864e-06   0.000000000e+00   1.000000000e+00   
2.099198422e-04   4.284078412e-04   3.392591760e-01   9.694425000e-01   3.004908076e+02   3.000000000e+02   2.165857292e-05   0.000000000e+00   1.000000000e+00   
2.099198422e-04   4.284078412e-04   3.430333126e-01   9.802272000e-01   3.014432884e+02   3.000000000e+02   4.244569216e-05   0.000000000e+00   1.000000000e+00   
2.099198422e-04   4.284078412e-04   3.465938730e-01   9.904016000e-01   3.032042433e+02   3.000000000e+02   5.937181958e-05   0.000000000e+00   1.000000000e+00   
2.099198422e-04   4.284078412e-04   3.499528605e-01   1.000000000e+00   3.055307351e+02   6.480000000e+02   6.306844975e-05   0.000000000e+00   1.000000000e+00   

1.427526008e-03   2.913318384e-03   1.000000000e-13   2.857513532e-13   3.000000000e+02   3.000000000e+02   -4.191567406e-21  0.000000000e+00   1.000000000e+00   
1.427526008e-03   2.913318384e-03   2.297763047e-02   6.565889000e-02   3.000000000e+02   3.000000000e+02   -1.397189135e-21  0.000000000e+00   1.000000000e+00   
1.427526008e-03   2.913318384e-03   4.465462667e-02   1.276012000e-01   3.000000000e+02   3.000000000e+02   -7.089187383e-22  0.000000000e+00   1.000000000e+00   
1.427526008e-03   2.913318384e-03   6.510464356e-02   1.860374000e-01   3.000000000e+02   3.000000000e+02   -4.353949431e-22  0.000000000e+00   1.000000000e+00   
1.427526008e-03   2.913318384e-03   8.439711563e-02   2.411659000e-01   3.000000000e+02   3.000000000e+02   -2.987917125e-22  0.000000000e+00   1.000000000e+00   
1.427526008e-03   2.913318384e-03   1.025975544e-01   2.931739000e-01   3.000000000e+02   3.000000000e+02   -2.205288909e-22  0.000000000e+00   1.000000000e+00   
1.427526008e-03   2.913318384e-03   1.197677618e-01   3.422380000e-01   3.000000000e+02   3.000000000e+02   -1.709600616e-22  0.000000000e+00   1.000000000e+00   
1.427526008e-03   2.913318384e-03   1.359661103e-01   3.885250000e-01   3.000000000e+02   3.000000000e+02   -1.282539988e-22  0.000000000e+00   1.000000000e+00   
1.427526008e-03   2.913318384e-03   1.512475427e-01   4.321919000e-01   3.000000000e+02   3.000000000e+02   8.026234927e-23   0.000000000e+00   1.000000000e+00   
1.427526008e-03   2.913318384e-03   1.656639924e-01   4.733871000e-01   3.000000000e+02   3.000000000e+02   3.944798392e-21   0.000000000e+00   1.000000000e+00   
1.427526008e-03   2.913318384e-03   1.792644179e-01   5.122505000e-01   3.000000000e+02   3.000000000e+02   1.509816751e-19   0.000000000e+00   1.000000000e+00   
1.427526008e-03   2.913318384e-03   1.920950133e-01   5.489141000e-01   3.000000000e+02   3.000000000e+02   7.644848284e-18   0.000000000e+00   1.000000000e+00   
1.427526008e-03   2.913318384e-03   2.041993129e-01   5.835023000e-01   3.000000000e+02   3.000000000e+02   1.315114043e-16   0.000000000e+00   1.000000000e+00   
1.427526008e-03   2.913318384e-03   2.156185064e-01   6.161328000e-01   3.000000000e+02   3.000000000e+02   2.027321986e-15   0.000000000e+00   1.000000000e+00   
1.427526008e-03   2.913318384e-03   2.263912988e-01   6.469162000e-01   3.000000000e+02   3.000000000e+02   2.698272086e-14   0.000000000e+00   1.000000000e+00   
1.427526008e-03   2.913318384e-03   2.365543303e-01   6.759572000e-01   3.000000000e+02   3.000000000e+02   3.094524124e-13   0.000000000e+00   1.000000000e+00   
1.427526008e-03   2.913318384e-03   2.461421064e-01   7.033544000e-01   3.000000000e+02   3.000000000e+02   3.046761464e-12   0.000000000e+00   1.000000000e+00   
1.427526008e-03   2.913318384e-03   2.551871729e-01   7.292008000e-01   3.000000004e+02   3.000000000e+02   2.565894815e-11   0.000000000e+00   1.000000000e+00   
1.427526008e-03   2.913318384e-03   2.637202559e-01   7.535842000e-01   3.000000030e+02   3.000000000e+02   1.842216932e-10   0.000000000e+00   1.000000000e+00   
1.427526008e-03   2.913318384e-03   2.717702965e-01   7.765873000e-01   3.000000206e+02   3.000000000e+02   1.124316869e-09   0.000000000e+00   1.000000000e+00   
1.427526008e-03   2.913318384e-03   2.793647312e-01   7.982885000e-01   3.000001218e+02   3.000000000e+02   5.820597375e-09   0.000000000e+00   1.000000000e+00   
1.427526008e-03   2.913318384e-03   2.865292467e-01   8.187612000e-01   3.000006148e+02   3.000000000e+02   2.553480389e-08   0.000000000e+00   1.000000000e+00   
1.427526008e-03   2.913318384e-03   2.932882349e-01   8.380751000e-01   3.000026512e+02   3.000000000e+02   9.498522251e-08   0.000000000e+00   1.000000000e+00   
1.427526008e-03   2.913318384e-03   2.996646526e-01   8.562958000e-01   3.000097847e+02   3.000000000e+02   3.004210169e-07   0.000000000e+00   1.000000000e+00   
1.427526008e-03   2.913318384e-03   3.056801272e-01   8.734851000e-01   3.000310357e+02   3.000000000e+02   8.122328581e-07   0.000000000e+00   1.000000000e+00   
1.427526008e-03   2.913318384e-03   3.113551309e-01   8.897015000e-01   3.000851632e+02   3.000000000e+02   1.892719017e-06   0.000000000e+00   1.000000000e+00   
1.427526008e-03   2.913318384e-03   3.167088763e-01   9.049999000e-01   3.002040074e+02   3.000000000e+02   3.843284216e-06   0.000000000e+00   1.000000000e+00   
1.427526008e-03   2.913318384e-03   3.217595961e-01   9.194324000e-01   3.004314253e+02   3.000000000e+02   6.889819096e-06   0.000000000e+00   1.000000000e+00   
1.427526008e-03   2.913318384e-03   3.265244029e-01   9.330479000e-01   3.008156825e+02   3.000000000e+02   1.106048646e-05   0.000000000e+00   1.000000000e+00   
1.427526008e-03   2.913318384e-03   3.310195347e-01   9.458928000e-01   3.013971881e+02   3.000000000e+02   1.613085537e-05   0.000000000e+00   1.000000000e+00   
1.427526008e-03   2.913318384e-03   3.352602146e-01   9.580106000e-01   3.021967939e+02   3.000000000e+02   2.167118418e-05   0.000000000e+00   1.000000000e+00   
1.427526008e-03   2.913318384e-03   3.392608605e-01   9.694425000e-01   3.032098619e+02   3.000000000e+02   2.716906563e-05   0.000000000e+00   1.000000000e+00   
1.427526008e-03   2.913318384e-03   3.430350159e-01   9.802272000e-01   3.044079392e+02   3.000000000e+02   3.216415323e-05   0.000000000e+00   1.000000000e+00   
1.427526008e-03   2.913318384e-03   3.465955940e-01   9.904016000e-01   3.057463761e+02   3.000000000e+02   3.634078533e-05   0.000000000e+00   1.000000000e+00   
1.427526008e-03   2.913318384e-03   3.499545982e-01   1.000000000e+00   3.071739448e+02   6.480000000e+02   3.961188231e-05   0.000000000e+00   1.000000000e+00   

1.393908000e-02   2.844710205e-02   1.000000000e-13   2.857912784e-13   3.000000001e+02   3.000000000e+02   1.322097346e-22   0.000000000e+00   1.000000000e+00   
1.393908000e-02   2.844710205e-02   2.297442048e-02   6.565889000e-02   3.000000001e+02   3.000000000e+02   4.475795862e-13   0.000000000e+00   1.000000000e+00   
1.393908000e-02   2.844710205e-02   4.464838840e-02   1.276012000e-01   3.000000002e+02   3.000000000e+02   2.350786714e-12   0.000000000e+00   1.000000000e+00   
1.393908000e-02   2.844710205e-02   6.509554841e-02   1.860374000e-01   3.000000009e+02   3.000000000e+02   1.163043578e-11   0.000000000e+00   1.000000000e+00   
1.393908000e-02   2.844710205e-02   8.438532531e-02   2.411659000e-01   3.000000040e+02   3.000000000e+02   5.322160994e-11   0.000000000e+00   1.000000000e+00   
1.393908000e-02   2.844710205e-02   1.025832214e-01   2.931739000e-01   3.000000170e+02   3.000000000e+02   2.207287769e-10   0.000000000e+00   1.000000000e+00   
1.393908000e-02   2.844710205e-02   1.197510302e-01   3.422380000e-01   3.000000668e+02   3.000000000e+02   8.223641443e-10   0.000000000e+00   1.000000000e+00   
1.393908000e-02   2.844710205e-02   1.359471157e-01   3.885250000e-01   3.000002386e+02   3.000000000e+02   2.744399600e-09   0.000000000e+00   1.000000000e+00   
1.393908000e-02   2.844710205e-02   1.512264133e-01   4.321919000e-01   3.000007719e+02   3.000000000e+02   8.208147929e-09   0.000000000e+00   1.000000000e+00   
1.393908000e-02   2.844710205e-02   1.656408490e-01   4.733871000e-01   3.000022586e+02   3.000000000e+02   2.206576277e-08   0.000000000e+00   1.000000000e+00   
1.393908000e-02   2.844710205e-02   1.792393746e-01   5.122505000e-01   3.000059926e+02   3.000000000e+02   5.356599512e-08   0.000000000e+00   1.000000000e+00   
1.393908000e-02   2.844710205e-02   1.920681775e-01   5.489141000e-01   3.000144748e+02   3.000000000e+02   1.181266216e-07   0.000000000e+00   1.000000000e+00   
1.393908000e-02   2.844710205e-02   2.041707862e-01   5.835023000e-01   3.000320011e+02   3.000000000e+02   2.382784212e-07   0.000000000e+00   1.000000000e+00   
1.393908000e-02   2.844710205e-02   2.155883844e-01   6.161328000e-01   3.000651605e+02   3.000000000e+02   4.429230948e-07   0.000000000e+00   1.000000000e+00   
1.393908000e-02   2.844710205e-02   2.263596718e-01   6.469162000e-01   3.001230225e+02   3.000000000e+02   7.645149337e-07   0.000000000e+00   1.000000000e+00   
1.393908000e-02   2.844710205e-02   2.365212835e-01   6.759572000e-01   3.002168427e+02   3.000000000e+02   1.234599994e-06   0.000000000e+00   1.000000000e+00   
1.393908000e-02   2.844710205e-02   2.461077202e-01   7.033544000e-01   3.003592494e+02   3.000000000e+02   1.878788802e-06   0.000000000e+00   1.000000000e+00   
1.393908000e-02   2.844710205e-02   2.551515232e-01   7.292008000e-01   3.005630388e+02   3.000000000e+02   2.712490318e-06   0.000000000e+00   1.000000000e+00   
1.393908000e-02   2.844710205e-02   2.636834140e-01   7.535842000e-01   3.008398260e+02   3.000000000e+02   3.738407474e-06   0.000000000e+00   1.000000000e+00   
1.393908000e-02   2.844710205e-02   2.717323301e-01   7.765873000e-01   3.011988172e+02   3.000000000e+02   4.946171807e-06   0.000000000e+00   1.000000000e+00   
1.393908000e-02   2.844710205e-02   2.793257038e-01   7.982885000e-01   3.016459314e+02   3.000000000e+02   6.313944611e-06   0.000000000e+00   1.000000000e+00   
1.393908000e-02   2.844710205e-02   2.864892185e-01   8.187612000e-01   3.021833415e+02   3.000000000e+02   7.811254696e-06   0.000000000e+00   1.000000000e+00   
1.393908000e-02   2.844710205e-02   2.932472623e-01   8.380751000e-01   3.028094982e+02   3.000000000e+02   9.402536165e-06   0.000000000e+00   1.000000000e+00   
1.393908000e-02   2.844710205e-02   2.996227893e-01   8.562958000e-01   3.035194878e+02   3.000000000e+02   1.105047866e-05   0.000000000e+00   1.000000000e+00   
1.393908000e-02   2.844710205e-02   3.056374235e-01   8.734851000e-01   3.043056469e+02   3.000000000e+02   1.271893000e-05   0.000000000e+00   1.000000000e+00   
1.393908000e-02   2.844710205e-02   3.113116345e-01   8.897015000e-01   3.051583130e+02   3.000000000e+02   1.437506596e-05   0.000000000e+00   1.000000000e+00   
1.393908000e-02   2.844710205e-02   3.166646320e-01   9.049999000e-01   3.060665530e+02   3.000000000e+02   1.599071530e-05   0.000000000e+00   1.000000000e+00   
1.393908000e-02   2.844710205e-02   3.217146461e-01   9.194324000e-01   3.070188870e+02   3.000000000e+02   1.754308471e-05   0.000000000e+00   1.000000000e+00   
1.393908000e-02   2.844710205e-02   3.264787873e-01   9.330479000e-01   3.080038376e+02   3.000000000e+02   1.901481817e-05   0.000000000e+00   1.000000000e+00   
1.393908000e-02   2.844710205e-02   3.309732911e-01   9.458928000e-01   3.090104210e+02   3.000000000e+02   2.039373820e-05   0.000000000e+00   1.000000000e+00   
1.393908000e-02   2.844710205e-02   3.352133785e-01   9.580106000e-01   3.100284321e+02   3.000000000e+02   2.167225565e-05   0.000000000e+00   1.000000000e+00   
1.393908000e-02   2.844710205e-02   3.392134656e-01   9.694425000e-01   3.110486888e+02   3.000000000e+02   2.284671615e-05   0.000000000e+00   1.000000000e+00   
1.393908000e-02   2.844710205e-02   3.429870937e-01   9.802272000e-01   3.120631145e+02   3.000000000e+02   2.391665604e-05   0.000000000e+00   1.000000000e+00   
1.393908000e-02   2.844710205e-02   3.465471744e-01   9.904016000e-01   3.130648258e+02   3.000000000e+02   2.488415177e-05   0.000000000e+00   1.000000000e+00   
1.393908000e-02   2.844710205e-02   3.499057093e-01   1.000000000e+00   3.140480202e+02   6.480000000e+02   2.577783760e-05   0.000000000e+00   1.000000000e+00   

1.614246002e-01   3.294379595e-01   1.000000000e-13   2.900512824e-13   3.068981910e+02   3.000000000e+02   7.567956510e-22   0.000000000e+00   1.000000000e+00   
1.614246002e-01   3.294379595e-01   2.263699352e-02   6.565889000e-02   3.068981910e+02   3.000000000e+02   8.131163375e-07   0.000000000e+00   1.000000000e+00   
1.614246002e-01   3.294379595e-01   4.399263432e-02   1.276012000e-01   3.071442559e+02   3.000000000e+02   1.589483634e-06   0.000000000e+00   1.000000000e+00   
1.614246002e-01   3.294379595e-01   6.413948542e-02   1.860374000e-01   3.075754573e+02   3.000000000e+02   2.337733453e-06   0.000000000e+00   1.000000000e+00   
1.614246002e-01   3.294379595e-01   8.314595198e-02   2.411659000e-01   3.081530151e+02   3.000000000e+02   3.062029593e-06   0.000000000e+00   1.000000000e+00   
1.614246002e-01   3.294379595e-01   1.010765743e-01   2.931739000e-01   3.088500992e+02   3.000000000e+02   3.763743118e-06   0.000000000e+00   1.000000000e+00   
1.614246002e-01   3.294379595e-01   1.179922382e-01   3.422380000e-01   3.096450767e+02   3.000000000e+02   4.442227212e-06   0.000000000e+00   1.000000000e+00   
1.614246002e-01   3.294379595e-01   1.339504507e-01   3.885250000e-01   3.105193048e+02   3.000000000e+02   5.095592653e-06   0.000000000e+00   1.000000000e+00   
1.614246002e-01   3.294379595e-01   1.490053402e-01   4.321919000e-01   3.114562209e+02   3.000000000e+02   5.721485461e-06   0.000000000e+00   1.000000000e+00   
1.614246002e-01   3.294379595e-01   1.632080700e-01   4.733871000e-01   3.124409476e+02   3.000000000e+02   6.317434654e-06   0.000000000e+00   1.000000000e+00   
1.614246002e-01   3.294379595e-01   1.766068730e-01   5.122505000e-01   3.134600947e+02   3.000000000e+02   6.881267756e-06   0.000000000e+00   1.000000000e+00   
1.614246002e-01   3.294379595e-01   1.892472584e-01   5.489141000e-01   3.145016684e+02   3.000000000e+02   7.411145476e-06   0.000000000e+00   1.000000000e+00   
1.614246002e-01   3.294379595e-01   2.011721152e-01   5.835023000e-01   3.155550128e+02   3.000000000e+02   7.905815117e-06   0.000000000e+00   1.000000000e+00   
1.614246002e-01   3.294379595e-01   2.124220224e-01   6.161328000e-01   3.166107792e+02   3.000000000e+02   8.364581247e-06   0.000000000e+00   1.000000000e+00   
1.614246002e-01   3.294379595e-01   2.230351111e-01   6.469162000e-01   3.176608511e+02   3.000000000e+02   8.787318947e-06   0.000000000e+00   1.000000000e+00   
1.614246002e-01   3.294379595e-01   2.330474785e-01   6.759572000e-01   3.186983087e+02   3.000000000e+02   9.174400263e-06   0.000000000e+00   1.000000000e+00   
1.614246002e-01   3.294379595e-01   2.424931185e-01   7.033544000e-01   3.197173372e+02   3.000000000e+02   9.526647727e-06   0.000000000e+00   1.000000000e+00   
1.614246002e-01   3.294379595e-01   2.514040945e-01   7.292008000e-01   3.207131485e+02   3.000000000e+02   9.845250950e-06   0.000000000e+00   1.000000000e+00   
1.614246002e-01   3.294379595e-01   2.598106768e-01   7.535842000e-01   3.216818940e+02   3.000000000e+02   1.013170729e-05   0.000000000e+00   1.000000000e+00   
1.614246002e-01   3.294379595e-01   2.677413779e-01   7.765873000e-01   3.226205627e+02   3.000000000e+02   1.038770380e-05   0.000000000e+00   1.000000000e+00   
1.614246002e-01   3.294379595e-01   2.752232272e-01   7.982885000e-01   3.235269078e+02   3.000000000e+02   1.061510733e-05   0.000000000e+00   1.000000000e+00   
1.614246002e-01   3.294379595e-01   2.822815308e-01   8.187612000e-01   3.243993140e+02   3.000000000e+02   1.081587282e-05   0.000000000e+00   1.000000000e+00   
1.614246002e-01   3.294379595e-01   2.889403188e-01   8.380751000e-01   3.252367533e+02   3.000000000e+02   1.099198677e-05   0.000000000e+00   1.000000000e+00   
1.614246002e-01   3.294379595e-01   2.952222079e-01   8.562958000e-01   3.260386750e+02   3.000000000e+02   1.114544247e-05   0.000000000e+00   1.000000000e+00   
1.614246002e-01   3.294379595e-01   3.011485048e-01   8.734851000e-01   3.268049331e+02   3.000000000e+02   1.127819789e-05   0.000000000e+00   1.000000000e+00   
1.614246002e-01   3.294379595e-01   3.067393782e-01   8.897015000e-01   3.275357297e+02   3.000000000e+02   1.139213258e-05   0.000000000e+00   1.000000000e+00   
1.614246002e-01   3.294379595e-01   3.120137558e-01   9.049999000e-01   3.282315313e+02   3.000000000e+02   1.148906102e-05   0.000000000e+00   1.000000000e+00   
1.614246002e-01   3.294379595e-01   3.169896000e-01   9.194324000e-01   3.288930421e+02   3.000000000e+02   1.157069804e-05   0.000000000e+00   1.000000000e+00   
1.614246002e-01   3.294379595e-01   3.216837699e-01   9.330479000e-01   3.295211301e+02   3.000000000e+02   1.163864237e-05   0.000000000e+00   1.000000000e+00   
1.614246002e-01   3.294379595e-01   3.261122627e-01   9.458928000e-01   3.301168106e+02   3.000000000e+02   1.169439202e-05   0.000000000e+00   1.000000000e+00   
1.614246002e-01   3.294379595e-01   3.302900756e-01   9.580106000e-01   3.306811852e+02   3.000000000e+02   1.173932289e-05   0.000000000e+00   1.000000000e+00   
1.614246002e-01   3.294379595e-01   3.342314131e-01   9.694425000e-01   3.312154334e+02   3.000000000e+02   1.177470476e-05   0.000000000e+00   1.000000000e+00   
1.614246002e-01   3.294379595e-01   3.379496177e-01   9.802272000e-01   3.317207716e+02   3.000000000e+02   1.180169930e-05   0.000000000e+00   1.000000000e+00   
1.614246002e-01   3.294379595e-01   3.414574112e-01   9.904016000e-01   3.321984591e+02   3.000000000e+02   1.182136110e-05   0.000000000e+00   1.000000000e+00   
1.614246002e-01   3.294379595e-01   3.447666191e-01   1.000000000e+00   3.326497378e+02   6.480000000e+02   1.187192873e-05   0.000000000e+00   1.000000000e+00   

4.574246002e-01   9.335195922e-01   1.000000000e-13   3.103289413e-13   3.317813028e+02   3.000000000e+02   -5.223434978e-22  0.000000000e+00   1.000000000e+00   
4.574246002e-01   9.335195922e-01   2.115783649e-02   6.565889000e-02   3.317813028e+02   3.000000000e+02   4.631376451e-07   0.000000000e+00   1.000000000e+00   
4.574246002e-01   9.335195922e-01   4.111804701e-02   1.276012000e-01   3.319028435e+02   3.000000000e+02   8.943727359e-07   0.000000000e+00   1.000000000e+00   
4.574246002e-01   9.335195922e-01   5.994845315e-02   1.860374000e-01   3.321131175e+02   3.000000000e+02   1.290970663e-06   0.000000000e+00   1.000000000e+00   
4.574246002e-01   9.335195922e-01   7.771299027e-02   2.411659000e-01   3.323894119e+02   3.000000000e+02   1.651999952e-06   0.000000000e+00   1.000000000e+00   
4.574246002e-01   9.335195922e-01   9.447198148e-02   2.931739000e-01   3.327151345e+02   3.000000000e+02   1.977678767e-06   0.000000000e+00   1.000000000e+00   
4.574246002e-01   9.335195922e-01   1.102823341e-01   3.422380000e-01   3.330769250e+02   3.000000000e+02   2.269015585e-06   0.000000000e+00   1.000000000e+00   
4.574246002e-01   9.335195922e-01   1.251977976e-01   3.885250000e-01   3.334637491e+02   3.000000000e+02   2.527564535e-06   0.000000000e+00   1.000000000e+00   
4.574246002e-01   9.335195922e-01   1.392689635e-01   4.321919000e-01   3.338664706e+02   3.000000000e+02   2.755238162e-06   0.000000000e+00   1.000000000e+00   
4.574246002e-01   9.335195922e-01   1.525436519e-01   4.733871000e-01   3.342775776e+02   3.000000000e+02   2.954172157e-06   0.000000000e+00   1.000000000e+00   
4.574246002e-01   9.335195922e-01   1.650669441e-01   5.122505000e-01   3.346909563e+02   3.000000000e+02   3.126615453e-06   0.000000000e+00   1.000000000e+00   
4.574246002e-01   9.335195922e-01   1.768813755e-01   5.489141000e-01   3.351016974e+02   3.000000000e+02   3.274849732e-06   0.000000000e+00   1.000000000e+00   
4.574246002e-01   9.335195922e-01   1.880270327e-01   5.835023000e-01   3.355059211e+02   3.000000000e+02   3.401127749e-06   0.000000000e+00   1.000000000e+00   
4.574246002e-01   9.335195922e-01   1.985418432e-01   6.161328000e-01   3.359006271e+02   3.000000000e+02   3.507630998e-06   0.000000000e+00   1.000000000e+00   
4.574246002e-01   9.335195922e-01   2.084614465e-01   6.469162000e-01   3.362835465e+02   3.000000000e+02   3.596435946e-06   0.000000000e+00   1.000000000e+00   
4.574246002e-01   9.335195922e-01   2.178195811e-01   6.759572000e-01   3.366530298e+02   3.000000000e+02   3.669496156e-06   0.000000000e+00   1.000000000e+00   
4.574246002e-01   9.335195922e-01   2.266480197e-01   7.033544000e-01   3.370079332e+02   3.000000000e+02   3.728628061e-06   0.000000000e+00   1.000000000e+00   
4.574246002e-01   9.335195922e-01   2.349767305e-01   7.292008000e-01   3.373475281e+02   3.000000000e+02   3.775505926e-06   0.000000000e+00   1.000000000e+00   
4.574246002e-01   9.335195922e-01   2.428340060e-01   7.535842000e-01   3.376714236e+02   3.000000000e+02   3.811660907e-06   0.000000000e+00   1.000000000e+00   
4.574246002e-01   9.335195922e-01   2.502464954e-01   7.765873000e-01   3.379794957e+02   3.000000000e+02   3.838483131e-06   0.000000000e+00   1.000000000e+00   
4.574246002e-01   9.335195922e-01   2.572394623e-01   7.982885000e-01   3.382718379e+02   3.000000000e+02   3.857227530e-06   0.000000000e+00   1.000000000e+00   
4.574246002e-01   9.335195922e-01   2.638365589e-01   8.187612000e-01   3.385487006e+02   3.000000000e+02   3.869020044e-06   0.000000000e+00   1.000000000e+00   
4.574246002e-01   9.335195922e-01   2.700602452e-01   8.380751000e-01   3.388104656e+02   3.000000000e+02   3.874866644e-06   0.000000000e+00   1.000000000e+00   
4.574246002e-01   9.335195922e-01   2.759316602e-01   8.562958000e-01   3.390576049e+02   3.000000000e+02   3.875661337e-06   0.000000000e+00   1.000000000e+00   
4.574246002e-01   9.335195922e-01   2.814707182e-01   8.734851000e-01   3.392906553e+02   3.000000000e+02   3.872195525e-06   0.000000000e+00   1.000000000e+00   
4.574246002e-01   9.335195922e-01   2.866962701e-01   8.897015000e-01   3.395102007e+02   3.000000000e+02   3.865167180e-06   0.000000000e+00   1.000000000e+00   
4.574246002e-01   9.335195922e-01   2.916260069e-01   9.049999000e-01   3.397168479e+02   3.000000000e+02   3.855189221e-06   0.000000000e+00   1.000000000e+00   
4.574246002e-01   9.335195922e-01   2.962767172e-01   9.194324000e-01   3.399112214e+02   3.000000000e+02   3.842797828e-06   0.000000000e+00   1.000000000e+00   
4.574246002e-01   9.335195922e-01   3.006641585e-01   9.330479000e-01   3.400939444e+02   3.000000000e+02   3.828461017e-06   0.000000000e+00   1.000000000e+00   
4.574246002e-01   9.335195922e-01   3.048032826e-01   9.458928000e-01   3.402656379e+02   3.000000000e+02   3.812584809e-06   0.000000000e+00   1.000000000e+00   
4.574246002e-01   9.335195922e-01   3.087081069e-01   9.580106000e-01   3.404269069e+02   3.000000000e+02   3.795521283e-06   0.000000000e+00   1.000000000e+00   
4.574246002e-01   9.335195922e-01   3.123919077e-01   9.694425000e-01   3.405783415e+02   3.000000000e+02   3.777573640e-06   0.000000000e+00   1.000000000e+00   
4.574246002e-01   9.335195922e-01   3.158671556e-01   9.802272000e-01   3.407205091e+02   3.000000000e+02   3.759002247e-06   0.000000000e+00   1.000000000e+00   
4.574246002e-01   9.335195922e-01   3.191457412e-01   9.904016000e-01   3.408539595e+02   3.000000000e+02   3.740029141e-06   0.000000000e+00   1.000000000e+00   
4.574246002e-01   9.335195922e-01   3.222387173e-01   1.000000000e+00   3.409792113e+02   6.480000000e+02   3.736349547e-06   0.000000000e+00   9.999999999e-01   

7.454246002e-01   1.521274694e+00   1.000000000e-13   3.420093451e-13   3.407849250e+02   3.000000000e+02   5.918598600e-22   0.000000000e+00   1.000000000e+00   
7.454246002e-01   1.521274694e+00   1.919798126e-02   6.565889000e-02   3.407849250e+02   3.000000000e+02   1.285005727e-07   0.000000000e+00   1.000000000e+00   
7.454246002e-01   1.521274694e+00   3.730927292e-02   1.276012000e-01   3.408146355e+02   3.000000000e+02   2.476854605e-07   0.000000000e+00   1.000000000e+00   
7.454246002e-01   1.521274694e+00   5.439541423e-02   1.860374000e-01   3.408659390e+02   3.000000000e+02   3.564728044e-07   0.000000000e+00   1.000000000e+00   
7.454246002e-01   1.521274694e+00   7.051441822e-02   2.411659000e-01   3.409331567e+02   3.000000000e+02   4.544587637e-07   0.000000000e+00   1.000000000e+00   
7.454246002e-01   1.521274694e+00   8.572102025e-02   2.931739000e-01   3.410121125e+02   3.000000000e+02   5.416751562e-07   0.000000000e+00   1.000000000e+00   
7.454246002e-01   1.521274694e+00   1.000668563e-01   3.422380000e-01   3.410994425e+02   3.000000000e+02   6.184519906e-07   0.000000000e+00   1.000000000e+00   
7.454246002e-01   1.521274694e+00   1.136006970e-01   3.885250000e-01   3.411923805e+02   3.000000000e+02   6.853200585e-07   0.000000000e+00   1.000000000e+00   
7.454246002e-01   1.521274694e+00   1.263684476e-01   4.321919000e-01   3.412886542e+02   3.000000000e+02   7.429377503e-07   0.000000000e+00   1.000000000e+00   
7.454246002e-01   1.521274694e+00   1.384134986e-01   4.733871000e-01   3.413864159e+02   3.000000000e+02   7.920367298e-07   0.000000000e+00   1.000000000e+00   
7.454246002e-01   1.521274694e+00   1.497767553e-01   5.122505000e-01   3.414841827e+02   3.000000000e+02   8.333796814e-07   0.000000000e+00   1.000000000e+00   
7.454246002e-01   1.521274694e+00   1.604968133e-01   5.489141000e-01   3.415807851e+02   3.000000000e+02   8.677308715e-07   0.000000000e+00   1.000000000e+00   
7.454246002e-01   1.521274694e+00   1.706100457e-01   5.835023000e-01   3.416753184e+02   3.000000000e+02   8.958340006e-07   0.000000000e+00   1.000000000e+00   
7.454246002e-01   1.521274694e+00   1.801508669e-01   6.161328000e-01   3.417671020e+02   3.000000000e+02   9.183977440e-07   0.000000000e+00   1.000000000e+00   
7.454246002e-01   1.521274694e+00   1.891516151e-01   6.469162000e-01   3.418556394e+02   3.000000000e+02   9.360858981e-07   0.000000000e+00   1.000000000e+00   
7.454246002e-01   1.521274694e+00   1.976429035e-01   6.759572000e-01   3.419405875e+02   3.000000000e+02   9.495124954e-07   0.000000000e+00   1.000000000e+00   
7.454246002e-01   1.521274694e+00   2.056535618e-01   7.033544000e-01   3.420217265e+02   3.000000000e+02   9.592392716e-07   0.000000000e+00   1.000000000e+00   
7.454246002e-01   1.521274694e+00   2.132107822e-01   7.292008000e-01   3.420989359e+02   3.000000000e+02   9.657750942e-07   0.000000000e+00   1.000000000e+00   
7.454246002e-01   1.521274694e+00   2.203402365e-01   7.535842000e-01   3.421721742e+02   3.000000000e+02   9.695776730e-07   0.000000000e+00   1.000000000e+00   
7.454246002e-01   1.521274694e+00   2.270661054e-01   7.765873000e-01   3.422414610e+02   3.000000000e+02   9.710558329e-07   0.000000000e+00   1.000000000e+00   
7.454246002e-01   1.521274694e+00   2.334113121e-01   7.982885000e-01   3.423068641e+02   3.000000000e+02   9.705724132e-07   0.000000000e+00   1.000000000e+00   
7.454246002e-01   1.521274694e+00   2.393973181e-01   8.187612000e-01   3.423684850e+02   3.000000000e+02   9.684478954e-07   0.000000000e+00   1.000000000e+00   
7.454246002e-01   1.521274694e+00   2.450445030e-01   8.380751000e-01   3.424264520e+02   3.000000000e+02   9.649636948e-07   0.000000000e+00   1.000000000e+00   
7.454246002e-01   1.521274694e+00   2.503720475e-01   8.562958000e-01   3.424809110e+02   3.000000000e+02   9.603659263e-07   0.000000000e+00   1.000000000e+00   
7.454246002e-01   1.521274694e+00   2.553980213e-01   8.734851000e-01   3.425320191e+02   3.000000000e+02   9.548688509e-07   0.000000000e+00   1.000000000e+00   
7.454246002e-01   1.521274694e+00   2.601395291e-01   8.897015000e-01   3.425799406e+02   3.000000000e+02   9.486580511e-07   0.000000000e+00   1.000000000e+00   
7.454246002e-01   1.521274694e+00   2.646126233e-01   9.049999000e-01   3.426248418e+02   3.000000000e+02   9.418938279e-07   0.000000000e+00   1.000000000e+00   
7.454246002e-01   1.521274694e+00   2.688325372e-01   9.194324000e-01   3.426668896e+02   3.000000000e+02   9.347137155e-07   0.000000000e+00   1.000000000e+00   
7.454246002e-01   1.521274694e+00   2.728135688e-01   9.330479000e-01   3.427062477e+02   3.000000000e+02   9.272354377e-07   0.000000000e+00   1.000000000e+00   
7.454246002e-01   1.521274694e+00   2.765692849e-01   9.458928000e-01   3.427430764e+02   3.000000000e+02   9.195590134e-07   0.000000000e+00   1.000000000e+00   
7.454246002e-01   1.521274694e+00   2.801124044e-01   9.580106000e-01   3.427775296e+02   3.000000000e+02   9.117692241e-07   0.000000000e+00   1.000000000e+00   
7.454246002e-01   1.521274694e+00   2.834549739e-01   9.694425000e-01   3.428097557e+02   3.000000000e+02   9.039373101e-07   0.000000000e+00   1.000000000e+00   
7.454246002e-01   1.521274694e+00   2.866083088e-01   9.802272000e-01   3.428398957e+02   3.000000000e+02   8.961229067e-07   0.000000000e+00   9.999999991e-01   
7.454246002e-01   1.521274694e+00   2.895831983e-01   9.904016000e-01   3.428680844e+02   3.000000000e+02   8.883751627e-07   0.000000000e+00   1.000000015e+00   
7.454246002e-01   1.521274694e+00   2.923896713e-01   1.000000000e+00   3.428944483e+02   6.480000000e+02   8.849778018e-07   0.000000000e+00   1.000000000e+00   

1.045424600e+00   2.133519592e+00   1.000000000e-13   3.901845306e-13   3.429103570e+02   3.000000000e+02   8.403328360e-22   0.000000000e+00   1.000000000e+00   
1.045424600e+00   2.133519592e+00   1.682765073e-02   6.565889000e-02   3.429103570e+02   3.000000000e+02   1.199435682e-08   0.000000000e+00   1.000000000e+00   
1.045424600e+00   2.133519592e+00   3.270278291e-02   1.276012000e-01   3.429127707e+02   3.000000000e+02   2.291625088e-08   0.000000000e+00   1.000000000e+00   
1.045424600e+00   2.133519592e+00   4.767933770e-02   1.860374000e-01   3.429169001e+02   3.000000000e+02   3.251720833e-08   0.000000000e+00   1.000000000e+00   
1.045424600e+00   2.133519592e+00   6.180816539e-02   2.411659000e-01   3.429222318e+02   3.000000000e+02   4.068263384e-08   0.000000000e+00   1.000000000e+00   
1.045424600e+00   2.133519592e+00   7.513724328e-02   2.931739000e-01   3.429283757e+02   3.000000000e+02   4.738465308e-08   0.000000000e+00   1.000000000e+00   
1.045424600e+00   2.133519592e+00   8.771183200e-02   3.422380000e-01   3.429350147e+02   3.000000000e+02   5.265541015e-08   0.000000000e+00   1.000000000e+00   
1.045424600e+00   2.133519592e+00   9.957468057e-02   3.885250000e-01   3.429418899e+02   3.000000000e+02   5.656710665e-08   0.000000000e+00   1.000000000e+00   
1.045424600e+00   2.133519592e+00   1.107660263e-01   4.321919000e-01   3.429487937e+02   3.000000000e+02   5.921873596e-08   0.000000000e+00   1.000000000e+00   
1.045424600e+00   2.133519592e+00   1.213239026e-01   4.733871000e-01   3.429555635e+02   3.000000000e+02   6.072426717e-08   0.000000000e+00   1.000000000e+00   
1.045424600e+00   2.133519592e+00   1.312841642e-01   5.122505000e-01   3.429620758e+02   3.000000000e+02   6.120495372e-08   0.000000000e+00   1.000000000e+00   
1.045424600e+00   2.133519592e+00   1.406806413e-01   5.489141000e-01   3.429682404e+02   3.000000000e+02   6.078350094e-08   0.000000000e+00   1.000000000e+00   
1.045424600e+00   2.133519592e+00   1.495452162e-01   5.835023000e-01   3.429739956e+02   3.000000000e+02   5.958089762e-08   0.000000000e+00   1.000000000e+00   
1.045424600e+00   2.133519592e+00   1.579080542e-01   6.161328000e-01   3.429793028e+02   3.000000000e+02   5.771417024e-08   0.000000000e+00   1.000000000e+00   
1.045424600e+00   2.133519592e+00   1.657975007e-01   6.469162000e-01   3.429841427e+02   3.000000000e+02   5.529262873e-08   0.000000000e+00   1.000000000e+00   
1.045424600e+00   2.133519592e+00   1.732403893e-01   6.759572000e-01   3.429885110e+02   3.000000000e+02   5.241261198e-08   0.000000000e+00   1.000000000e+00   
1.045424600e+00   2.133519592e+00   1.802619901e-01   7.033544000e-01   3.429924140e+02   3.000000000e+02   4.915640904e-08   0.000000000e+00   1.000000000e+00   
1.045424600e+00   2.133519592e+00   1.868861379e-01   7.292008000e-01   3.429958651e+02   3.000000000e+02   4.559282996e-08   0.000000000e+00   1.000000000e+00   
1.045424600e+00   2.133519592e+00   1.931353349e-01   7.535842000e-01   3.429988829e+02   3.000000000e+02   4.179138021e-08   0.000000000e+00   1.000000000e+00   
1.045424600e+00   2.133519592e+00   1.990307762e-01   7.765873000e-01   3.430014906e+02   3.000000000e+02   3.783778544e-08   0.000000000e+00   1.000000000e+00   
1.045424600e+00   2.133519592e+00   2.045925549e-01   7.982885000e-01   3.430037187e+02   3.000000000e+02   3.383462726e-08   0.000000000e+00   1.000000000e+00   
1.045424600e+00   2.133519592e+00   2.098394825e-01   8.187612000e-01   3.430056049e+02   3.000000000e+02   2.987944238e-08   0.000000000e+00   1.000000000e+00   
1.045424600e+00   2.133519592e+00   2.147894225e-01   8.380751000e-01   3.430071910e+02   3.000000000e+02   2.601306333e-08   0.000000000e+00   1.000000000e+00   
1.045424600e+00   2.133519592e+00   2.194591873e-01   8.562958000e-01   3.430085148e+02   3.000000000e+02   2.216751369e-08   0.000000000e+00   1.000000000e+00   
1.045424600e+00   2.133519592e+00   2.238646157e-01   8.734851000e-01   3.430095987e+02   3.000000000e+02   1.816342376e-08   0.000000000e+00   1.000000000e+00   
1.045424600e+00   2.133519592e+00   2.280207005e-01   8.897015000e-01   3.430104436e+02   3.000000000e+02   1.379179130e-08   0.000000000e+00   1.000000000e+00   
1.045424600e+00   2.133519592e+00   2.319415120e-01   9.049999000e-01   3.430110328e+02   3.000000000e+02   8.999662102e-09   0.000000000e+00   1.000000000e+00   
1.045424600e+00   2.133519592e+00   2.356404029e-01   9.194324000e-01   3.430113533e+02   3.000000000e+02   4.105024655e-09   0.000000000e+00   1.000000000e+00   
1.045424600e+00   2.133519592e+00   2.391299057e-01   9.330479000e-01   3.430114267e+02   3.000000000e+02   -9.654647845e-11  0.000000000e+00   1.000000000e+00   
1.045424600e+00   2.133519592e+00   2.424219121e-01   9.458928000e-01   3.430113379e+02   3.000000000e+02   -2.519752110e-09  0.000000000e+00   1.000000000e+00   
1.045424600e+00   2.133519592e+00   2.455275709e-01   9.580106000e-01   3.430112368e+02   3.000000000e+02   -2.459475829e-09  0.000000000e+00   1.000000000e+00   
1.045424600e+00   2.133519592e+00   2.484574410e-01   9.694425000e-01   3.430112915e+02   3.000000000e+02   -8.797336142e-10  0.000000000e+00   1.000000000e+00   
1.045424600e+00   2.133519592e+00   2.512214409e-01   9.802272000e-01   3.430115698e+02   3.000000000e+02   -2.288125583e-09  0.000000000e+00   9.999999988e-01   
1.045424600e+00   2.133519592e+00   2.538290276e-01   9.904016000e-01   3.430118462e+02   3.000000000e+02   -1.707227190e-08  0.000000000e+00   1.000000015e+00   
1.045424600e+00   2.133519592e+00   2.562889919e-01   1.000000000e+00   3.430113447e+02   6.480000000e+02   -1.954890888e-08  0.000000000e+00   1.000000003e+00   

1.345424600e+00   2.745764490e+00   1.000000000e-13   4.647362550e-13   3.427048323e+02   3.000000000e+02   1.133664500e-22   0.000000000e+00   1.000000000e+00   
1.345424600e+00   2.745764490e+00   1.412820482e-02   6.565889000e-02   3.427048323e+02   3.000000000e+02   -1.368929016e-08  0.000000000e+00   1.000000000e+00   
1.345424600e+00   2.745764490e+00   2.745669154e-02   1.276012000e-01   3.427025182e+02   3.000000000e+02   -2.663653513e-08  0.000000000e+00   1.000000000e+00   
1.345424600e+00   2.745764490e+00   4.003074819e-02   1.860374000e-01   3.426984820e+02   3.000000000e+02   -3.890942913e-08  0.000000000e+00   1.000000000e+00   
1.345424600e+00   2.745764490e+00   5.189306782e-02   2.411659000e-01   3.426931117e+02   3.000000000e+02   -5.056159884e-08  0.000000000e+00   1.000000000e+00   
1.345424600e+00   2.745764490e+00   6.308393133e-02   2.931739000e-01   3.426866791e+02   3.000000000e+02   -6.163678336e-08  0.000000000e+00   1.000000000e+00   
1.345424600e+00   2.745764490e+00   7.364133878e-02   3.422380000e-01   3.426793998e+02   3.000000000e+02   -7.217126656e-08  0.000000000e+00   1.000000000e+00   
1.345424600e+00   2.745764490e+00   8.360118149e-02   3.885250000e-01   3.426714533e+02   3.000000000e+02   -8.219575532e-08  0.000000000e+00   1.000000000e+00   
1.345424600e+00   2.745764490e+00   9.299724205e-02   4.321919000e-01   3.426629915e+02   3.000000000e+02   -9.173662079e-08  0.000000000e+00   1.000000000e+00   
1.345424600e+00   2.745764490e+00   1.018614526e-01   4.733871000e-01   3.426541447e+02   3.000000000e+02   -1.008170957e-07  0.000000000e+00   1.000000000e+00   
1.345424600e+00   2.745764490e+00   1.102239161e-01   5.122505000e-01   3.426450242e+02   3.000000000e+02   -1.094580059e-07  0.000000000e+00   1.000000000e+00   
1.345424600e+00   2.745764490e+00   1.181130360e-01   5.489141000e-01   3.426357258e+02   3.000000000e+02   -1.176784430e-07  0.000000000e+00   1.000000000e+00   
1.345424600e+00   2.745764490e+00   1.255555799e-01   5.835023000e-01   3.426263313e+02   3.000000000e+02   -1.254961444e-07  0.000000000e+00   1.000000000e+00   
1.345424600e+00   2.745764490e+00   1.325768742e-01   6.161328000e-01   3.426169107e+02   3.000000000e+02   -1.329279489e-07  0.000000000e+00   1.000000000e+00   
1.345424600e+00   2.745764490e+00   1.392007172e-01   6.469162000e-01   3.426075232e+02   3.000000000e+02   -1.399898508e-07  0.000000000e+00   1.000000000e+00   
1.345424600e+00   2.745764490e+00   1.454496379e-01   6.759572000e-01   3.425982191e+02   3.000000000e+02   -1.466973934e-07  0.000000000e+00   1.000000000e+00   
1.345424600e+00   2.745764490e+00   1.513448526e-01   7.033544000e-01   3.425890404e+02   3.000000000e+02   -1.530655509e-07  0.000000000e+00   1.000000000e+00   
1.345424600e+00   2.745764490e+00   1.569063726e-01   7.292008000e-01   3.425800220e+02   3.000000000e+02   -1.591087147e-07  0.000000000e+00   1.000000000e+00   
1.345424600e+00   2.745764490e+00   1.621530905e-01   7.535842000e-01   3.425711926e+02   3.000000000e+02   -1.648407204e-07  0.000000000e+00   1.000000000e+00   
1.345424600e+00   2.745764490e+00   1.671028011e-01   7.765873000e-01   3.425625754e+02   3.000000000e+02   -1.702751874e-07  0.000000000e+00   1.000000000e+00   
1.345424600e+00   2.745764490e+00   1.717723744e-01   7.982885000e-01   3.425541888e+02   3.000000000e+02   -1.754262920e-07  0.000000000e+00   1.000000000e+00   
1.345424600e+00   2.745764490e+00   1.761776042e-01   8.187612000e-01   3.425460471e+02   3.000000000e+02   -1.803083391e-07  0.000000000e+00   1.000000000e+00   
1.345424600e+00   2.745764490e+00   1.803334883e-01   8.380751000e-01   3.425381606e+02   3.000000000e+02   -1.849342839e-07  0.000000000e+00   1.000000000e+00   
1.345424600e+00   2.745764490e+00   1.842541422e-01   8.562958000e-01   3.425305366e+02   3.000000000e+02   -1.893132126e-07  0.000000000e+00   1.000000000e+00   
1.345424600e+00   2.745764490e+00   1.879528637e-01   8.734851000e-01   3.425231802e+02   3.000000000e+02   -1.934505745e-07  0.000000000e+00   1.000000000e+00   
1.345424600e+00   2.745764490e+00   1.914422407e-01   8.897015000e-01   3.425160942e+02   3.000000000e+02   -1.973549700e-07  0.000000000e+00   1.000000000e+00   
1.345424600e+00   2.745764490e+00   1.947340863e-01   9.049999000e-01   3.425092799e+02   3.000000000e+02   -2.010482469e-07  0.000000000e+00   1.000000000e+00   
1.345424600e+00   2.745764490e+00   1.978396112e-01   9.194324000e-01   3.425027357e+02   3.000000000e+02   -2.045689166e-07  0.000000000e+00   1.000000000e+00   
1.345424600e+00   2.745764490e+00   2.007693374e-01   9.330479000e-01   3.424964570e+02   3.000000000e+02   -2.079514868e-07  0.000000000e+00   1.000000000e+00   
1.345424600e+00   2.745764490e+00   2.035332492e-01   9.458928000e-01   3.424904368e+02   3.000000000e+02   -2.111774284e-07  0.000000000e+00   1.000000000e+00   
1.345424600e+00   2.745764490e+00   2.061407066e-01   9.580106000e-01   3.424846696e+02   3.000000000e+02   -2.141309435e-07  0.000000000e+00   1.000000000e+00   
1.345424600e+00   2.745764490e+00   2.086005750e-01   9.694425000e-01   3.424791558e+02   3.000000000e+02   -2.166540652e-07  0.000000000e+00   1.000000000e+00   
1.345424600e+00   2.745764490e+00   2.109211815e-01   9.802272000e-01   3.424739028e+02   3.000000000e+02   -2.188654624e-07  0.000000000e+00   9.999999989e-01   
1.345424600e+00   2.745764490e+00   2.131104663e-01   9.904016000e-01   3.424689090e+02   3.000000000e+02   -2.219964419e-07  0.000000000e+00   1.000000015e+00   
1.345424600e+00   2.745764490e+00   2.151758098e-01   1.000000000e+00   3.424641173e+02   6.480000000e+02   -2.252391759e-07  0.000000000e+00   1.000000000e+00   

1.645424600e+00   3.358009388e+00   1.000000000e-13   6.007963736e-13   3.418011755e+02   3.000000000e+02   9.904297995e-23   0.000000000e+00   1.000000000e+00   
1.645424600e+00   3.358009388e+00   1.092864286e-02   6.565889000e-02   3.418011755e+02   3.000000000e+02   -1.845745498e-08  0.000000000e+00   1.000000000e+00   
1.645424600e+00   3.358009388e+00   2.123867680e-02   1.276012000e-01   3.417987546e+02   3.000000000e+02   -3.586062968e-08  0.000000000e+00   1.000000000e+00   
1.645424600e+00   3.358009388e+00   3.096513364e-02   1.860374000e-01   3.417945387e+02   3.000000000e+02   -5.226160694e-08  0.000000000e+00   1.000000000e+00   
1.645424600e+00   3.358009388e+00   4.014103790e-02   2.411659000e-01   3.417889429e+02   3.000000000e+02   -6.771213736e-08  0.000000000e+00   1.000000000e+00   
1.645424600e+00   3.358009388e+00   4.879754820e-02   2.931739000e-01   3.417822603e+02   3.000000000e+02   -8.226281103e-08  0.000000000e+00   1.000000000e+00   
1.645424600e+00   3.358009388e+00   5.696405888e-02   3.422380000e-01   3.417747242e+02   3.000000000e+02   -9.596265594e-08  0.000000000e+00   1.000000000e+00   
1.645424600e+00   3.358009388e+00   6.466833308e-02   3.885250000e-01   3.417665281e+02   3.000000000e+02   -1.088588894e-07  0.000000000e+00   1.000000000e+00   
1.645424600e+00   3.358009388e+00   7.193650278e-02   4.321919000e-01   3.417578353e+02   3.000000000e+02   -1.209967273e-07  0.000000000e+00   1.000000000e+00   
1.645424600e+00   3.358009388e+00   7.879326854e-02   4.733871000e-01   3.417487840e+02   3.000000000e+02   -1.324194493e-07  0.000000000e+00   1.000000000e+00   
1.645424600e+00   3.358009388e+00   8.526191610e-02   5.122505000e-01   3.417394914e+02   3.000000000e+02   -1.431682811e-07  0.000000000e+00   1.000000000e+00   
1.645424600e+00   3.358009388e+00   9.136441632e-02   5.489141000e-01   3.417300569e+02   3.000000000e+02   -1.532824212e-07  0.000000000e+00   1.000000000e+00   
1.645424600e+00   3.358009388e+00   9.712147504e-02   5.835023000e-01   3.417205642e+02   3.000000000e+02   -1.627990066e-07  0.000000000e+00   1.000000000e+00   
1.645424600e+00   3.358009388e+00   1.025526829e-01   6.161328000e-01   3.417110835e+02   3.000000000e+02   -1.717533147e-07  0.000000000e+00   1.000000000e+00   
1.645424600e+00   3.358009388e+00   1.076764489e-01   6.469162000e-01   3.417016735e+02   3.000000000e+02   -1.801785370e-07  0.000000000e+00   1.000000000e+00   
1.645424600e+00   3.358009388e+00   1.125101997e-01   6.759572000e-01   3.416923827e+02   3.000000000e+02   -1.881061385e-07  0.000000000e+00   1.000000000e+00   
1.645424600e+00   3.358009388e+00   1.170703471e-01   7.033544000e-01   3.416832511e+02   3.000000000e+02   -1.955656971e-07  0.000000000e+00   1.000000000e+00   
1.645424600e+00   3.358009388e+00   1.213723704e-01   7.292008000e-01   3.416743108e+02   3.000000000e+02   -2.025850670e-07  0.000000000e+00   1.000000000e+00   
1.645424600e+00   3.358009388e+00   1.254308836e-01   7.535842000e-01   3.416655878e+02   3.000000000e+02   -2.091904553e-07  0.000000000e+00   1.000000000e+00   
1.645424600e+00   3.358009388e+00   1.292596517e-01   7.765873000e-01   3.416571022e+02   3.000000000e+02   -2.154064591e-07  0.000000000e+00   1.000000000e+00   
1.645424600e+00   3.358009388e+00   1.328717241e-01   7.982885000e-01   3.416488694e+02   3.000000000e+02   -2.212564024e-07  0.000000000e+00   1.000000000e+00   
1.645424600e+00   3.358009388e+00   1.362793179e-01   8.187612000e-01   3.416409007e+02   3.000000000e+02   -2.267621465e-07  0.000000000e+00   1.000000000e+00   
1.645424600e+00   3.358009388e+00   1.394940344e-01   8.380751000e-01   3.416332037e+02   3.000000000e+02   -2.319443079e-07  0.000000000e+00   1.000000000e+00   
1.645424600e+00   3.358009388e+00   1.425267924e-01   8.562958000e-01   3.416257833e+02   3.000000000e+02   -2.368219586e-07  0.000000000e+00   1.000000000e+00   
1.645424600e+00   3.358009388e+00   1.453878782e-01   8.734851000e-01   3.416186416e+02   3.000000000e+02   -2.414128236e-07  0.000000000e+00   1.000000000e+00   
1.645424600e+00   3.358009388e+00   1.480870290e-01   8.897015000e-01   3.416117787e+02   3.000000000e+02   -2.457340627e-07  0.000000000e+00   1.000000000e+00   
1.645424600e+00   3.358009388e+00   1.506333826e-01   9.049999000e-01   3.416051930e+02   3.000000000e+02   -2.498028304e-07  0.000000000e+00   1.000000000e+00   
1.645424600e+00   3.358009388e+00   1.530356108e-01   9.194324000e-01   3.415988811e+02   3.000000000e+02   -2.536360397e-07  0.000000000e+00   1.000000000e+00   
1.645424600e+00   3.358009388e+00   1.553018528e-01   9.330479000e-01   3.415928385e+02   3.000000000e+02   -2.572481093e-07  0.000000000e+00   1.000000000e+00   
1.645424600e+00   3.358009388e+00   1.574398318e-01   9.458928000e-01   3.415870597e+02   3.000000000e+02   -2.606490917e-07  0.000000000e+00   1.000000000e+00   
1.645424600e+00   3.358009388e+00   1.594567880e-01   9.580106000e-01   3.415815385e+02   3.000000000e+02   -2.638466238e-07  0.000000000e+00   1.000000000e+00   
1.645424600e+00   3.358009388e+00   1.613595792e-01   9.694425000e-01   3.415762682e+02   3.000000000e+02   -2.668544287e-07  0.000000000e+00   1.000000000e+00   
1.645424600e+00   3.358009388e+00   1.631546466e-01   9.802272000e-01   3.415712418e+02   3.000000000e+02   -2.696986010e-07  0.000000000e+00   9.999999992e-01   
1.645424600e+00   3.358009388e+00   1.648481322e-01   9.904016000e-01   3.415664511e+02   3.000000000e+02   -2.723912871e-07  0.000000000e+00   1.000000015e+00   
1.645424600e+00   3.358009388e+00   1.664457450e-01   1.000000000e+00   3.415618876e+02   6.480000000e+02   -2.759318620e-07  0.000000000e+00   1.000000000e+00   

1.945424600e+00   3.970254286e+00   1.000000000e-13   9.909556161e-13   3.401956403e+02   3.000000000e+02   3.315235589e-21   0.000000000e+00   1.000000000e+00   
1.945424600e+00   3.970254286e+00   6.625815418e-03   6.565889000e-02   3.401956403e+02   3.000000000e+02   -2.326753853e-08  0.000000000e+00   1.000000000e+00   
1.945424600e+00   3.970254286e+00   1.287658074e-02   1.276012000e-01   3.401937798e+02   3.000000000e+02   -4.520845370e-08  0.000000000e+00   1.000000000e+00   
1.945424600e+00   3.970254286e+00   1.877353506e-02   1.860374000e-01   3.401905399e+02   3.000000000e+02   -6.588813976e-08  0.000000000e+00   1.000000000e+00   
1.945424600e+00   3.970254286e+00   2.433670046e-02   2.411659000e-01   3.401862392e+02   3.000000000e+02   -8.537266771e-08  0.000000000e+00   1.000000000e+00   
1.945424600e+00   3.970254286e+00   2.958496781e-02   2.931739000e-01   3.401811029e+02   3.000000000e+02   -1.037272931e-07  0.000000000e+00   1.000000000e+00   
1.945424600e+00   3.970254286e+00   3.453615827e-02   3.422380000e-01   3.401753101e+02   3.000000000e+02   -1.210132140e-07  0.000000000e+00   1.000000000e+00   
1.945424600e+00   3.970254286e+00   3.920710410e-02   3.885250000e-01   3.401690095e+02   3.000000000e+02   -1.372887221e-07  0.000000000e+00   1.000000000e+00   
1.945424600e+00   3.970254286e+00   4.361364858e-02   4.321919000e-01   3.401623264e+02   3.000000000e+02   -1.526098051e-07  0.000000000e+00   1.000000000e+00   
1.945424600e+00   3.970254286e+00   4.777076716e-02   4.733871000e-01   3.401553673e+02   3.000000000e+02   -1.670303973e-07  0.000000000e+00   1.000000000e+00   
1.945424600e+00   3.970254286e+00   5.169257752e-02   5.122505000e-01   3.401482223e+02   3.000000000e+02   -1.806010896e-07  0.000000000e+00   1.000000000e+00   
1.945424600e+00   3.970254286e+00   5.539240013e-02   5.489141000e-01   3.401409678e+02   3.000000000e+02   -1.933733819e-07  0.000000000e+00   1.000000000e+00   
1.945424600e+00   3.970254286e+00   5.888278854e-02   5.835023000e-01   3.401336680e+02   3.000000000e+02   -2.053959581e-07  0.000000000e+00   1.000000000e+00   
1.945424600e+00   3.970254286e+00   6.217562018e-02   6.161328000e-01   3.401263768e+02   3.000000000e+02   -2.167154515e-07  0.000000000e+00   1.000000000e+00   
1.945424600e+00   3.970254286e+00   6.528205598e-02   6.469162000e-01   3.401191391e+02   3.000000000e+02   -2.273718113e-07  0.000000000e+00   1.000000000e+00   
1.945424600e+00   3.970254286e+00   6.821266150e-02   6.759572000e-01   3.401119922e+02   3.000000000e+02   -2.374008499e-07  0.000000000e+00   1.000000000e+00   
1.945424600e+00   3.970254286e+00   7.097738673e-02   7.033544000e-01   3.401049669e+02   3.000000000e+02   -2.468363795e-07  0.000000000e+00   1.000000000e+00   
1.945424600e+00   3.970254286e+00   7.358561657e-02   7.292008000e-01   3.400980886e+02   3.000000000e+02   -2.557111975e-07  0.000000000e+00   1.000000000e+00   
1.945424600e+00   3.970254286e+00   7.604621113e-02   7.535842000e-01   3.400913775e+02   3.000000000e+02   -2.640476136e-07  0.000000000e+00   1.000000000e+00   
1.945424600e+00   3.970254286e+00   7.836751590e-02   7.765873000e-01   3.400848497e+02   3.000000000e+02   -2.718589305e-07  0.000000000e+00   1.000000000e+00   
1.945424600e+00   3.970254286e+00   8.055744244e-02   7.982885000e-01   3.400785185e+02   3.000000000e+02   -2.791900491e-07  0.000000000e+00   1.000000000e+00   
1.945424600e+00   3.970254286e+00   8.262339773e-02   8.187612000e-01   3.400723927e+02   3.000000000e+02   -2.861591047e-07  0.000000000e+00   1.000000000e+00   
1.945424600e+00   3.970254286e+00   8.457241539e-02   8.380751000e-01   3.400664745e+02   3.000000000e+02   -2.929042537e-07  0.000000000e+00   1.000000000e+00   
1.945424600e+00   3.970254286e+00   8.641111530e-02   8.562958000e-01   3.400607600e+02   3.000000000e+02   -2.993974919e-07  0.000000000e+00   1.000000000e+00   
1.945424600e+00   3.970254286e+00   8.814573386e-02   8.734851000e-01   3.400552475e+02   3.000000000e+02   -3.053341731e-07  0.000000000e+00   1.000000000e+00   
1.945424600e+00   3.970254286e+00   8.978217445e-02   8.897015000e-01   3.400499466e+02   3.000000000e+02   -3.104346548e-07  0.000000000e+00   1.000000000e+00   
1.945424600e+00   3.970254286e+00   9.132597720e-02   9.049999000e-01   3.400448740e+02   3.000000000e+02   -3.150641414e-07  0.000000000e+00   1.000000000e+00   
1.945424600e+00   3.970254286e+00   9.278239964e-02   9.194324000e-01   3.400400302e+02   3.000000000e+02   -3.203554570e-07  0.000000000e+00   1.000000000e+00   
1.945424600e+00   3.970254286e+00   9.415637642e-02   9.330479000e-01   3.400353805e+02   3.000000000e+02   -3.268819758e-07  0.000000000e+00   1.000000000e+00   
1.945424600e+00   3.970254286e+00   9.545258987e-02   9.458928000e-01   3.400308795e+02   3.000000000e+02   -3.326012622e-07  0.000000000e+00   1.000000000e+00   
1.945424600e+00   3.970254286e+00   9.667542970e-02   9.580106000e-01   3.400265446e+02   3.000000000e+02   -3.333839623e-07  0.000000000e+00   1.000000000e+00   
1.945424600e+00   3.970254286e+00   9.782905352e-02   9.694425000e-01   3.400224923e+02   3.000000000e+02   -3.295700357e-07  0.000000000e+00   1.000000000e+00   
1.945424600e+00   3.970254286e+00   9.891736664e-02   9.802272000e-01   3.400188083e+02   3.000000000e+02   -3.329465358e-07  0.000000000e+00   9.999999997e-01   
1.945424600e+00   3.970254286e+00   9.994409274e-02   9.904016000e-01   3.400152979e+02   3.000000000e+02   -3.451361284e-07  0.000000000e+00   1.000000015e+00   
1.945424600e+00   3.970254286e+00   1.009126931e-01   1.000000000e+00   3.400117648e+02   6.480000000e+02   -3.514219583e-07  0.000000000e+00   1.000000000e+00   

